[2021-01-18 09:24:10] local.ERROR: ErrorException: Trying to get property 'data_role' of non-object in /home/srt/domains/api1.suratec.co.th/private_html/app/Channels.php:39
Stack trace:
#0 /home/srt/domains/api1.suratec.co.th/private_html/app/Channels.php(39): Laravel\Lumen\Application->Laravel\Lumen\Concerns\{closure}(8, 'Trying to get p...', '/home/srt/domai...', 39, Array)
#1 /home/srt/domains/api1.suratec.co.th/private_html/vendor/illuminate/database/Eloquent/Concerns/HasAttributes.php(452): App\Channels->getRecieverIdAttribute('a189461b0f8fd5d...')
#2 /home/srt/domains/api1.suratec.co.th/private_html/vendor/illuminate/database/Eloquent/Concerns/HasAttributes.php(464): Illuminate\Database\Eloquent\Model->mutateAttribute('reciever_id', 'a189461b0f8fd5d...')
#3 /home/srt/domains/api1.suratec.co.th/private_html/vendor/illuminate/database/Eloquent/Concerns/HasAttributes.php(159): Illuminate\Database\Eloquent\Model->mutateAttributeForArray('reciever_id', 'a189461b0f8fd5d...')
#4 /home/srt/domains/api1.suratec.co.th/private_html/vendor/illuminate/database/Eloquent/Concerns/HasAttributes.php(97): Illuminate\Database\Eloquent\Model->addMutatedAttributesToArray(Array, Array)
#5 /home/srt/domains/api1.suratec.co.th/private_html/vendor/illuminate/database/Eloquent/Model.php(1088): Illuminate\Database\Eloquent\Model->attributesToArray()
#6 /home/srt/domains/api1.suratec.co.th/private_html/vendor/illuminate/database/Eloquent/Model.php(1117): Illuminate\Database\Eloquent\Model->toArray()
#7 [internal function]: Illuminate\Database\Eloquent\Model->jsonSerialize()
#8 /home/srt/domains/api1.suratec.co.th/private_html/vendor/illuminate/http/JsonResponse.php(71): json_encode(Array, 0)
#9 /home/srt/domains/api1.suratec.co.th/private_html/vendor/symfony/http-foundation/JsonResponse.php(50): Illuminate\Http\JsonResponse->setData(Array)
#10 /home/srt/domains/api1.suratec.co.th/private_html/vendor/illuminate/http/JsonResponse.php(31): Symfony\Component\HttpFoundation\JsonResponse->__construct(Array, 201, Array)
#11 /home/srt/domains/api1.suratec.co.th/private_html/vendor/laravel/lumen-framework/src/Http/ResponseFactory.php(40): Illuminate\Http\JsonResponse->__construct(Array, 201, Array, 0)
#12 /home/srt/domains/api1.suratec.co.th/private_html/app/Http/Controllers/ChatController.php(164): Laravel\Lumen\Http\ResponseFactory->json(Array, 201)
#13 [internal function]: App\Http\Controllers\ChatController->insertChannel(Object(Laravel\Lumen\Http\Request))
#14 /home/srt/domains/api1.suratec.co.th/private_html/vendor/illuminate/container/BoundMethod.php(32): call_user_func_array(Array, Array)
#15 /home/srt/domains/api1.suratec.co.th/private_html/vendor/illuminate/container/BoundMethod.php(90): Illuminate\Container\BoundMethod::Illuminate\Container\{closure}()
#16 /home/srt/domains/api1.suratec.co.th/private_html/vendor/illuminate/container/BoundMethod.php(34): Illuminate\Container\BoundMethod::callBoundMethod(Object(Laravel\Lumen\Application), Array, Object(Closure))
#17 /home/srt/domains/api1.suratec.co.th/private_html/vendor/illuminate/container/Container.php(576): Illuminate\Container\BoundMethod::call(Object(Laravel\Lumen\Application), Array, Array, NULL)
#18 /home/srt/domains/api1.suratec.co.th/private_html/vendor/laravel/lumen-framework/src/Concerns/RoutesRequests.php(376): Illuminate\Container\Container->call(Array, Array)
#19 /home/srt/domains/api1.suratec.co.th/private_html/vendor/laravel/lumen-framework/src/Concerns/RoutesRequests.php(342): Laravel\Lumen\Application->callControllerCallable(Array, Array)
#20 /home/srt/domains/api1.suratec.co.th/private_html/vendor/laravel/lumen-framework/src/Concerns/RoutesRequests.php(316): Laravel\Lumen\Application->callLumenController(Object(App\Http\Controllers\ChatController), 'insertChannel', Array)
#21 /home/srt/domains/api1.suratec.co.th/private_html/vendor/laravel/lumen-framework/src/Concerns/RoutesRequests.php(278): Laravel\Lumen\Application->callControllerAction(Array)
#22 /home/srt/domains/api1.suratec.co.th/private_html/vendor/laravel/lumen-framework/src/Concerns/RoutesRequests.php(263): Laravel\Lumen\Application->callActionOnArrayBasedRoute(Array)
#23 /home/srt/domains/api1.suratec.co.th/private_html/vendor/laravel/lumen-framework/src/Concerns/RoutesRequests.php(165): Laravel\Lumen\Application->handleFoundRoute(Array)
#24 /home/srt/domains/api1.suratec.co.th/private_html/vendor/laravel/lumen-framework/src/Concerns/RoutesRequests.php(416): Laravel\Lumen\Application->Laravel\Lumen\Concerns\{closure}(Object(Laravel\Lumen\Http\Request))
#25 /home/srt/domains/api1.suratec.co.th/private_html/vendor/laravel/lumen-framework/src/Concerns/RoutesRequests.php(171): Laravel\Lumen\Application->sendThroughPipeline(Array, Object(Closure))
#26 /home/srt/domains/api1.suratec.co.th/private_html/vendor/laravel/lumen-framework/src/Concerns/RoutesRequests.php(108): Laravel\Lumen\Application->dispatch(NULL)
#27 /home/srt/domains/api1.suratec.co.th/private_html/index.php(28): Laravel\Lumen\Application->run()
#28 {main} {"exception":"[object] (ErrorException(code: 0): Trying to get property 'data_role' of non-object at /home/srt/domains/api1.suratec.co.th/private_html/app/Channels.php:39)
[stacktrace]
#0 /home/srt/domains/api1.suratec.co.th/private_html/app/Channels.php(39): Laravel\\Lumen\\Application->Laravel\\Lumen\\Concerns\\{closure}(8, 'Trying to get p...', '/home/srt/domai...', 39, Array)
#1 /home/srt/domains/api1.suratec.co.th/private_html/vendor/illuminate/database/Eloquent/Concerns/HasAttributes.php(452): App\\Channels->getRecieverIdAttribute('a189461b0f8fd5d...')
#2 /home/srt/domains/api1.suratec.co.th/private_html/vendor/illuminate/database/Eloquent/Concerns/HasAttributes.php(464): Illuminate\\Database\\Eloquent\\Model->mutateAttribute('reciever_id', 'a189461b0f8fd5d...')
#3 /home/srt/domains/api1.suratec.co.th/private_html/vendor/illuminate/database/Eloquent/Concerns/HasAttributes.php(159): Illuminate\\Database\\Eloquent\\Model->mutateAttributeForArray('reciever_id', 'a189461b0f8fd5d...')
#4 /home/srt/domains/api1.suratec.co.th/private_html/vendor/illuminate/database/Eloquent/Concerns/HasAttributes.php(97): Illuminate\\Database\\Eloquent\\Model->addMutatedAttributesToArray(Array, Array)
#5 /home/srt/domains/api1.suratec.co.th/private_html/vendor/illuminate/database/Eloquent/Model.php(1088): Illuminate\\Database\\Eloquent\\Model->attributesToArray()
#6 /home/srt/domains/api1.suratec.co.th/private_html/vendor/illuminate/database/Eloquent/Model.php(1117): Illuminate\\Database\\Eloquent\\Model->toArray()
#7 [internal function]: Illuminate\\Database\\Eloquent\\Model->jsonSerialize()
#8 /home/srt/domains/api1.suratec.co.th/private_html/vendor/illuminate/http/JsonResponse.php(71): json_encode(Array, 0)
#9 /home/srt/domains/api1.suratec.co.th/private_html/vendor/symfony/http-foundation/JsonResponse.php(50): Illuminate\\Http\\JsonResponse->setData(Array)
#10 /home/srt/domains/api1.suratec.co.th/private_html/vendor/illuminate/http/JsonResponse.php(31): Symfony\\Component\\HttpFoundation\\JsonResponse->__construct(Array, 201, Array)
#11 /home/srt/domains/api1.suratec.co.th/private_html/vendor/laravel/lumen-framework/src/Http/ResponseFactory.php(40): Illuminate\\Http\\JsonResponse->__construct(Array, 201, Array, 0)
#12 /home/srt/domains/api1.suratec.co.th/private_html/app/Http/Controllers/ChatController.php(164): Laravel\\Lumen\\Http\\ResponseFactory->json(Array, 201)
#13 [internal function]: App\\Http\\Controllers\\ChatController->insertChannel(Object(Laravel\\Lumen\\Http\\Request))
#14 /home/srt/domains/api1.suratec.co.th/private_html/vendor/illuminate/container/BoundMethod.php(32): call_user_func_array(Array, Array)
#15 /home/srt/domains/api1.suratec.co.th/private_html/vendor/illuminate/container/BoundMethod.php(90): Illuminate\\Container\\BoundMethod::Illuminate\\Container\\{closure}()
#16 /home/srt/domains/api1.suratec.co.th/private_html/vendor/illuminate/container/BoundMethod.php(34): Illuminate\\Container\\BoundMethod::callBoundMethod(Object(Laravel\\Lumen\\Application), Array, Object(Closure))
#17 /home/srt/domains/api1.suratec.co.th/private_html/vendor/illuminate/container/Container.php(576): Illuminate\\Container\\BoundMethod::call(Object(Laravel\\Lumen\\Application), Array, Array, NULL)
#18 /home/srt/domains/api1.suratec.co.th/private_html/vendor/laravel/lumen-framework/src/Concerns/RoutesRequests.php(376): Illuminate\\Container\\Container->call(Array, Array)
#19 /home/srt/domains/api1.suratec.co.th/private_html/vendor/laravel/lumen-framework/src/Concerns/RoutesRequests.php(342): Laravel\\Lumen\\Application->callControllerCallable(Array, Array)
#20 /home/srt/domains/api1.suratec.co.th/private_html/vendor/laravel/lumen-framework/src/Concerns/RoutesRequests.php(316): Laravel\\Lumen\\Application->callLumenController(Object(App\\Http\\Controllers\\ChatController), 'insertChannel', Array)
#21 /home/srt/domains/api1.suratec.co.th/private_html/vendor/laravel/lumen-framework/src/Concerns/RoutesRequests.php(278): Laravel\\Lumen\\Application->callControllerAction(Array)
#22 /home/srt/domains/api1.suratec.co.th/private_html/vendor/laravel/lumen-framework/src/Concerns/RoutesRequests.php(263): Laravel\\Lumen\\Application->callActionOnArrayBasedRoute(Array)
#23 /home/srt/domains/api1.suratec.co.th/private_html/vendor/laravel/lumen-framework/src/Concerns/RoutesRequests.php(165): Laravel\\Lumen\\Application->handleFoundRoute(Array)
#24 /home/srt/domains/api1.suratec.co.th/private_html/vendor/laravel/lumen-framework/src/Concerns/RoutesRequests.php(416): Laravel\\Lumen\\Application->Laravel\\Lumen\\Concerns\\{closure}(Object(Laravel\\Lumen\\Http\\Request))
#25 /home/srt/domains/api1.suratec.co.th/private_html/vendor/laravel/lumen-framework/src/Concerns/RoutesRequests.php(171): Laravel\\Lumen\\Application->sendThroughPipeline(Array, Object(Closure))
#26 /home/srt/domains/api1.suratec.co.th/private_html/vendor/laravel/lumen-framework/src/Concerns/RoutesRequests.php(108): Laravel\\Lumen\\Application->dispatch(NULL)
#27 /home/srt/domains/api1.suratec.co.th/private_html/index.php(28): Laravel\\Lumen\\Application->run()
#28 {main}
"} 
