[2021-01-10 12:47:56] local.ERROR: Symfony\Component\Debug\Exception\FatalThrowableError: Call to undefined function App\Http\Controllers\public_path() in /home/srt/domains/api1.suratec.co.th/private_html/app/Http/Controllers/AppointmentController.php:51
Stack trace:
#0 [internal function]: App\Http\Controllers\AppointmentController->doctorsAppointments(Object(Laravel\Lumen\Http\Request), 'k83b6f2e3kb0807...')
#1 /home/srt/domains/api1.suratec.co.th/private_html/vendor/illuminate/container/BoundMethod.php(32): call_user_func_array(Array, Array)
#2 /home/srt/domains/api1.suratec.co.th/private_html/vendor/illuminate/container/BoundMethod.php(90): Illuminate\Container\BoundMethod::Illuminate\Container\{closure}()
#3 /home/srt/domains/api1.suratec.co.th/private_html/vendor/illuminate/container/BoundMethod.php(34): Illuminate\Container\BoundMethod::callBoundMethod(Object(Laravel\Lumen\Application), Array, Object(Closure))
#4 /home/srt/domains/api1.suratec.co.th/private_html/vendor/illuminate/container/Container.php(576): Illuminate\Container\BoundMethod::call(Object(Laravel\Lumen\Application), Array, Array, NULL)
#5 /home/srt/domains/api1.suratec.co.th/private_html/vendor/laravel/lumen-framework/src/Concerns/RoutesRequests.php(376): Illuminate\Container\Container->call(Array, Array)
#6 /home/srt/domains/api1.suratec.co.th/private_html/vendor/laravel/lumen-framework/src/Concerns/RoutesRequests.php(342): Laravel\Lumen\Application->callControllerCallable(Array, Array)
#7 /home/srt/domains/api1.suratec.co.th/private_html/vendor/laravel/lumen-framework/src/Concerns/RoutesRequests.php(316): Laravel\Lumen\Application->callLumenController(Object(App\Http\Controllers\AppointmentController), 'doctorsAppointm...', Array)
#8 /home/srt/domains/api1.suratec.co.th/private_html/vendor/laravel/lumen-framework/src/Concerns/RoutesRequests.php(278): Laravel\Lumen\Application->callControllerAction(Array)
#9 /home/srt/domains/api1.suratec.co.th/private_html/vendor/laravel/lumen-framework/src/Concerns/RoutesRequests.php(263): Laravel\Lumen\Application->callActionOnArrayBasedRoute(Array)
#10 /home/srt/domains/api1.suratec.co.th/private_html/vendor/laravel/lumen-framework/src/Concerns/RoutesRequests.php(233): Laravel\Lumen\Application->handleFoundRoute(Array)
#11 /home/srt/domains/api1.suratec.co.th/private_html/vendor/laravel/lumen-framework/src/Concerns/RoutesRequests.php(169): Laravel\Lumen\Application->handleDispatcherResponse(Array)
#12 /home/srt/domains/api1.suratec.co.th/private_html/vendor/laravel/lumen-framework/src/Concerns/RoutesRequests.php(416): Laravel\Lumen\Application->Laravel\Lumen\Concerns\{closure}(Object(Laravel\Lumen\Http\Request))
#13 /home/srt/domains/api1.suratec.co.th/private_html/vendor/laravel/lumen-framework/src/Concerns/RoutesRequests.php(171): Laravel\Lumen\Application->sendThroughPipeline(Array, Object(Closure))
#14 /home/srt/domains/api1.suratec.co.th/private_html/vendor/laravel/lumen-framework/src/Concerns/RoutesRequests.php(108): Laravel\Lumen\Application->dispatch(NULL)
#15 /home/srt/domains/api1.suratec.co.th/private_html/index.php(28): Laravel\Lumen\Application->run()
#16 {main} {"exception":"[object] (Symfony\\Component\\Debug\\Exception\\FatalThrowableError(code: 0): Call to undefined function App\\Http\\Controllers\\public_path() at /home/srt/domains/api1.suratec.co.th/private_html/app/Http/Controllers/AppointmentController.php:51)
[stacktrace]
#0 [internal function]: App\\Http\\Controllers\\AppointmentController->doctorsAppointments(Object(Laravel\\Lumen\\Http\\Request), 'k83b6f2e3kb0807...')
#1 /home/srt/domains/api1.suratec.co.th/private_html/vendor/illuminate/container/BoundMethod.php(32): call_user_func_array(Array, Array)
#2 /home/srt/domains/api1.suratec.co.th/private_html/vendor/illuminate/container/BoundMethod.php(90): Illuminate\\Container\\BoundMethod::Illuminate\\Container\\{closure}()
#3 /home/srt/domains/api1.suratec.co.th/private_html/vendor/illuminate/container/BoundMethod.php(34): Illuminate\\Container\\BoundMethod::callBoundMethod(Object(Laravel\\Lumen\\Application), Array, Object(Closure))
#4 /home/srt/domains/api1.suratec.co.th/private_html/vendor/illuminate/container/Container.php(576): Illuminate\\Container\\BoundMethod::call(Object(Laravel\\Lumen\\Application), Array, Array, NULL)
#5 /home/srt/domains/api1.suratec.co.th/private_html/vendor/laravel/lumen-framework/src/Concerns/RoutesRequests.php(376): Illuminate\\Container\\Container->call(Array, Array)
#6 /home/srt/domains/api1.suratec.co.th/private_html/vendor/laravel/lumen-framework/src/Concerns/RoutesRequests.php(342): Laravel\\Lumen\\Application->callControllerCallable(Array, Array)
#7 /home/srt/domains/api1.suratec.co.th/private_html/vendor/laravel/lumen-framework/src/Concerns/RoutesRequests.php(316): Laravel\\Lumen\\Application->callLumenController(Object(App\\Http\\Controllers\\AppointmentController), 'doctorsAppointm...', Array)
#8 /home/srt/domains/api1.suratec.co.th/private_html/vendor/laravel/lumen-framework/src/Concerns/RoutesRequests.php(278): Laravel\\Lumen\\Application->callControllerAction(Array)
#9 /home/srt/domains/api1.suratec.co.th/private_html/vendor/laravel/lumen-framework/src/Concerns/RoutesRequests.php(263): Laravel\\Lumen\\Application->callActionOnArrayBasedRoute(Array)
#10 /home/srt/domains/api1.suratec.co.th/private_html/vendor/laravel/lumen-framework/src/Concerns/RoutesRequests.php(233): Laravel\\Lumen\\Application->handleFoundRoute(Array)
#11 /home/srt/domains/api1.suratec.co.th/private_html/vendor/laravel/lumen-framework/src/Concerns/RoutesRequests.php(169): Laravel\\Lumen\\Application->handleDispatcherResponse(Array)
#12 /home/srt/domains/api1.suratec.co.th/private_html/vendor/laravel/lumen-framework/src/Concerns/RoutesRequests.php(416): Laravel\\Lumen\\Application->Laravel\\Lumen\\Concerns\\{closure}(Object(Laravel\\Lumen\\Http\\Request))
#13 /home/srt/domains/api1.suratec.co.th/private_html/vendor/laravel/lumen-framework/src/Concerns/RoutesRequests.php(171): Laravel\\Lumen\\Application->sendThroughPipeline(Array, Object(Closure))
#14 /home/srt/domains/api1.suratec.co.th/private_html/vendor/laravel/lumen-framework/src/Concerns/RoutesRequests.php(108): Laravel\\Lumen\\Application->dispatch(NULL)
#15 /home/srt/domains/api1.suratec.co.th/private_html/index.php(28): Laravel\\Lumen\\Application->run()
#16 {main}
"} 
