[2020-12-27 11:16:39] local.ERROR: Symfony\Component\Debug\Exception\FatalThrowableError: Class 'PubNub\Callbacks\SubscribeCallback' not found in /home/srt/domains/api1.suratec.co.th/private_html/app/Http/Controllers/ChatPubnubController.php:10
Stack trace:
#0 /home/srt/domains/api1.suratec.co.th/private_html/vendor/composer/ClassLoader.php(444): include()
#1 /home/srt/domains/api1.suratec.co.th/private_html/vendor/composer/ClassLoader.php(322): Composer\Autoload\includeFile('/home/srt/domai...')
#2 [internal function]: Composer\Autoload\ClassLoader->loadClass('App\\Http\\Contro...')
#3 [internal function]: spl_autoload_call('App\\Http\\Contro...')
#4 /home/srt/domains/api1.suratec.co.th/private_html/vendor/illuminate/container/Container.php(790): ReflectionClass->__construct('App\\Http\\Contro...')
#5 /home/srt/domains/api1.suratec.co.th/private_html/vendor/illuminate/container/Container.php(667): Illuminate\Container\Container->build('App\\Http\\Contro...')
#6 /home/srt/domains/api1.suratec.co.th/private_html/vendor/illuminate/container/Container.php(615): Illuminate\Container\Container->resolve('App\\Http\\Contro...', Array)
#7 /home/srt/domains/api1.suratec.co.th/private_html/vendor/laravel/lumen-framework/src/Application.php(267): Illuminate\Container\Container->make('App\\Http\\Contro...', Array)
#8 /home/srt/domains/api1.suratec.co.th/private_html/vendor/laravel/lumen-framework/src/Concerns/RoutesRequests.php(311): Laravel\Lumen\Application->make('App\\Http\\Contro...')
#9 /home/srt/domains/api1.suratec.co.th/private_html/vendor/laravel/lumen-framework/src/Concerns/RoutesRequests.php(278): Laravel\Lumen\Application->callControllerAction(Array)
#10 /home/srt/domains/api1.suratec.co.th/private_html/vendor/laravel/lumen-framework/src/Concerns/RoutesRequests.php(263): Laravel\Lumen\Application->callActionOnArrayBasedRoute(Array)
#11 /home/srt/domains/api1.suratec.co.th/private_html/vendor/laravel/lumen-framework/src/Concerns/RoutesRequests.php(165): Laravel\Lumen\Application->handleFoundRoute(Array)
#12 /home/srt/domains/api1.suratec.co.th/private_html/vendor/laravel/lumen-framework/src/Concerns/RoutesRequests.php(416): Laravel\Lumen\Application->Laravel\Lumen\Concerns\{closure}(Object(Laravel\Lumen\Http\Request))
#13 /home/srt/domains/api1.suratec.co.th/private_html/vendor/laravel/lumen-framework/src/Concerns/RoutesRequests.php(171): Laravel\Lumen\Application->sendThroughPipeline(Array, Object(Closure))
#14 /home/srt/domains/api1.suratec.co.th/private_html/vendor/laravel/lumen-framework/src/Concerns/RoutesRequests.php(108): Laravel\Lumen\Application->dispatch(NULL)
#15 /home/srt/domains/api1.suratec.co.th/private_html/index.php(28): Laravel\Lumen\Application->run()
#16 {main} {"exception":"[object] (Symfony\\Component\\Debug\\Exception\\FatalThrowableError(code: 0): Class 'PubNub\\Callbacks\\SubscribeCallback' not found at /home/srt/domains/api1.suratec.co.th/private_html/app/Http/Controllers/ChatPubnubController.php:10)
[stacktrace]
#0 /home/srt/domains/api1.suratec.co.th/private_html/vendor/composer/ClassLoader.php(444): include()
#1 /home/srt/domains/api1.suratec.co.th/private_html/vendor/composer/ClassLoader.php(322): Composer\\Autoload\\includeFile('/home/srt/domai...')
#2 [internal function]: Composer\\Autoload\\ClassLoader->loadClass('App\\\\Http\\\\Contro...')
#3 [internal function]: spl_autoload_call('App\\\\Http\\\\Contro...')
#4 /home/srt/domains/api1.suratec.co.th/private_html/vendor/illuminate/container/Container.php(790): ReflectionClass->__construct('App\\\\Http\\\\Contro...')
#5 /home/srt/domains/api1.suratec.co.th/private_html/vendor/illuminate/container/Container.php(667): Illuminate\\Container\\Container->build('App\\\\Http\\\\Contro...')
#6 /home/srt/domains/api1.suratec.co.th/private_html/vendor/illuminate/container/Container.php(615): Illuminate\\Container\\Container->resolve('App\\\\Http\\\\Contro...', Array)
#7 /home/srt/domains/api1.suratec.co.th/private_html/vendor/laravel/lumen-framework/src/Application.php(267): Illuminate\\Container\\Container->make('App\\\\Http\\\\Contro...', Array)
#8 /home/srt/domains/api1.suratec.co.th/private_html/vendor/laravel/lumen-framework/src/Concerns/RoutesRequests.php(311): Laravel\\Lumen\\Application->make('App\\\\Http\\\\Contro...')
#9 /home/srt/domains/api1.suratec.co.th/private_html/vendor/laravel/lumen-framework/src/Concerns/RoutesRequests.php(278): Laravel\\Lumen\\Application->callControllerAction(Array)
#10 /home/srt/domains/api1.suratec.co.th/private_html/vendor/laravel/lumen-framework/src/Concerns/RoutesRequests.php(263): Laravel\\Lumen\\Application->callActionOnArrayBasedRoute(Array)
#11 /home/srt/domains/api1.suratec.co.th/private_html/vendor/laravel/lumen-framework/src/Concerns/RoutesRequests.php(165): Laravel\\Lumen\\Application->handleFoundRoute(Array)
#12 /home/srt/domains/api1.suratec.co.th/private_html/vendor/laravel/lumen-framework/src/Concerns/RoutesRequests.php(416): Laravel\\Lumen\\Application->Laravel\\Lumen\\Concerns\\{closure}(Object(Laravel\\Lumen\\Http\\Request))
#13 /home/srt/domains/api1.suratec.co.th/private_html/vendor/laravel/lumen-framework/src/Concerns/RoutesRequests.php(171): Laravel\\Lumen\\Application->sendThroughPipeline(Array, Object(Closure))
#14 /home/srt/domains/api1.suratec.co.th/private_html/vendor/laravel/lumen-framework/src/Concerns/RoutesRequests.php(108): Laravel\\Lumen\\Application->dispatch(NULL)
#15 /home/srt/domains/api1.suratec.co.th/private_html/index.php(28): Laravel\\Lumen\\Application->run()
#16 {main}
"} 
