[2021-10-15 10:14:52] local.ERROR: ErrorException: Undefined index: id_customer in /home/srt/domains/api1.suratec.co.th/private_html/app/Http/Controllers/Auth/SurasoleController.php:387
Stack trace:
#0 /home/srt/domains/api1.suratec.co.th/private_html/app/Http/Controllers/Auth/SurasoleController.php(387): Laravel\Lumen\Application->Laravel\Lumen\Concerns\{closure}(8, 'Undefined index...', '/home/srt/domai...', 387, Array)
#1 [internal function]: App\Http\Controllers\Auth\SurasoleController->getDataFromJson(Object(Laravel\Lumen\Http\Request))
#2 /home/srt/domains/api1.suratec.co.th/private_html/vendor/illuminate/container/BoundMethod.php(32): call_user_func_array(Array, Array)
#3 /home/srt/domains/api1.suratec.co.th/private_html/vendor/illuminate/container/BoundMethod.php(90): Illuminate\Container\BoundMethod::Illuminate\Container\{closure}()
#4 /home/srt/domains/api1.suratec.co.th/private_html/vendor/illuminate/container/BoundMethod.php(34): Illuminate\Container\BoundMethod::callBoundMethod(Object(Laravel\Lumen\Application), Array, Object(Closure))
#5 /home/srt/domains/api1.suratec.co.th/private_html/vendor/illuminate/container/Container.php(576): Illuminate\Container\BoundMethod::call(Object(Laravel\Lumen\Application), Array, Array, NULL)
#6 /home/srt/domains/api1.suratec.co.th/private_html/vendor/laravel/lumen-framework/src/Concerns/RoutesRequests.php(376): Illuminate\Container\Container->call(Array, Array)
#7 /home/srt/domains/api1.suratec.co.th/private_html/vendor/laravel/lumen-framework/src/Concerns/RoutesRequests.php(342): Laravel\Lumen\Application->callControllerCallable(Array, Array)
#8 /home/srt/domains/api1.suratec.co.th/private_html/vendor/laravel/lumen-framework/src/Concerns/RoutesRequests.php(316): Laravel\Lumen\Application->callLumenController(Object(App\Http\Controllers\Auth\SurasoleController), 'getDataFromJson', Array)
#9 /home/srt/domains/api1.suratec.co.th/private_html/vendor/laravel/lumen-framework/src/Concerns/RoutesRequests.php(278): Laravel\Lumen\Application->callControllerAction(Array)
#10 /home/srt/domains/api1.suratec.co.th/private_html/vendor/laravel/lumen-framework/src/Concerns/RoutesRequests.php(263): Laravel\Lumen\Application->callActionOnArrayBasedRoute(Array)
#11 /home/srt/domains/api1.suratec.co.th/private_html/vendor/laravel/lumen-framework/src/Concerns/RoutesRequests.php(165): Laravel\Lumen\Application->handleFoundRoute(Array)
#12 /home/srt/domains/api1.suratec.co.th/private_html/vendor/laravel/lumen-framework/src/Concerns/RoutesRequests.php(416): Laravel\Lumen\Application->Laravel\Lumen\Concerns\{closure}(Object(Laravel\Lumen\Http\Request))
#13 /home/srt/domains/api1.suratec.co.th/private_html/vendor/laravel/lumen-framework/src/Concerns/RoutesRequests.php(171): Laravel\Lumen\Application->sendThroughPipeline(Array, Object(Closure))
#14 /home/srt/domains/api1.suratec.co.th/private_html/vendor/laravel/lumen-framework/src/Concerns/RoutesRequests.php(108): Laravel\Lumen\Application->dispatch(NULL)
#15 /home/srt/domains/api1.suratec.co.th/private_html/index.php(28): Laravel\Lumen\Application->run()
#16 {main} {"exception":"[object] (ErrorException(code: 0): Undefined index: id_customer at /home/srt/domains/api1.suratec.co.th/private_html/app/Http/Controllers/Auth/SurasoleController.php:387)
[stacktrace]
#0 /home/srt/domains/api1.suratec.co.th/private_html/app/Http/Controllers/Auth/SurasoleController.php(387): Laravel\\Lumen\\Application->Laravel\\Lumen\\Concerns\\{closure}(8, 'Undefined index...', '/home/srt/domai...', 387, Array)
#1 [internal function]: App\\Http\\Controllers\\Auth\\SurasoleController->getDataFromJson(Object(Laravel\\Lumen\\Http\\Request))
#2 /home/srt/domains/api1.suratec.co.th/private_html/vendor/illuminate/container/BoundMethod.php(32): call_user_func_array(Array, Array)
#3 /home/srt/domains/api1.suratec.co.th/private_html/vendor/illuminate/container/BoundMethod.php(90): Illuminate\\Container\\BoundMethod::Illuminate\\Container\\{closure}()
#4 /home/srt/domains/api1.suratec.co.th/private_html/vendor/illuminate/container/BoundMethod.php(34): Illuminate\\Container\\BoundMethod::callBoundMethod(Object(Laravel\\Lumen\\Application), Array, Object(Closure))
#5 /home/srt/domains/api1.suratec.co.th/private_html/vendor/illuminate/container/Container.php(576): Illuminate\\Container\\BoundMethod::call(Object(Laravel\\Lumen\\Application), Array, Array, NULL)
#6 /home/srt/domains/api1.suratec.co.th/private_html/vendor/laravel/lumen-framework/src/Concerns/RoutesRequests.php(376): Illuminate\\Container\\Container->call(Array, Array)
#7 /home/srt/domains/api1.suratec.co.th/private_html/vendor/laravel/lumen-framework/src/Concerns/RoutesRequests.php(342): Laravel\\Lumen\\Application->callControllerCallable(Array, Array)
#8 /home/srt/domains/api1.suratec.co.th/private_html/vendor/laravel/lumen-framework/src/Concerns/RoutesRequests.php(316): Laravel\\Lumen\\Application->callLumenController(Object(App\\Http\\Controllers\\Auth\\SurasoleController), 'getDataFromJson', Array)
#9 /home/srt/domains/api1.suratec.co.th/private_html/vendor/laravel/lumen-framework/src/Concerns/RoutesRequests.php(278): Laravel\\Lumen\\Application->callControllerAction(Array)
#10 /home/srt/domains/api1.suratec.co.th/private_html/vendor/laravel/lumen-framework/src/Concerns/RoutesRequests.php(263): Laravel\\Lumen\\Application->callActionOnArrayBasedRoute(Array)
#11 /home/srt/domains/api1.suratec.co.th/private_html/vendor/laravel/lumen-framework/src/Concerns/RoutesRequests.php(165): Laravel\\Lumen\\Application->handleFoundRoute(Array)
#12 /home/srt/domains/api1.suratec.co.th/private_html/vendor/laravel/lumen-framework/src/Concerns/RoutesRequests.php(416): Laravel\\Lumen\\Application->Laravel\\Lumen\\Concerns\\{closure}(Object(Laravel\\Lumen\\Http\\Request))
#13 /home/srt/domains/api1.suratec.co.th/private_html/vendor/laravel/lumen-framework/src/Concerns/RoutesRequests.php(171): Laravel\\Lumen\\Application->sendThroughPipeline(Array, Object(Closure))
#14 /home/srt/domains/api1.suratec.co.th/private_html/vendor/laravel/lumen-framework/src/Concerns/RoutesRequests.php(108): Laravel\\Lumen\\Application->dispatch(NULL)
#15 /home/srt/domains/api1.suratec.co.th/private_html/index.php(28): Laravel\\Lumen\\Application->run()
#16 {main}
"} 
[2021-10-15 10:14:52] local.ERROR: ErrorException: Undefined index: id_customer in /home/srt/domains/api1.suratec.co.th/private_html/app/Http/Controllers/Auth/SurasoleController.php:387
Stack trace:
#0 /home/srt/domains/api1.suratec.co.th/private_html/app/Http/Controllers/Auth/SurasoleController.php(387): Laravel\Lumen\Application->Laravel\Lumen\Concerns\{closure}(8, 'Undefined index...', '/home/srt/domai...', 387, Array)
#1 [internal function]: App\Http\Controllers\Auth\SurasoleController->getDataFromJson(Object(Laravel\Lumen\Http\Request))
#2 /home/srt/domains/api1.suratec.co.th/private_html/vendor/illuminate/container/BoundMethod.php(32): call_user_func_array(Array, Array)
#3 /home/srt/domains/api1.suratec.co.th/private_html/vendor/illuminate/container/BoundMethod.php(90): Illuminate\Container\BoundMethod::Illuminate\Container\{closure}()
#4 /home/srt/domains/api1.suratec.co.th/private_html/vendor/illuminate/container/BoundMethod.php(34): Illuminate\Container\BoundMethod::callBoundMethod(Object(Laravel\Lumen\Application), Array, Object(Closure))
#5 /home/srt/domains/api1.suratec.co.th/private_html/vendor/illuminate/container/Container.php(576): Illuminate\Container\BoundMethod::call(Object(Laravel\Lumen\Application), Array, Array, NULL)
#6 /home/srt/domains/api1.suratec.co.th/private_html/vendor/laravel/lumen-framework/src/Concerns/RoutesRequests.php(376): Illuminate\Container\Container->call(Array, Array)
#7 /home/srt/domains/api1.suratec.co.th/private_html/vendor/laravel/lumen-framework/src/Concerns/RoutesRequests.php(342): Laravel\Lumen\Application->callControllerCallable(Array, Array)
#8 /home/srt/domains/api1.suratec.co.th/private_html/vendor/laravel/lumen-framework/src/Concerns/RoutesRequests.php(316): Laravel\Lumen\Application->callLumenController(Object(App\Http\Controllers\Auth\SurasoleController), 'getDataFromJson', Array)
#9 /home/srt/domains/api1.suratec.co.th/private_html/vendor/laravel/lumen-framework/src/Concerns/RoutesRequests.php(278): Laravel\Lumen\Application->callControllerAction(Array)
#10 /home/srt/domains/api1.suratec.co.th/private_html/vendor/laravel/lumen-framework/src/Concerns/RoutesRequests.php(263): Laravel\Lumen\Application->callActionOnArrayBasedRoute(Array)
#11 /home/srt/domains/api1.suratec.co.th/private_html/vendor/laravel/lumen-framework/src/Concerns/RoutesRequests.php(165): Laravel\Lumen\Application->handleFoundRoute(Array)
#12 /home/srt/domains/api1.suratec.co.th/private_html/vendor/laravel/lumen-framework/src/Concerns/RoutesRequests.php(416): Laravel\Lumen\Application->Laravel\Lumen\Concerns\{closure}(Object(Laravel\Lumen\Http\Request))
#13 /home/srt/domains/api1.suratec.co.th/private_html/vendor/laravel/lumen-framework/src/Concerns/RoutesRequests.php(171): Laravel\Lumen\Application->sendThroughPipeline(Array, Object(Closure))
#14 /home/srt/domains/api1.suratec.co.th/private_html/vendor/laravel/lumen-framework/src/Concerns/RoutesRequests.php(108): Laravel\Lumen\Application->dispatch(NULL)
#15 /home/srt/domains/api1.suratec.co.th/private_html/index.php(28): Laravel\Lumen\Application->run()
#16 {main} {"exception":"[object] (ErrorException(code: 0): Undefined index: id_customer at /home/srt/domains/api1.suratec.co.th/private_html/app/Http/Controllers/Auth/SurasoleController.php:387)
[stacktrace]
#0 /home/srt/domains/api1.suratec.co.th/private_html/app/Http/Controllers/Auth/SurasoleController.php(387): Laravel\\Lumen\\Application->Laravel\\Lumen\\Concerns\\{closure}(8, 'Undefined index...', '/home/srt/domai...', 387, Array)
#1 [internal function]: App\\Http\\Controllers\\Auth\\SurasoleController->getDataFromJson(Object(Laravel\\Lumen\\Http\\Request))
#2 /home/srt/domains/api1.suratec.co.th/private_html/vendor/illuminate/container/BoundMethod.php(32): call_user_func_array(Array, Array)
#3 /home/srt/domains/api1.suratec.co.th/private_html/vendor/illuminate/container/BoundMethod.php(90): Illuminate\\Container\\BoundMethod::Illuminate\\Container\\{closure}()
#4 /home/srt/domains/api1.suratec.co.th/private_html/vendor/illuminate/container/BoundMethod.php(34): Illuminate\\Container\\BoundMethod::callBoundMethod(Object(Laravel\\Lumen\\Application), Array, Object(Closure))
#5 /home/srt/domains/api1.suratec.co.th/private_html/vendor/illuminate/container/Container.php(576): Illuminate\\Container\\BoundMethod::call(Object(Laravel\\Lumen\\Application), Array, Array, NULL)
#6 /home/srt/domains/api1.suratec.co.th/private_html/vendor/laravel/lumen-framework/src/Concerns/RoutesRequests.php(376): Illuminate\\Container\\Container->call(Array, Array)
#7 /home/srt/domains/api1.suratec.co.th/private_html/vendor/laravel/lumen-framework/src/Concerns/RoutesRequests.php(342): Laravel\\Lumen\\Application->callControllerCallable(Array, Array)
#8 /home/srt/domains/api1.suratec.co.th/private_html/vendor/laravel/lumen-framework/src/Concerns/RoutesRequests.php(316): Laravel\\Lumen\\Application->callLumenController(Object(App\\Http\\Controllers\\Auth\\SurasoleController), 'getDataFromJson', Array)
#9 /home/srt/domains/api1.suratec.co.th/private_html/vendor/laravel/lumen-framework/src/Concerns/RoutesRequests.php(278): Laravel\\Lumen\\Application->callControllerAction(Array)
#10 /home/srt/domains/api1.suratec.co.th/private_html/vendor/laravel/lumen-framework/src/Concerns/RoutesRequests.php(263): Laravel\\Lumen\\Application->callActionOnArrayBasedRoute(Array)
#11 /home/srt/domains/api1.suratec.co.th/private_html/vendor/laravel/lumen-framework/src/Concerns/RoutesRequests.php(165): Laravel\\Lumen\\Application->handleFoundRoute(Array)
#12 /home/srt/domains/api1.suratec.co.th/private_html/vendor/laravel/lumen-framework/src/Concerns/RoutesRequests.php(416): Laravel\\Lumen\\Application->Laravel\\Lumen\\Concerns\\{closure}(Object(Laravel\\Lumen\\Http\\Request))
#13 /home/srt/domains/api1.suratec.co.th/private_html/vendor/laravel/lumen-framework/src/Concerns/RoutesRequests.php(171): Laravel\\Lumen\\Application->sendThroughPipeline(Array, Object(Closure))
#14 /home/srt/domains/api1.suratec.co.th/private_html/vendor/laravel/lumen-framework/src/Concerns/RoutesRequests.php(108): Laravel\\Lumen\\Application->dispatch(NULL)
#15 /home/srt/domains/api1.suratec.co.th/private_html/index.php(28): Laravel\\Lumen\\Application->run()
#16 {main}
"} 
[2021-10-15 10:17:44] local.ERROR: ErrorException: Undefined index: id_customer in /home/srt/domains/api1.suratec.co.th/private_html/app/Http/Controllers/Auth/SurasoleController.php:387
Stack trace:
#0 /home/srt/domains/api1.suratec.co.th/private_html/app/Http/Controllers/Auth/SurasoleController.php(387): Laravel\Lumen\Application->Laravel\Lumen\Concerns\{closure}(8, 'Undefined index...', '/home/srt/domai...', 387, Array)
#1 [internal function]: App\Http\Controllers\Auth\SurasoleController->getDataFromJson(Object(Laravel\Lumen\Http\Request))
#2 /home/srt/domains/api1.suratec.co.th/private_html/vendor/illuminate/container/BoundMethod.php(32): call_user_func_array(Array, Array)
#3 /home/srt/domains/api1.suratec.co.th/private_html/vendor/illuminate/container/BoundMethod.php(90): Illuminate\Container\BoundMethod::Illuminate\Container\{closure}()
#4 /home/srt/domains/api1.suratec.co.th/private_html/vendor/illuminate/container/BoundMethod.php(34): Illuminate\Container\BoundMethod::callBoundMethod(Object(Laravel\Lumen\Application), Array, Object(Closure))
#5 /home/srt/domains/api1.suratec.co.th/private_html/vendor/illuminate/container/Container.php(576): Illuminate\Container\BoundMethod::call(Object(Laravel\Lumen\Application), Array, Array, NULL)
#6 /home/srt/domains/api1.suratec.co.th/private_html/vendor/laravel/lumen-framework/src/Concerns/RoutesRequests.php(376): Illuminate\Container\Container->call(Array, Array)
#7 /home/srt/domains/api1.suratec.co.th/private_html/vendor/laravel/lumen-framework/src/Concerns/RoutesRequests.php(342): Laravel\Lumen\Application->callControllerCallable(Array, Array)
#8 /home/srt/domains/api1.suratec.co.th/private_html/vendor/laravel/lumen-framework/src/Concerns/RoutesRequests.php(316): Laravel\Lumen\Application->callLumenController(Object(App\Http\Controllers\Auth\SurasoleController), 'getDataFromJson', Array)
#9 /home/srt/domains/api1.suratec.co.th/private_html/vendor/laravel/lumen-framework/src/Concerns/RoutesRequests.php(278): Laravel\Lumen\Application->callControllerAction(Array)
#10 /home/srt/domains/api1.suratec.co.th/private_html/vendor/laravel/lumen-framework/src/Concerns/RoutesRequests.php(263): Laravel\Lumen\Application->callActionOnArrayBasedRoute(Array)
#11 /home/srt/domains/api1.suratec.co.th/private_html/vendor/laravel/lumen-framework/src/Concerns/RoutesRequests.php(165): Laravel\Lumen\Application->handleFoundRoute(Array)
#12 /home/srt/domains/api1.suratec.co.th/private_html/vendor/laravel/lumen-framework/src/Concerns/RoutesRequests.php(416): Laravel\Lumen\Application->Laravel\Lumen\Concerns\{closure}(Object(Laravel\Lumen\Http\Request))
#13 /home/srt/domains/api1.suratec.co.th/private_html/vendor/laravel/lumen-framework/src/Concerns/RoutesRequests.php(171): Laravel\Lumen\Application->sendThroughPipeline(Array, Object(Closure))
#14 /home/srt/domains/api1.suratec.co.th/private_html/vendor/laravel/lumen-framework/src/Concerns/RoutesRequests.php(108): Laravel\Lumen\Application->dispatch(NULL)
#15 /home/srt/domains/api1.suratec.co.th/private_html/index.php(28): Laravel\Lumen\Application->run()
#16 {main} {"exception":"[object] (ErrorException(code: 0): Undefined index: id_customer at /home/srt/domains/api1.suratec.co.th/private_html/app/Http/Controllers/Auth/SurasoleController.php:387)
[stacktrace]
#0 /home/srt/domains/api1.suratec.co.th/private_html/app/Http/Controllers/Auth/SurasoleController.php(387): Laravel\\Lumen\\Application->Laravel\\Lumen\\Concerns\\{closure}(8, 'Undefined index...', '/home/srt/domai...', 387, Array)
#1 [internal function]: App\\Http\\Controllers\\Auth\\SurasoleController->getDataFromJson(Object(Laravel\\Lumen\\Http\\Request))
#2 /home/srt/domains/api1.suratec.co.th/private_html/vendor/illuminate/container/BoundMethod.php(32): call_user_func_array(Array, Array)
#3 /home/srt/domains/api1.suratec.co.th/private_html/vendor/illuminate/container/BoundMethod.php(90): Illuminate\\Container\\BoundMethod::Illuminate\\Container\\{closure}()
#4 /home/srt/domains/api1.suratec.co.th/private_html/vendor/illuminate/container/BoundMethod.php(34): Illuminate\\Container\\BoundMethod::callBoundMethod(Object(Laravel\\Lumen\\Application), Array, Object(Closure))
#5 /home/srt/domains/api1.suratec.co.th/private_html/vendor/illuminate/container/Container.php(576): Illuminate\\Container\\BoundMethod::call(Object(Laravel\\Lumen\\Application), Array, Array, NULL)
#6 /home/srt/domains/api1.suratec.co.th/private_html/vendor/laravel/lumen-framework/src/Concerns/RoutesRequests.php(376): Illuminate\\Container\\Container->call(Array, Array)
#7 /home/srt/domains/api1.suratec.co.th/private_html/vendor/laravel/lumen-framework/src/Concerns/RoutesRequests.php(342): Laravel\\Lumen\\Application->callControllerCallable(Array, Array)
#8 /home/srt/domains/api1.suratec.co.th/private_html/vendor/laravel/lumen-framework/src/Concerns/RoutesRequests.php(316): Laravel\\Lumen\\Application->callLumenController(Object(App\\Http\\Controllers\\Auth\\SurasoleController), 'getDataFromJson', Array)
#9 /home/srt/domains/api1.suratec.co.th/private_html/vendor/laravel/lumen-framework/src/Concerns/RoutesRequests.php(278): Laravel\\Lumen\\Application->callControllerAction(Array)
#10 /home/srt/domains/api1.suratec.co.th/private_html/vendor/laravel/lumen-framework/src/Concerns/RoutesRequests.php(263): Laravel\\Lumen\\Application->callActionOnArrayBasedRoute(Array)
#11 /home/srt/domains/api1.suratec.co.th/private_html/vendor/laravel/lumen-framework/src/Concerns/RoutesRequests.php(165): Laravel\\Lumen\\Application->handleFoundRoute(Array)
#12 /home/srt/domains/api1.suratec.co.th/private_html/vendor/laravel/lumen-framework/src/Concerns/RoutesRequests.php(416): Laravel\\Lumen\\Application->Laravel\\Lumen\\Concerns\\{closure}(Object(Laravel\\Lumen\\Http\\Request))
#13 /home/srt/domains/api1.suratec.co.th/private_html/vendor/laravel/lumen-framework/src/Concerns/RoutesRequests.php(171): Laravel\\Lumen\\Application->sendThroughPipeline(Array, Object(Closure))
#14 /home/srt/domains/api1.suratec.co.th/private_html/vendor/laravel/lumen-framework/src/Concerns/RoutesRequests.php(108): Laravel\\Lumen\\Application->dispatch(NULL)
#15 /home/srt/domains/api1.suratec.co.th/private_html/index.php(28): Laravel\\Lumen\\Application->run()
#16 {main}
"} 
[2021-10-15 10:18:16] local.ERROR: ErrorException: Undefined index: id_customer in /home/srt/domains/api1.suratec.co.th/private_html/app/Http/Controllers/Auth/SurasoleController.php:387
Stack trace:
#0 /home/srt/domains/api1.suratec.co.th/private_html/app/Http/Controllers/Auth/SurasoleController.php(387): Laravel\Lumen\Application->Laravel\Lumen\Concerns\{closure}(8, 'Undefined index...', '/home/srt/domai...', 387, Array)
#1 [internal function]: App\Http\Controllers\Auth\SurasoleController->getDataFromJson(Object(Laravel\Lumen\Http\Request))
#2 /home/srt/domains/api1.suratec.co.th/private_html/vendor/illuminate/container/BoundMethod.php(32): call_user_func_array(Array, Array)
#3 /home/srt/domains/api1.suratec.co.th/private_html/vendor/illuminate/container/BoundMethod.php(90): Illuminate\Container\BoundMethod::Illuminate\Container\{closure}()
#4 /home/srt/domains/api1.suratec.co.th/private_html/vendor/illuminate/container/BoundMethod.php(34): Illuminate\Container\BoundMethod::callBoundMethod(Object(Laravel\Lumen\Application), Array, Object(Closure))
#5 /home/srt/domains/api1.suratec.co.th/private_html/vendor/illuminate/container/Container.php(576): Illuminate\Container\BoundMethod::call(Object(Laravel\Lumen\Application), Array, Array, NULL)
#6 /home/srt/domains/api1.suratec.co.th/private_html/vendor/laravel/lumen-framework/src/Concerns/RoutesRequests.php(376): Illuminate\Container\Container->call(Array, Array)
#7 /home/srt/domains/api1.suratec.co.th/private_html/vendor/laravel/lumen-framework/src/Concerns/RoutesRequests.php(342): Laravel\Lumen\Application->callControllerCallable(Array, Array)
#8 /home/srt/domains/api1.suratec.co.th/private_html/vendor/laravel/lumen-framework/src/Concerns/RoutesRequests.php(316): Laravel\Lumen\Application->callLumenController(Object(App\Http\Controllers\Auth\SurasoleController), 'getDataFromJson', Array)
#9 /home/srt/domains/api1.suratec.co.th/private_html/vendor/laravel/lumen-framework/src/Concerns/RoutesRequests.php(278): Laravel\Lumen\Application->callControllerAction(Array)
#10 /home/srt/domains/api1.suratec.co.th/private_html/vendor/laravel/lumen-framework/src/Concerns/RoutesRequests.php(263): Laravel\Lumen\Application->callActionOnArrayBasedRoute(Array)
#11 /home/srt/domains/api1.suratec.co.th/private_html/vendor/laravel/lumen-framework/src/Concerns/RoutesRequests.php(165): Laravel\Lumen\Application->handleFoundRoute(Array)
#12 /home/srt/domains/api1.suratec.co.th/private_html/vendor/laravel/lumen-framework/src/Concerns/RoutesRequests.php(416): Laravel\Lumen\Application->Laravel\Lumen\Concerns\{closure}(Object(Laravel\Lumen\Http\Request))
#13 /home/srt/domains/api1.suratec.co.th/private_html/vendor/laravel/lumen-framework/src/Concerns/RoutesRequests.php(171): Laravel\Lumen\Application->sendThroughPipeline(Array, Object(Closure))
#14 /home/srt/domains/api1.suratec.co.th/private_html/vendor/laravel/lumen-framework/src/Concerns/RoutesRequests.php(108): Laravel\Lumen\Application->dispatch(NULL)
#15 /home/srt/domains/api1.suratec.co.th/private_html/index.php(28): Laravel\Lumen\Application->run()
#16 {main} {"exception":"[object] (ErrorException(code: 0): Undefined index: id_customer at /home/srt/domains/api1.suratec.co.th/private_html/app/Http/Controllers/Auth/SurasoleController.php:387)
[stacktrace]
#0 /home/srt/domains/api1.suratec.co.th/private_html/app/Http/Controllers/Auth/SurasoleController.php(387): Laravel\\Lumen\\Application->Laravel\\Lumen\\Concerns\\{closure}(8, 'Undefined index...', '/home/srt/domai...', 387, Array)
#1 [internal function]: App\\Http\\Controllers\\Auth\\SurasoleController->getDataFromJson(Object(Laravel\\Lumen\\Http\\Request))
#2 /home/srt/domains/api1.suratec.co.th/private_html/vendor/illuminate/container/BoundMethod.php(32): call_user_func_array(Array, Array)
#3 /home/srt/domains/api1.suratec.co.th/private_html/vendor/illuminate/container/BoundMethod.php(90): Illuminate\\Container\\BoundMethod::Illuminate\\Container\\{closure}()
#4 /home/srt/domains/api1.suratec.co.th/private_html/vendor/illuminate/container/BoundMethod.php(34): Illuminate\\Container\\BoundMethod::callBoundMethod(Object(Laravel\\Lumen\\Application), Array, Object(Closure))
#5 /home/srt/domains/api1.suratec.co.th/private_html/vendor/illuminate/container/Container.php(576): Illuminate\\Container\\BoundMethod::call(Object(Laravel\\Lumen\\Application), Array, Array, NULL)
#6 /home/srt/domains/api1.suratec.co.th/private_html/vendor/laravel/lumen-framework/src/Concerns/RoutesRequests.php(376): Illuminate\\Container\\Container->call(Array, Array)
#7 /home/srt/domains/api1.suratec.co.th/private_html/vendor/laravel/lumen-framework/src/Concerns/RoutesRequests.php(342): Laravel\\Lumen\\Application->callControllerCallable(Array, Array)
#8 /home/srt/domains/api1.suratec.co.th/private_html/vendor/laravel/lumen-framework/src/Concerns/RoutesRequests.php(316): Laravel\\Lumen\\Application->callLumenController(Object(App\\Http\\Controllers\\Auth\\SurasoleController), 'getDataFromJson', Array)
#9 /home/srt/domains/api1.suratec.co.th/private_html/vendor/laravel/lumen-framework/src/Concerns/RoutesRequests.php(278): Laravel\\Lumen\\Application->callControllerAction(Array)
#10 /home/srt/domains/api1.suratec.co.th/private_html/vendor/laravel/lumen-framework/src/Concerns/RoutesRequests.php(263): Laravel\\Lumen\\Application->callActionOnArrayBasedRoute(Array)
#11 /home/srt/domains/api1.suratec.co.th/private_html/vendor/laravel/lumen-framework/src/Concerns/RoutesRequests.php(165): Laravel\\Lumen\\Application->handleFoundRoute(Array)
#12 /home/srt/domains/api1.suratec.co.th/private_html/vendor/laravel/lumen-framework/src/Concerns/RoutesRequests.php(416): Laravel\\Lumen\\Application->Laravel\\Lumen\\Concerns\\{closure}(Object(Laravel\\Lumen\\Http\\Request))
#13 /home/srt/domains/api1.suratec.co.th/private_html/vendor/laravel/lumen-framework/src/Concerns/RoutesRequests.php(171): Laravel\\Lumen\\Application->sendThroughPipeline(Array, Object(Closure))
#14 /home/srt/domains/api1.suratec.co.th/private_html/vendor/laravel/lumen-framework/src/Concerns/RoutesRequests.php(108): Laravel\\Lumen\\Application->dispatch(NULL)
#15 /home/srt/domains/api1.suratec.co.th/private_html/index.php(28): Laravel\\Lumen\\Application->run()
#16 {main}
"} 
[2021-10-15 10:22:10] local.ERROR: ErrorException: Undefined index: id_customer in /home/srt/domains/api1.suratec.co.th/private_html/app/Http/Controllers/Auth/SurasoleController.php:387
Stack trace:
#0 /home/srt/domains/api1.suratec.co.th/private_html/app/Http/Controllers/Auth/SurasoleController.php(387): Laravel\Lumen\Application->Laravel\Lumen\Concerns\{closure}(8, 'Undefined index...', '/home/srt/domai...', 387, Array)
#1 [internal function]: App\Http\Controllers\Auth\SurasoleController->getDataFromJson(Object(Laravel\Lumen\Http\Request))
#2 /home/srt/domains/api1.suratec.co.th/private_html/vendor/illuminate/container/BoundMethod.php(32): call_user_func_array(Array, Array)
#3 /home/srt/domains/api1.suratec.co.th/private_html/vendor/illuminate/container/BoundMethod.php(90): Illuminate\Container\BoundMethod::Illuminate\Container\{closure}()
#4 /home/srt/domains/api1.suratec.co.th/private_html/vendor/illuminate/container/BoundMethod.php(34): Illuminate\Container\BoundMethod::callBoundMethod(Object(Laravel\Lumen\Application), Array, Object(Closure))
#5 /home/srt/domains/api1.suratec.co.th/private_html/vendor/illuminate/container/Container.php(576): Illuminate\Container\BoundMethod::call(Object(Laravel\Lumen\Application), Array, Array, NULL)
#6 /home/srt/domains/api1.suratec.co.th/private_html/vendor/laravel/lumen-framework/src/Concerns/RoutesRequests.php(376): Illuminate\Container\Container->call(Array, Array)
#7 /home/srt/domains/api1.suratec.co.th/private_html/vendor/laravel/lumen-framework/src/Concerns/RoutesRequests.php(342): Laravel\Lumen\Application->callControllerCallable(Array, Array)
#8 /home/srt/domains/api1.suratec.co.th/private_html/vendor/laravel/lumen-framework/src/Concerns/RoutesRequests.php(316): Laravel\Lumen\Application->callLumenController(Object(App\Http\Controllers\Auth\SurasoleController), 'getDataFromJson', Array)
#9 /home/srt/domains/api1.suratec.co.th/private_html/vendor/laravel/lumen-framework/src/Concerns/RoutesRequests.php(278): Laravel\Lumen\Application->callControllerAction(Array)
#10 /home/srt/domains/api1.suratec.co.th/private_html/vendor/laravel/lumen-framework/src/Concerns/RoutesRequests.php(263): Laravel\Lumen\Application->callActionOnArrayBasedRoute(Array)
#11 /home/srt/domains/api1.suratec.co.th/private_html/vendor/laravel/lumen-framework/src/Concerns/RoutesRequests.php(165): Laravel\Lumen\Application->handleFoundRoute(Array)
#12 /home/srt/domains/api1.suratec.co.th/private_html/vendor/laravel/lumen-framework/src/Concerns/RoutesRequests.php(416): Laravel\Lumen\Application->Laravel\Lumen\Concerns\{closure}(Object(Laravel\Lumen\Http\Request))
#13 /home/srt/domains/api1.suratec.co.th/private_html/vendor/laravel/lumen-framework/src/Concerns/RoutesRequests.php(171): Laravel\Lumen\Application->sendThroughPipeline(Array, Object(Closure))
#14 /home/srt/domains/api1.suratec.co.th/private_html/vendor/laravel/lumen-framework/src/Concerns/RoutesRequests.php(108): Laravel\Lumen\Application->dispatch(NULL)
#15 /home/srt/domains/api1.suratec.co.th/private_html/index.php(28): Laravel\Lumen\Application->run()
#16 {main} {"exception":"[object] (ErrorException(code: 0): Undefined index: id_customer at /home/srt/domains/api1.suratec.co.th/private_html/app/Http/Controllers/Auth/SurasoleController.php:387)
[stacktrace]
#0 /home/srt/domains/api1.suratec.co.th/private_html/app/Http/Controllers/Auth/SurasoleController.php(387): Laravel\\Lumen\\Application->Laravel\\Lumen\\Concerns\\{closure}(8, 'Undefined index...', '/home/srt/domai...', 387, Array)
#1 [internal function]: App\\Http\\Controllers\\Auth\\SurasoleController->getDataFromJson(Object(Laravel\\Lumen\\Http\\Request))
#2 /home/srt/domains/api1.suratec.co.th/private_html/vendor/illuminate/container/BoundMethod.php(32): call_user_func_array(Array, Array)
#3 /home/srt/domains/api1.suratec.co.th/private_html/vendor/illuminate/container/BoundMethod.php(90): Illuminate\\Container\\BoundMethod::Illuminate\\Container\\{closure}()
#4 /home/srt/domains/api1.suratec.co.th/private_html/vendor/illuminate/container/BoundMethod.php(34): Illuminate\\Container\\BoundMethod::callBoundMethod(Object(Laravel\\Lumen\\Application), Array, Object(Closure))
#5 /home/srt/domains/api1.suratec.co.th/private_html/vendor/illuminate/container/Container.php(576): Illuminate\\Container\\BoundMethod::call(Object(Laravel\\Lumen\\Application), Array, Array, NULL)
#6 /home/srt/domains/api1.suratec.co.th/private_html/vendor/laravel/lumen-framework/src/Concerns/RoutesRequests.php(376): Illuminate\\Container\\Container->call(Array, Array)
#7 /home/srt/domains/api1.suratec.co.th/private_html/vendor/laravel/lumen-framework/src/Concerns/RoutesRequests.php(342): Laravel\\Lumen\\Application->callControllerCallable(Array, Array)
#8 /home/srt/domains/api1.suratec.co.th/private_html/vendor/laravel/lumen-framework/src/Concerns/RoutesRequests.php(316): Laravel\\Lumen\\Application->callLumenController(Object(App\\Http\\Controllers\\Auth\\SurasoleController), 'getDataFromJson', Array)
#9 /home/srt/domains/api1.suratec.co.th/private_html/vendor/laravel/lumen-framework/src/Concerns/RoutesRequests.php(278): Laravel\\Lumen\\Application->callControllerAction(Array)
#10 /home/srt/domains/api1.suratec.co.th/private_html/vendor/laravel/lumen-framework/src/Concerns/RoutesRequests.php(263): Laravel\\Lumen\\Application->callActionOnArrayBasedRoute(Array)
#11 /home/srt/domains/api1.suratec.co.th/private_html/vendor/laravel/lumen-framework/src/Concerns/RoutesRequests.php(165): Laravel\\Lumen\\Application->handleFoundRoute(Array)
#12 /home/srt/domains/api1.suratec.co.th/private_html/vendor/laravel/lumen-framework/src/Concerns/RoutesRequests.php(416): Laravel\\Lumen\\Application->Laravel\\Lumen\\Concerns\\{closure}(Object(Laravel\\Lumen\\Http\\Request))
#13 /home/srt/domains/api1.suratec.co.th/private_html/vendor/laravel/lumen-framework/src/Concerns/RoutesRequests.php(171): Laravel\\Lumen\\Application->sendThroughPipeline(Array, Object(Closure))
#14 /home/srt/domains/api1.suratec.co.th/private_html/vendor/laravel/lumen-framework/src/Concerns/RoutesRequests.php(108): Laravel\\Lumen\\Application->dispatch(NULL)
#15 /home/srt/domains/api1.suratec.co.th/private_html/index.php(28): Laravel\\Lumen\\Application->run()
#16 {main}
"} 
[2021-10-15 10:22:10] local.ERROR: ErrorException: Undefined index: id_customer in /home/srt/domains/api1.suratec.co.th/private_html/app/Http/Controllers/Auth/SurasoleController.php:387
Stack trace:
#0 /home/srt/domains/api1.suratec.co.th/private_html/app/Http/Controllers/Auth/SurasoleController.php(387): Laravel\Lumen\Application->Laravel\Lumen\Concerns\{closure}(8, 'Undefined index...', '/home/srt/domai...', 387, Array)
#1 [internal function]: App\Http\Controllers\Auth\SurasoleController->getDataFromJson(Object(Laravel\Lumen\Http\Request))
#2 /home/srt/domains/api1.suratec.co.th/private_html/vendor/illuminate/container/BoundMethod.php(32): call_user_func_array(Array, Array)
#3 /home/srt/domains/api1.suratec.co.th/private_html/vendor/illuminate/container/BoundMethod.php(90): Illuminate\Container\BoundMethod::Illuminate\Container\{closure}()
#4 /home/srt/domains/api1.suratec.co.th/private_html/vendor/illuminate/container/BoundMethod.php(34): Illuminate\Container\BoundMethod::callBoundMethod(Object(Laravel\Lumen\Application), Array, Object(Closure))
#5 /home/srt/domains/api1.suratec.co.th/private_html/vendor/illuminate/container/Container.php(576): Illuminate\Container\BoundMethod::call(Object(Laravel\Lumen\Application), Array, Array, NULL)
#6 /home/srt/domains/api1.suratec.co.th/private_html/vendor/laravel/lumen-framework/src/Concerns/RoutesRequests.php(376): Illuminate\Container\Container->call(Array, Array)
#7 /home/srt/domains/api1.suratec.co.th/private_html/vendor/laravel/lumen-framework/src/Concerns/RoutesRequests.php(342): Laravel\Lumen\Application->callControllerCallable(Array, Array)
#8 /home/srt/domains/api1.suratec.co.th/private_html/vendor/laravel/lumen-framework/src/Concerns/RoutesRequests.php(316): Laravel\Lumen\Application->callLumenController(Object(App\Http\Controllers\Auth\SurasoleController), 'getDataFromJson', Array)
#9 /home/srt/domains/api1.suratec.co.th/private_html/vendor/laravel/lumen-framework/src/Concerns/RoutesRequests.php(278): Laravel\Lumen\Application->callControllerAction(Array)
#10 /home/srt/domains/api1.suratec.co.th/private_html/vendor/laravel/lumen-framework/src/Concerns/RoutesRequests.php(263): Laravel\Lumen\Application->callActionOnArrayBasedRoute(Array)
#11 /home/srt/domains/api1.suratec.co.th/private_html/vendor/laravel/lumen-framework/src/Concerns/RoutesRequests.php(165): Laravel\Lumen\Application->handleFoundRoute(Array)
#12 /home/srt/domains/api1.suratec.co.th/private_html/vendor/laravel/lumen-framework/src/Concerns/RoutesRequests.php(416): Laravel\Lumen\Application->Laravel\Lumen\Concerns\{closure}(Object(Laravel\Lumen\Http\Request))
#13 /home/srt/domains/api1.suratec.co.th/private_html/vendor/laravel/lumen-framework/src/Concerns/RoutesRequests.php(171): Laravel\Lumen\Application->sendThroughPipeline(Array, Object(Closure))
#14 /home/srt/domains/api1.suratec.co.th/private_html/vendor/laravel/lumen-framework/src/Concerns/RoutesRequests.php(108): Laravel\Lumen\Application->dispatch(NULL)
#15 /home/srt/domains/api1.suratec.co.th/private_html/index.php(28): Laravel\Lumen\Application->run()
#16 {main} {"exception":"[object] (ErrorException(code: 0): Undefined index: id_customer at /home/srt/domains/api1.suratec.co.th/private_html/app/Http/Controllers/Auth/SurasoleController.php:387)
[stacktrace]
#0 /home/srt/domains/api1.suratec.co.th/private_html/app/Http/Controllers/Auth/SurasoleController.php(387): Laravel\\Lumen\\Application->Laravel\\Lumen\\Concerns\\{closure}(8, 'Undefined index...', '/home/srt/domai...', 387, Array)
#1 [internal function]: App\\Http\\Controllers\\Auth\\SurasoleController->getDataFromJson(Object(Laravel\\Lumen\\Http\\Request))
#2 /home/srt/domains/api1.suratec.co.th/private_html/vendor/illuminate/container/BoundMethod.php(32): call_user_func_array(Array, Array)
#3 /home/srt/domains/api1.suratec.co.th/private_html/vendor/illuminate/container/BoundMethod.php(90): Illuminate\\Container\\BoundMethod::Illuminate\\Container\\{closure}()
#4 /home/srt/domains/api1.suratec.co.th/private_html/vendor/illuminate/container/BoundMethod.php(34): Illuminate\\Container\\BoundMethod::callBoundMethod(Object(Laravel\\Lumen\\Application), Array, Object(Closure))
#5 /home/srt/domains/api1.suratec.co.th/private_html/vendor/illuminate/container/Container.php(576): Illuminate\\Container\\BoundMethod::call(Object(Laravel\\Lumen\\Application), Array, Array, NULL)
#6 /home/srt/domains/api1.suratec.co.th/private_html/vendor/laravel/lumen-framework/src/Concerns/RoutesRequests.php(376): Illuminate\\Container\\Container->call(Array, Array)
#7 /home/srt/domains/api1.suratec.co.th/private_html/vendor/laravel/lumen-framework/src/Concerns/RoutesRequests.php(342): Laravel\\Lumen\\Application->callControllerCallable(Array, Array)
#8 /home/srt/domains/api1.suratec.co.th/private_html/vendor/laravel/lumen-framework/src/Concerns/RoutesRequests.php(316): Laravel\\Lumen\\Application->callLumenController(Object(App\\Http\\Controllers\\Auth\\SurasoleController), 'getDataFromJson', Array)
#9 /home/srt/domains/api1.suratec.co.th/private_html/vendor/laravel/lumen-framework/src/Concerns/RoutesRequests.php(278): Laravel\\Lumen\\Application->callControllerAction(Array)
#10 /home/srt/domains/api1.suratec.co.th/private_html/vendor/laravel/lumen-framework/src/Concerns/RoutesRequests.php(263): Laravel\\Lumen\\Application->callActionOnArrayBasedRoute(Array)
#11 /home/srt/domains/api1.suratec.co.th/private_html/vendor/laravel/lumen-framework/src/Concerns/RoutesRequests.php(165): Laravel\\Lumen\\Application->handleFoundRoute(Array)
#12 /home/srt/domains/api1.suratec.co.th/private_html/vendor/laravel/lumen-framework/src/Concerns/RoutesRequests.php(416): Laravel\\Lumen\\Application->Laravel\\Lumen\\Concerns\\{closure}(Object(Laravel\\Lumen\\Http\\Request))
#13 /home/srt/domains/api1.suratec.co.th/private_html/vendor/laravel/lumen-framework/src/Concerns/RoutesRequests.php(171): Laravel\\Lumen\\Application->sendThroughPipeline(Array, Object(Closure))
#14 /home/srt/domains/api1.suratec.co.th/private_html/vendor/laravel/lumen-framework/src/Concerns/RoutesRequests.php(108): Laravel\\Lumen\\Application->dispatch(NULL)
#15 /home/srt/domains/api1.suratec.co.th/private_html/index.php(28): Laravel\\Lumen\\Application->run()
#16 {main}
"} 
[2021-10-15 10:28:41] local.ERROR: ErrorException: Undefined index: id_customer in /home/srt/domains/api1.suratec.co.th/private_html/app/Http/Controllers/Auth/SurasoleController.php:387
Stack trace:
#0 /home/srt/domains/api1.suratec.co.th/private_html/app/Http/Controllers/Auth/SurasoleController.php(387): Laravel\Lumen\Application->Laravel\Lumen\Concerns\{closure}(8, 'Undefined index...', '/home/srt/domai...', 387, Array)
#1 [internal function]: App\Http\Controllers\Auth\SurasoleController->getDataFromJson(Object(Laravel\Lumen\Http\Request))
#2 /home/srt/domains/api1.suratec.co.th/private_html/vendor/illuminate/container/BoundMethod.php(32): call_user_func_array(Array, Array)
#3 /home/srt/domains/api1.suratec.co.th/private_html/vendor/illuminate/container/BoundMethod.php(90): Illuminate\Container\BoundMethod::Illuminate\Container\{closure}()
#4 /home/srt/domains/api1.suratec.co.th/private_html/vendor/illuminate/container/BoundMethod.php(34): Illuminate\Container\BoundMethod::callBoundMethod(Object(Laravel\Lumen\Application), Array, Object(Closure))
#5 /home/srt/domains/api1.suratec.co.th/private_html/vendor/illuminate/container/Container.php(576): Illuminate\Container\BoundMethod::call(Object(Laravel\Lumen\Application), Array, Array, NULL)
#6 /home/srt/domains/api1.suratec.co.th/private_html/vendor/laravel/lumen-framework/src/Concerns/RoutesRequests.php(376): Illuminate\Container\Container->call(Array, Array)
#7 /home/srt/domains/api1.suratec.co.th/private_html/vendor/laravel/lumen-framework/src/Concerns/RoutesRequests.php(342): Laravel\Lumen\Application->callControllerCallable(Array, Array)
#8 /home/srt/domains/api1.suratec.co.th/private_html/vendor/laravel/lumen-framework/src/Concerns/RoutesRequests.php(316): Laravel\Lumen\Application->callLumenController(Object(App\Http\Controllers\Auth\SurasoleController), 'getDataFromJson', Array)
#9 /home/srt/domains/api1.suratec.co.th/private_html/vendor/laravel/lumen-framework/src/Concerns/RoutesRequests.php(278): Laravel\Lumen\Application->callControllerAction(Array)
#10 /home/srt/domains/api1.suratec.co.th/private_html/vendor/laravel/lumen-framework/src/Concerns/RoutesRequests.php(263): Laravel\Lumen\Application->callActionOnArrayBasedRoute(Array)
#11 /home/srt/domains/api1.suratec.co.th/private_html/vendor/laravel/lumen-framework/src/Concerns/RoutesRequests.php(165): Laravel\Lumen\Application->handleFoundRoute(Array)
#12 /home/srt/domains/api1.suratec.co.th/private_html/vendor/laravel/lumen-framework/src/Concerns/RoutesRequests.php(416): Laravel\Lumen\Application->Laravel\Lumen\Concerns\{closure}(Object(Laravel\Lumen\Http\Request))
#13 /home/srt/domains/api1.suratec.co.th/private_html/vendor/laravel/lumen-framework/src/Concerns/RoutesRequests.php(171): Laravel\Lumen\Application->sendThroughPipeline(Array, Object(Closure))
#14 /home/srt/domains/api1.suratec.co.th/private_html/vendor/laravel/lumen-framework/src/Concerns/RoutesRequests.php(108): Laravel\Lumen\Application->dispatch(NULL)
#15 /home/srt/domains/api1.suratec.co.th/private_html/index.php(28): Laravel\Lumen\Application->run()
#16 {main} {"exception":"[object] (ErrorException(code: 0): Undefined index: id_customer at /home/srt/domains/api1.suratec.co.th/private_html/app/Http/Controllers/Auth/SurasoleController.php:387)
[stacktrace]
#0 /home/srt/domains/api1.suratec.co.th/private_html/app/Http/Controllers/Auth/SurasoleController.php(387): Laravel\\Lumen\\Application->Laravel\\Lumen\\Concerns\\{closure}(8, 'Undefined index...', '/home/srt/domai...', 387, Array)
#1 [internal function]: App\\Http\\Controllers\\Auth\\SurasoleController->getDataFromJson(Object(Laravel\\Lumen\\Http\\Request))
#2 /home/srt/domains/api1.suratec.co.th/private_html/vendor/illuminate/container/BoundMethod.php(32): call_user_func_array(Array, Array)
#3 /home/srt/domains/api1.suratec.co.th/private_html/vendor/illuminate/container/BoundMethod.php(90): Illuminate\\Container\\BoundMethod::Illuminate\\Container\\{closure}()
#4 /home/srt/domains/api1.suratec.co.th/private_html/vendor/illuminate/container/BoundMethod.php(34): Illuminate\\Container\\BoundMethod::callBoundMethod(Object(Laravel\\Lumen\\Application), Array, Object(Closure))
#5 /home/srt/domains/api1.suratec.co.th/private_html/vendor/illuminate/container/Container.php(576): Illuminate\\Container\\BoundMethod::call(Object(Laravel\\Lumen\\Application), Array, Array, NULL)
#6 /home/srt/domains/api1.suratec.co.th/private_html/vendor/laravel/lumen-framework/src/Concerns/RoutesRequests.php(376): Illuminate\\Container\\Container->call(Array, Array)
#7 /home/srt/domains/api1.suratec.co.th/private_html/vendor/laravel/lumen-framework/src/Concerns/RoutesRequests.php(342): Laravel\\Lumen\\Application->callControllerCallable(Array, Array)
#8 /home/srt/domains/api1.suratec.co.th/private_html/vendor/laravel/lumen-framework/src/Concerns/RoutesRequests.php(316): Laravel\\Lumen\\Application->callLumenController(Object(App\\Http\\Controllers\\Auth\\SurasoleController), 'getDataFromJson', Array)
#9 /home/srt/domains/api1.suratec.co.th/private_html/vendor/laravel/lumen-framework/src/Concerns/RoutesRequests.php(278): Laravel\\Lumen\\Application->callControllerAction(Array)
#10 /home/srt/domains/api1.suratec.co.th/private_html/vendor/laravel/lumen-framework/src/Concerns/RoutesRequests.php(263): Laravel\\Lumen\\Application->callActionOnArrayBasedRoute(Array)
#11 /home/srt/domains/api1.suratec.co.th/private_html/vendor/laravel/lumen-framework/src/Concerns/RoutesRequests.php(165): Laravel\\Lumen\\Application->handleFoundRoute(Array)
#12 /home/srt/domains/api1.suratec.co.th/private_html/vendor/laravel/lumen-framework/src/Concerns/RoutesRequests.php(416): Laravel\\Lumen\\Application->Laravel\\Lumen\\Concerns\\{closure}(Object(Laravel\\Lumen\\Http\\Request))
#13 /home/srt/domains/api1.suratec.co.th/private_html/vendor/laravel/lumen-framework/src/Concerns/RoutesRequests.php(171): Laravel\\Lumen\\Application->sendThroughPipeline(Array, Object(Closure))
#14 /home/srt/domains/api1.suratec.co.th/private_html/vendor/laravel/lumen-framework/src/Concerns/RoutesRequests.php(108): Laravel\\Lumen\\Application->dispatch(NULL)
#15 /home/srt/domains/api1.suratec.co.th/private_html/index.php(28): Laravel\\Lumen\\Application->run()
#16 {main}
"} 
[2021-10-15 10:29:00] local.ERROR: ErrorException: Undefined index: id_customer in /home/srt/domains/api1.suratec.co.th/private_html/app/Http/Controllers/Auth/SurasoleController.php:387
Stack trace:
#0 /home/srt/domains/api1.suratec.co.th/private_html/app/Http/Controllers/Auth/SurasoleController.php(387): Laravel\Lumen\Application->Laravel\Lumen\Concerns\{closure}(8, 'Undefined index...', '/home/srt/domai...', 387, Array)
#1 [internal function]: App\Http\Controllers\Auth\SurasoleController->getDataFromJson(Object(Laravel\Lumen\Http\Request))
#2 /home/srt/domains/api1.suratec.co.th/private_html/vendor/illuminate/container/BoundMethod.php(32): call_user_func_array(Array, Array)
#3 /home/srt/domains/api1.suratec.co.th/private_html/vendor/illuminate/container/BoundMethod.php(90): Illuminate\Container\BoundMethod::Illuminate\Container\{closure}()
#4 /home/srt/domains/api1.suratec.co.th/private_html/vendor/illuminate/container/BoundMethod.php(34): Illuminate\Container\BoundMethod::callBoundMethod(Object(Laravel\Lumen\Application), Array, Object(Closure))
#5 /home/srt/domains/api1.suratec.co.th/private_html/vendor/illuminate/container/Container.php(576): Illuminate\Container\BoundMethod::call(Object(Laravel\Lumen\Application), Array, Array, NULL)
#6 /home/srt/domains/api1.suratec.co.th/private_html/vendor/laravel/lumen-framework/src/Concerns/RoutesRequests.php(376): Illuminate\Container\Container->call(Array, Array)
#7 /home/srt/domains/api1.suratec.co.th/private_html/vendor/laravel/lumen-framework/src/Concerns/RoutesRequests.php(342): Laravel\Lumen\Application->callControllerCallable(Array, Array)
#8 /home/srt/domains/api1.suratec.co.th/private_html/vendor/laravel/lumen-framework/src/Concerns/RoutesRequests.php(316): Laravel\Lumen\Application->callLumenController(Object(App\Http\Controllers\Auth\SurasoleController), 'getDataFromJson', Array)
#9 /home/srt/domains/api1.suratec.co.th/private_html/vendor/laravel/lumen-framework/src/Concerns/RoutesRequests.php(278): Laravel\Lumen\Application->callControllerAction(Array)
#10 /home/srt/domains/api1.suratec.co.th/private_html/vendor/laravel/lumen-framework/src/Concerns/RoutesRequests.php(263): Laravel\Lumen\Application->callActionOnArrayBasedRoute(Array)
#11 /home/srt/domains/api1.suratec.co.th/private_html/vendor/laravel/lumen-framework/src/Concerns/RoutesRequests.php(165): Laravel\Lumen\Application->handleFoundRoute(Array)
#12 /home/srt/domains/api1.suratec.co.th/private_html/vendor/laravel/lumen-framework/src/Concerns/RoutesRequests.php(416): Laravel\Lumen\Application->Laravel\Lumen\Concerns\{closure}(Object(Laravel\Lumen\Http\Request))
#13 /home/srt/domains/api1.suratec.co.th/private_html/vendor/laravel/lumen-framework/src/Concerns/RoutesRequests.php(171): Laravel\Lumen\Application->sendThroughPipeline(Array, Object(Closure))
#14 /home/srt/domains/api1.suratec.co.th/private_html/vendor/laravel/lumen-framework/src/Concerns/RoutesRequests.php(108): Laravel\Lumen\Application->dispatch(NULL)
#15 /home/srt/domains/api1.suratec.co.th/private_html/index.php(28): Laravel\Lumen\Application->run()
#16 {main} {"exception":"[object] (ErrorException(code: 0): Undefined index: id_customer at /home/srt/domains/api1.suratec.co.th/private_html/app/Http/Controllers/Auth/SurasoleController.php:387)
[stacktrace]
#0 /home/srt/domains/api1.suratec.co.th/private_html/app/Http/Controllers/Auth/SurasoleController.php(387): Laravel\\Lumen\\Application->Laravel\\Lumen\\Concerns\\{closure}(8, 'Undefined index...', '/home/srt/domai...', 387, Array)
#1 [internal function]: App\\Http\\Controllers\\Auth\\SurasoleController->getDataFromJson(Object(Laravel\\Lumen\\Http\\Request))
#2 /home/srt/domains/api1.suratec.co.th/private_html/vendor/illuminate/container/BoundMethod.php(32): call_user_func_array(Array, Array)
#3 /home/srt/domains/api1.suratec.co.th/private_html/vendor/illuminate/container/BoundMethod.php(90): Illuminate\\Container\\BoundMethod::Illuminate\\Container\\{closure}()
#4 /home/srt/domains/api1.suratec.co.th/private_html/vendor/illuminate/container/BoundMethod.php(34): Illuminate\\Container\\BoundMethod::callBoundMethod(Object(Laravel\\Lumen\\Application), Array, Object(Closure))
#5 /home/srt/domains/api1.suratec.co.th/private_html/vendor/illuminate/container/Container.php(576): Illuminate\\Container\\BoundMethod::call(Object(Laravel\\Lumen\\Application), Array, Array, NULL)
#6 /home/srt/domains/api1.suratec.co.th/private_html/vendor/laravel/lumen-framework/src/Concerns/RoutesRequests.php(376): Illuminate\\Container\\Container->call(Array, Array)
#7 /home/srt/domains/api1.suratec.co.th/private_html/vendor/laravel/lumen-framework/src/Concerns/RoutesRequests.php(342): Laravel\\Lumen\\Application->callControllerCallable(Array, Array)
#8 /home/srt/domains/api1.suratec.co.th/private_html/vendor/laravel/lumen-framework/src/Concerns/RoutesRequests.php(316): Laravel\\Lumen\\Application->callLumenController(Object(App\\Http\\Controllers\\Auth\\SurasoleController), 'getDataFromJson', Array)
#9 /home/srt/domains/api1.suratec.co.th/private_html/vendor/laravel/lumen-framework/src/Concerns/RoutesRequests.php(278): Laravel\\Lumen\\Application->callControllerAction(Array)
#10 /home/srt/domains/api1.suratec.co.th/private_html/vendor/laravel/lumen-framework/src/Concerns/RoutesRequests.php(263): Laravel\\Lumen\\Application->callActionOnArrayBasedRoute(Array)
#11 /home/srt/domains/api1.suratec.co.th/private_html/vendor/laravel/lumen-framework/src/Concerns/RoutesRequests.php(165): Laravel\\Lumen\\Application->handleFoundRoute(Array)
#12 /home/srt/domains/api1.suratec.co.th/private_html/vendor/laravel/lumen-framework/src/Concerns/RoutesRequests.php(416): Laravel\\Lumen\\Application->Laravel\\Lumen\\Concerns\\{closure}(Object(Laravel\\Lumen\\Http\\Request))
#13 /home/srt/domains/api1.suratec.co.th/private_html/vendor/laravel/lumen-framework/src/Concerns/RoutesRequests.php(171): Laravel\\Lumen\\Application->sendThroughPipeline(Array, Object(Closure))
#14 /home/srt/domains/api1.suratec.co.th/private_html/vendor/laravel/lumen-framework/src/Concerns/RoutesRequests.php(108): Laravel\\Lumen\\Application->dispatch(NULL)
#15 /home/srt/domains/api1.suratec.co.th/private_html/index.php(28): Laravel\\Lumen\\Application->run()
#16 {main}
"} 
[2021-10-15 10:29:22] local.ERROR: ErrorException: Undefined index: id_customer in /home/srt/domains/api1.suratec.co.th/private_html/app/Http/Controllers/Auth/SurasoleController.php:387
Stack trace:
#0 /home/srt/domains/api1.suratec.co.th/private_html/app/Http/Controllers/Auth/SurasoleController.php(387): Laravel\Lumen\Application->Laravel\Lumen\Concerns\{closure}(8, 'Undefined index...', '/home/srt/domai...', 387, Array)
#1 [internal function]: App\Http\Controllers\Auth\SurasoleController->getDataFromJson(Object(Laravel\Lumen\Http\Request))
#2 /home/srt/domains/api1.suratec.co.th/private_html/vendor/illuminate/container/BoundMethod.php(32): call_user_func_array(Array, Array)
#3 /home/srt/domains/api1.suratec.co.th/private_html/vendor/illuminate/container/BoundMethod.php(90): Illuminate\Container\BoundMethod::Illuminate\Container\{closure}()
#4 /home/srt/domains/api1.suratec.co.th/private_html/vendor/illuminate/container/BoundMethod.php(34): Illuminate\Container\BoundMethod::callBoundMethod(Object(Laravel\Lumen\Application), Array, Object(Closure))
#5 /home/srt/domains/api1.suratec.co.th/private_html/vendor/illuminate/container/Container.php(576): Illuminate\Container\BoundMethod::call(Object(Laravel\Lumen\Application), Array, Array, NULL)
#6 /home/srt/domains/api1.suratec.co.th/private_html/vendor/laravel/lumen-framework/src/Concerns/RoutesRequests.php(376): Illuminate\Container\Container->call(Array, Array)
#7 /home/srt/domains/api1.suratec.co.th/private_html/vendor/laravel/lumen-framework/src/Concerns/RoutesRequests.php(342): Laravel\Lumen\Application->callControllerCallable(Array, Array)
#8 /home/srt/domains/api1.suratec.co.th/private_html/vendor/laravel/lumen-framework/src/Concerns/RoutesRequests.php(316): Laravel\Lumen\Application->callLumenController(Object(App\Http\Controllers\Auth\SurasoleController), 'getDataFromJson', Array)
#9 /home/srt/domains/api1.suratec.co.th/private_html/vendor/laravel/lumen-framework/src/Concerns/RoutesRequests.php(278): Laravel\Lumen\Application->callControllerAction(Array)
#10 /home/srt/domains/api1.suratec.co.th/private_html/vendor/laravel/lumen-framework/src/Concerns/RoutesRequests.php(263): Laravel\Lumen\Application->callActionOnArrayBasedRoute(Array)
#11 /home/srt/domains/api1.suratec.co.th/private_html/vendor/laravel/lumen-framework/src/Concerns/RoutesRequests.php(165): Laravel\Lumen\Application->handleFoundRoute(Array)
#12 /home/srt/domains/api1.suratec.co.th/private_html/vendor/laravel/lumen-framework/src/Concerns/RoutesRequests.php(416): Laravel\Lumen\Application->Laravel\Lumen\Concerns\{closure}(Object(Laravel\Lumen\Http\Request))
#13 /home/srt/domains/api1.suratec.co.th/private_html/vendor/laravel/lumen-framework/src/Concerns/RoutesRequests.php(171): Laravel\Lumen\Application->sendThroughPipeline(Array, Object(Closure))
#14 /home/srt/domains/api1.suratec.co.th/private_html/vendor/laravel/lumen-framework/src/Concerns/RoutesRequests.php(108): Laravel\Lumen\Application->dispatch(NULL)
#15 /home/srt/domains/api1.suratec.co.th/private_html/index.php(28): Laravel\Lumen\Application->run()
#16 {main} {"exception":"[object] (ErrorException(code: 0): Undefined index: id_customer at /home/srt/domains/api1.suratec.co.th/private_html/app/Http/Controllers/Auth/SurasoleController.php:387)
[stacktrace]
#0 /home/srt/domains/api1.suratec.co.th/private_html/app/Http/Controllers/Auth/SurasoleController.php(387): Laravel\\Lumen\\Application->Laravel\\Lumen\\Concerns\\{closure}(8, 'Undefined index...', '/home/srt/domai...', 387, Array)
#1 [internal function]: App\\Http\\Controllers\\Auth\\SurasoleController->getDataFromJson(Object(Laravel\\Lumen\\Http\\Request))
#2 /home/srt/domains/api1.suratec.co.th/private_html/vendor/illuminate/container/BoundMethod.php(32): call_user_func_array(Array, Array)
#3 /home/srt/domains/api1.suratec.co.th/private_html/vendor/illuminate/container/BoundMethod.php(90): Illuminate\\Container\\BoundMethod::Illuminate\\Container\\{closure}()
#4 /home/srt/domains/api1.suratec.co.th/private_html/vendor/illuminate/container/BoundMethod.php(34): Illuminate\\Container\\BoundMethod::callBoundMethod(Object(Laravel\\Lumen\\Application), Array, Object(Closure))
#5 /home/srt/domains/api1.suratec.co.th/private_html/vendor/illuminate/container/Container.php(576): Illuminate\\Container\\BoundMethod::call(Object(Laravel\\Lumen\\Application), Array, Array, NULL)
#6 /home/srt/domains/api1.suratec.co.th/private_html/vendor/laravel/lumen-framework/src/Concerns/RoutesRequests.php(376): Illuminate\\Container\\Container->call(Array, Array)
#7 /home/srt/domains/api1.suratec.co.th/private_html/vendor/laravel/lumen-framework/src/Concerns/RoutesRequests.php(342): Laravel\\Lumen\\Application->callControllerCallable(Array, Array)
#8 /home/srt/domains/api1.suratec.co.th/private_html/vendor/laravel/lumen-framework/src/Concerns/RoutesRequests.php(316): Laravel\\Lumen\\Application->callLumenController(Object(App\\Http\\Controllers\\Auth\\SurasoleController), 'getDataFromJson', Array)
#9 /home/srt/domains/api1.suratec.co.th/private_html/vendor/laravel/lumen-framework/src/Concerns/RoutesRequests.php(278): Laravel\\Lumen\\Application->callControllerAction(Array)
#10 /home/srt/domains/api1.suratec.co.th/private_html/vendor/laravel/lumen-framework/src/Concerns/RoutesRequests.php(263): Laravel\\Lumen\\Application->callActionOnArrayBasedRoute(Array)
#11 /home/srt/domains/api1.suratec.co.th/private_html/vendor/laravel/lumen-framework/src/Concerns/RoutesRequests.php(165): Laravel\\Lumen\\Application->handleFoundRoute(Array)
#12 /home/srt/domains/api1.suratec.co.th/private_html/vendor/laravel/lumen-framework/src/Concerns/RoutesRequests.php(416): Laravel\\Lumen\\Application->Laravel\\Lumen\\Concerns\\{closure}(Object(Laravel\\Lumen\\Http\\Request))
#13 /home/srt/domains/api1.suratec.co.th/private_html/vendor/laravel/lumen-framework/src/Concerns/RoutesRequests.php(171): Laravel\\Lumen\\Application->sendThroughPipeline(Array, Object(Closure))
#14 /home/srt/domains/api1.suratec.co.th/private_html/vendor/laravel/lumen-framework/src/Concerns/RoutesRequests.php(108): Laravel\\Lumen\\Application->dispatch(NULL)
#15 /home/srt/domains/api1.suratec.co.th/private_html/index.php(28): Laravel\\Lumen\\Application->run()
#16 {main}
"} 
[2021-10-15 10:33:18] local.ERROR: ErrorException: Undefined index: id_customer in /home/srt/domains/api1.suratec.co.th/private_html/app/Http/Controllers/Auth/SurasoleController.php:387
Stack trace:
#0 /home/srt/domains/api1.suratec.co.th/private_html/app/Http/Controllers/Auth/SurasoleController.php(387): Laravel\Lumen\Application->Laravel\Lumen\Concerns\{closure}(8, 'Undefined index...', '/home/srt/domai...', 387, Array)
#1 [internal function]: App\Http\Controllers\Auth\SurasoleController->getDataFromJson(Object(Laravel\Lumen\Http\Request))
#2 /home/srt/domains/api1.suratec.co.th/private_html/vendor/illuminate/container/BoundMethod.php(32): call_user_func_array(Array, Array)
#3 /home/srt/domains/api1.suratec.co.th/private_html/vendor/illuminate/container/BoundMethod.php(90): Illuminate\Container\BoundMethod::Illuminate\Container\{closure}()
#4 /home/srt/domains/api1.suratec.co.th/private_html/vendor/illuminate/container/BoundMethod.php(34): Illuminate\Container\BoundMethod::callBoundMethod(Object(Laravel\Lumen\Application), Array, Object(Closure))
#5 /home/srt/domains/api1.suratec.co.th/private_html/vendor/illuminate/container/Container.php(576): Illuminate\Container\BoundMethod::call(Object(Laravel\Lumen\Application), Array, Array, NULL)
#6 /home/srt/domains/api1.suratec.co.th/private_html/vendor/laravel/lumen-framework/src/Concerns/RoutesRequests.php(376): Illuminate\Container\Container->call(Array, Array)
#7 /home/srt/domains/api1.suratec.co.th/private_html/vendor/laravel/lumen-framework/src/Concerns/RoutesRequests.php(342): Laravel\Lumen\Application->callControllerCallable(Array, Array)
#8 /home/srt/domains/api1.suratec.co.th/private_html/vendor/laravel/lumen-framework/src/Concerns/RoutesRequests.php(316): Laravel\Lumen\Application->callLumenController(Object(App\Http\Controllers\Auth\SurasoleController), 'getDataFromJson', Array)
#9 /home/srt/domains/api1.suratec.co.th/private_html/vendor/laravel/lumen-framework/src/Concerns/RoutesRequests.php(278): Laravel\Lumen\Application->callControllerAction(Array)
#10 /home/srt/domains/api1.suratec.co.th/private_html/vendor/laravel/lumen-framework/src/Concerns/RoutesRequests.php(263): Laravel\Lumen\Application->callActionOnArrayBasedRoute(Array)
#11 /home/srt/domains/api1.suratec.co.th/private_html/vendor/laravel/lumen-framework/src/Concerns/RoutesRequests.php(165): Laravel\Lumen\Application->handleFoundRoute(Array)
#12 /home/srt/domains/api1.suratec.co.th/private_html/vendor/laravel/lumen-framework/src/Concerns/RoutesRequests.php(416): Laravel\Lumen\Application->Laravel\Lumen\Concerns\{closure}(Object(Laravel\Lumen\Http\Request))
#13 /home/srt/domains/api1.suratec.co.th/private_html/vendor/laravel/lumen-framework/src/Concerns/RoutesRequests.php(171): Laravel\Lumen\Application->sendThroughPipeline(Array, Object(Closure))
#14 /home/srt/domains/api1.suratec.co.th/private_html/vendor/laravel/lumen-framework/src/Concerns/RoutesRequests.php(108): Laravel\Lumen\Application->dispatch(NULL)
#15 /home/srt/domains/api1.suratec.co.th/private_html/index.php(28): Laravel\Lumen\Application->run()
#16 {main} {"exception":"[object] (ErrorException(code: 0): Undefined index: id_customer at /home/srt/domains/api1.suratec.co.th/private_html/app/Http/Controllers/Auth/SurasoleController.php:387)
[stacktrace]
#0 /home/srt/domains/api1.suratec.co.th/private_html/app/Http/Controllers/Auth/SurasoleController.php(387): Laravel\\Lumen\\Application->Laravel\\Lumen\\Concerns\\{closure}(8, 'Undefined index...', '/home/srt/domai...', 387, Array)
#1 [internal function]: App\\Http\\Controllers\\Auth\\SurasoleController->getDataFromJson(Object(Laravel\\Lumen\\Http\\Request))
#2 /home/srt/domains/api1.suratec.co.th/private_html/vendor/illuminate/container/BoundMethod.php(32): call_user_func_array(Array, Array)
#3 /home/srt/domains/api1.suratec.co.th/private_html/vendor/illuminate/container/BoundMethod.php(90): Illuminate\\Container\\BoundMethod::Illuminate\\Container\\{closure}()
#4 /home/srt/domains/api1.suratec.co.th/private_html/vendor/illuminate/container/BoundMethod.php(34): Illuminate\\Container\\BoundMethod::callBoundMethod(Object(Laravel\\Lumen\\Application), Array, Object(Closure))
#5 /home/srt/domains/api1.suratec.co.th/private_html/vendor/illuminate/container/Container.php(576): Illuminate\\Container\\BoundMethod::call(Object(Laravel\\Lumen\\Application), Array, Array, NULL)
#6 /home/srt/domains/api1.suratec.co.th/private_html/vendor/laravel/lumen-framework/src/Concerns/RoutesRequests.php(376): Illuminate\\Container\\Container->call(Array, Array)
#7 /home/srt/domains/api1.suratec.co.th/private_html/vendor/laravel/lumen-framework/src/Concerns/RoutesRequests.php(342): Laravel\\Lumen\\Application->callControllerCallable(Array, Array)
#8 /home/srt/domains/api1.suratec.co.th/private_html/vendor/laravel/lumen-framework/src/Concerns/RoutesRequests.php(316): Laravel\\Lumen\\Application->callLumenController(Object(App\\Http\\Controllers\\Auth\\SurasoleController), 'getDataFromJson', Array)
#9 /home/srt/domains/api1.suratec.co.th/private_html/vendor/laravel/lumen-framework/src/Concerns/RoutesRequests.php(278): Laravel\\Lumen\\Application->callControllerAction(Array)
#10 /home/srt/domains/api1.suratec.co.th/private_html/vendor/laravel/lumen-framework/src/Concerns/RoutesRequests.php(263): Laravel\\Lumen\\Application->callActionOnArrayBasedRoute(Array)
#11 /home/srt/domains/api1.suratec.co.th/private_html/vendor/laravel/lumen-framework/src/Concerns/RoutesRequests.php(165): Laravel\\Lumen\\Application->handleFoundRoute(Array)
#12 /home/srt/domains/api1.suratec.co.th/private_html/vendor/laravel/lumen-framework/src/Concerns/RoutesRequests.php(416): Laravel\\Lumen\\Application->Laravel\\Lumen\\Concerns\\{closure}(Object(Laravel\\Lumen\\Http\\Request))
#13 /home/srt/domains/api1.suratec.co.th/private_html/vendor/laravel/lumen-framework/src/Concerns/RoutesRequests.php(171): Laravel\\Lumen\\Application->sendThroughPipeline(Array, Object(Closure))
#14 /home/srt/domains/api1.suratec.co.th/private_html/vendor/laravel/lumen-framework/src/Concerns/RoutesRequests.php(108): Laravel\\Lumen\\Application->dispatch(NULL)
#15 /home/srt/domains/api1.suratec.co.th/private_html/index.php(28): Laravel\\Lumen\\Application->run()
#16 {main}
"} 
[2021-10-15 10:33:18] local.ERROR: ErrorException: Undefined index: id_customer in /home/srt/domains/api1.suratec.co.th/private_html/app/Http/Controllers/Auth/SurasoleController.php:387
Stack trace:
#0 /home/srt/domains/api1.suratec.co.th/private_html/app/Http/Controllers/Auth/SurasoleController.php(387): Laravel\Lumen\Application->Laravel\Lumen\Concerns\{closure}(8, 'Undefined index...', '/home/srt/domai...', 387, Array)
#1 [internal function]: App\Http\Controllers\Auth\SurasoleController->getDataFromJson(Object(Laravel\Lumen\Http\Request))
#2 /home/srt/domains/api1.suratec.co.th/private_html/vendor/illuminate/container/BoundMethod.php(32): call_user_func_array(Array, Array)
#3 /home/srt/domains/api1.suratec.co.th/private_html/vendor/illuminate/container/BoundMethod.php(90): Illuminate\Container\BoundMethod::Illuminate\Container\{closure}()
#4 /home/srt/domains/api1.suratec.co.th/private_html/vendor/illuminate/container/BoundMethod.php(34): Illuminate\Container\BoundMethod::callBoundMethod(Object(Laravel\Lumen\Application), Array, Object(Closure))
#5 /home/srt/domains/api1.suratec.co.th/private_html/vendor/illuminate/container/Container.php(576): Illuminate\Container\BoundMethod::call(Object(Laravel\Lumen\Application), Array, Array, NULL)
#6 /home/srt/domains/api1.suratec.co.th/private_html/vendor/laravel/lumen-framework/src/Concerns/RoutesRequests.php(376): Illuminate\Container\Container->call(Array, Array)
#7 /home/srt/domains/api1.suratec.co.th/private_html/vendor/laravel/lumen-framework/src/Concerns/RoutesRequests.php(342): Laravel\Lumen\Application->callControllerCallable(Array, Array)
#8 /home/srt/domains/api1.suratec.co.th/private_html/vendor/laravel/lumen-framework/src/Concerns/RoutesRequests.php(316): Laravel\Lumen\Application->callLumenController(Object(App\Http\Controllers\Auth\SurasoleController), 'getDataFromJson', Array)
#9 /home/srt/domains/api1.suratec.co.th/private_html/vendor/laravel/lumen-framework/src/Concerns/RoutesRequests.php(278): Laravel\Lumen\Application->callControllerAction(Array)
#10 /home/srt/domains/api1.suratec.co.th/private_html/vendor/laravel/lumen-framework/src/Concerns/RoutesRequests.php(263): Laravel\Lumen\Application->callActionOnArrayBasedRoute(Array)
#11 /home/srt/domains/api1.suratec.co.th/private_html/vendor/laravel/lumen-framework/src/Concerns/RoutesRequests.php(165): Laravel\Lumen\Application->handleFoundRoute(Array)
#12 /home/srt/domains/api1.suratec.co.th/private_html/vendor/laravel/lumen-framework/src/Concerns/RoutesRequests.php(416): Laravel\Lumen\Application->Laravel\Lumen\Concerns\{closure}(Object(Laravel\Lumen\Http\Request))
#13 /home/srt/domains/api1.suratec.co.th/private_html/vendor/laravel/lumen-framework/src/Concerns/RoutesRequests.php(171): Laravel\Lumen\Application->sendThroughPipeline(Array, Object(Closure))
#14 /home/srt/domains/api1.suratec.co.th/private_html/vendor/laravel/lumen-framework/src/Concerns/RoutesRequests.php(108): Laravel\Lumen\Application->dispatch(NULL)
#15 /home/srt/domains/api1.suratec.co.th/private_html/index.php(28): Laravel\Lumen\Application->run()
#16 {main} {"exception":"[object] (ErrorException(code: 0): Undefined index: id_customer at /home/srt/domains/api1.suratec.co.th/private_html/app/Http/Controllers/Auth/SurasoleController.php:387)
[stacktrace]
#0 /home/srt/domains/api1.suratec.co.th/private_html/app/Http/Controllers/Auth/SurasoleController.php(387): Laravel\\Lumen\\Application->Laravel\\Lumen\\Concerns\\{closure}(8, 'Undefined index...', '/home/srt/domai...', 387, Array)
#1 [internal function]: App\\Http\\Controllers\\Auth\\SurasoleController->getDataFromJson(Object(Laravel\\Lumen\\Http\\Request))
#2 /home/srt/domains/api1.suratec.co.th/private_html/vendor/illuminate/container/BoundMethod.php(32): call_user_func_array(Array, Array)
#3 /home/srt/domains/api1.suratec.co.th/private_html/vendor/illuminate/container/BoundMethod.php(90): Illuminate\\Container\\BoundMethod::Illuminate\\Container\\{closure}()
#4 /home/srt/domains/api1.suratec.co.th/private_html/vendor/illuminate/container/BoundMethod.php(34): Illuminate\\Container\\BoundMethod::callBoundMethod(Object(Laravel\\Lumen\\Application), Array, Object(Closure))
#5 /home/srt/domains/api1.suratec.co.th/private_html/vendor/illuminate/container/Container.php(576): Illuminate\\Container\\BoundMethod::call(Object(Laravel\\Lumen\\Application), Array, Array, NULL)
#6 /home/srt/domains/api1.suratec.co.th/private_html/vendor/laravel/lumen-framework/src/Concerns/RoutesRequests.php(376): Illuminate\\Container\\Container->call(Array, Array)
#7 /home/srt/domains/api1.suratec.co.th/private_html/vendor/laravel/lumen-framework/src/Concerns/RoutesRequests.php(342): Laravel\\Lumen\\Application->callControllerCallable(Array, Array)
#8 /home/srt/domains/api1.suratec.co.th/private_html/vendor/laravel/lumen-framework/src/Concerns/RoutesRequests.php(316): Laravel\\Lumen\\Application->callLumenController(Object(App\\Http\\Controllers\\Auth\\SurasoleController), 'getDataFromJson', Array)
#9 /home/srt/domains/api1.suratec.co.th/private_html/vendor/laravel/lumen-framework/src/Concerns/RoutesRequests.php(278): Laravel\\Lumen\\Application->callControllerAction(Array)
#10 /home/srt/domains/api1.suratec.co.th/private_html/vendor/laravel/lumen-framework/src/Concerns/RoutesRequests.php(263): Laravel\\Lumen\\Application->callActionOnArrayBasedRoute(Array)
#11 /home/srt/domains/api1.suratec.co.th/private_html/vendor/laravel/lumen-framework/src/Concerns/RoutesRequests.php(165): Laravel\\Lumen\\Application->handleFoundRoute(Array)
#12 /home/srt/domains/api1.suratec.co.th/private_html/vendor/laravel/lumen-framework/src/Concerns/RoutesRequests.php(416): Laravel\\Lumen\\Application->Laravel\\Lumen\\Concerns\\{closure}(Object(Laravel\\Lumen\\Http\\Request))
#13 /home/srt/domains/api1.suratec.co.th/private_html/vendor/laravel/lumen-framework/src/Concerns/RoutesRequests.php(171): Laravel\\Lumen\\Application->sendThroughPipeline(Array, Object(Closure))
#14 /home/srt/domains/api1.suratec.co.th/private_html/vendor/laravel/lumen-framework/src/Concerns/RoutesRequests.php(108): Laravel\\Lumen\\Application->dispatch(NULL)
#15 /home/srt/domains/api1.suratec.co.th/private_html/index.php(28): Laravel\\Lumen\\Application->run()
#16 {main}
"} 
[2021-10-15 10:35:57] local.ERROR: ErrorException: Undefined index: id_customer in /home/srt/domains/api1.suratec.co.th/private_html/app/Http/Controllers/Auth/SurasoleController.php:387
Stack trace:
#0 /home/srt/domains/api1.suratec.co.th/private_html/app/Http/Controllers/Auth/SurasoleController.php(387): Laravel\Lumen\Application->Laravel\Lumen\Concerns\{closure}(8, 'Undefined index...', '/home/srt/domai...', 387, Array)
#1 [internal function]: App\Http\Controllers\Auth\SurasoleController->getDataFromJson(Object(Laravel\Lumen\Http\Request))
#2 /home/srt/domains/api1.suratec.co.th/private_html/vendor/illuminate/container/BoundMethod.php(32): call_user_func_array(Array, Array)
#3 /home/srt/domains/api1.suratec.co.th/private_html/vendor/illuminate/container/BoundMethod.php(90): Illuminate\Container\BoundMethod::Illuminate\Container\{closure}()
#4 /home/srt/domains/api1.suratec.co.th/private_html/vendor/illuminate/container/BoundMethod.php(34): Illuminate\Container\BoundMethod::callBoundMethod(Object(Laravel\Lumen\Application), Array, Object(Closure))
#5 /home/srt/domains/api1.suratec.co.th/private_html/vendor/illuminate/container/Container.php(576): Illuminate\Container\BoundMethod::call(Object(Laravel\Lumen\Application), Array, Array, NULL)
#6 /home/srt/domains/api1.suratec.co.th/private_html/vendor/laravel/lumen-framework/src/Concerns/RoutesRequests.php(376): Illuminate\Container\Container->call(Array, Array)
#7 /home/srt/domains/api1.suratec.co.th/private_html/vendor/laravel/lumen-framework/src/Concerns/RoutesRequests.php(342): Laravel\Lumen\Application->callControllerCallable(Array, Array)
#8 /home/srt/domains/api1.suratec.co.th/private_html/vendor/laravel/lumen-framework/src/Concerns/RoutesRequests.php(316): Laravel\Lumen\Application->callLumenController(Object(App\Http\Controllers\Auth\SurasoleController), 'getDataFromJson', Array)
#9 /home/srt/domains/api1.suratec.co.th/private_html/vendor/laravel/lumen-framework/src/Concerns/RoutesRequests.php(278): Laravel\Lumen\Application->callControllerAction(Array)
#10 /home/srt/domains/api1.suratec.co.th/private_html/vendor/laravel/lumen-framework/src/Concerns/RoutesRequests.php(263): Laravel\Lumen\Application->callActionOnArrayBasedRoute(Array)
#11 /home/srt/domains/api1.suratec.co.th/private_html/vendor/laravel/lumen-framework/src/Concerns/RoutesRequests.php(165): Laravel\Lumen\Application->handleFoundRoute(Array)
#12 /home/srt/domains/api1.suratec.co.th/private_html/vendor/laravel/lumen-framework/src/Concerns/RoutesRequests.php(416): Laravel\Lumen\Application->Laravel\Lumen\Concerns\{closure}(Object(Laravel\Lumen\Http\Request))
#13 /home/srt/domains/api1.suratec.co.th/private_html/vendor/laravel/lumen-framework/src/Concerns/RoutesRequests.php(171): Laravel\Lumen\Application->sendThroughPipeline(Array, Object(Closure))
#14 /home/srt/domains/api1.suratec.co.th/private_html/vendor/laravel/lumen-framework/src/Concerns/RoutesRequests.php(108): Laravel\Lumen\Application->dispatch(NULL)
#15 /home/srt/domains/api1.suratec.co.th/private_html/index.php(28): Laravel\Lumen\Application->run()
#16 {main} {"exception":"[object] (ErrorException(code: 0): Undefined index: id_customer at /home/srt/domains/api1.suratec.co.th/private_html/app/Http/Controllers/Auth/SurasoleController.php:387)
[stacktrace]
#0 /home/srt/domains/api1.suratec.co.th/private_html/app/Http/Controllers/Auth/SurasoleController.php(387): Laravel\\Lumen\\Application->Laravel\\Lumen\\Concerns\\{closure}(8, 'Undefined index...', '/home/srt/domai...', 387, Array)
#1 [internal function]: App\\Http\\Controllers\\Auth\\SurasoleController->getDataFromJson(Object(Laravel\\Lumen\\Http\\Request))
#2 /home/srt/domains/api1.suratec.co.th/private_html/vendor/illuminate/container/BoundMethod.php(32): call_user_func_array(Array, Array)
#3 /home/srt/domains/api1.suratec.co.th/private_html/vendor/illuminate/container/BoundMethod.php(90): Illuminate\\Container\\BoundMethod::Illuminate\\Container\\{closure}()
#4 /home/srt/domains/api1.suratec.co.th/private_html/vendor/illuminate/container/BoundMethod.php(34): Illuminate\\Container\\BoundMethod::callBoundMethod(Object(Laravel\\Lumen\\Application), Array, Object(Closure))
#5 /home/srt/domains/api1.suratec.co.th/private_html/vendor/illuminate/container/Container.php(576): Illuminate\\Container\\BoundMethod::call(Object(Laravel\\Lumen\\Application), Array, Array, NULL)
#6 /home/srt/domains/api1.suratec.co.th/private_html/vendor/laravel/lumen-framework/src/Concerns/RoutesRequests.php(376): Illuminate\\Container\\Container->call(Array, Array)
#7 /home/srt/domains/api1.suratec.co.th/private_html/vendor/laravel/lumen-framework/src/Concerns/RoutesRequests.php(342): Laravel\\Lumen\\Application->callControllerCallable(Array, Array)
#8 /home/srt/domains/api1.suratec.co.th/private_html/vendor/laravel/lumen-framework/src/Concerns/RoutesRequests.php(316): Laravel\\Lumen\\Application->callLumenController(Object(App\\Http\\Controllers\\Auth\\SurasoleController), 'getDataFromJson', Array)
#9 /home/srt/domains/api1.suratec.co.th/private_html/vendor/laravel/lumen-framework/src/Concerns/RoutesRequests.php(278): Laravel\\Lumen\\Application->callControllerAction(Array)
#10 /home/srt/domains/api1.suratec.co.th/private_html/vendor/laravel/lumen-framework/src/Concerns/RoutesRequests.php(263): Laravel\\Lumen\\Application->callActionOnArrayBasedRoute(Array)
#11 /home/srt/domains/api1.suratec.co.th/private_html/vendor/laravel/lumen-framework/src/Concerns/RoutesRequests.php(165): Laravel\\Lumen\\Application->handleFoundRoute(Array)
#12 /home/srt/domains/api1.suratec.co.th/private_html/vendor/laravel/lumen-framework/src/Concerns/RoutesRequests.php(416): Laravel\\Lumen\\Application->Laravel\\Lumen\\Concerns\\{closure}(Object(Laravel\\Lumen\\Http\\Request))
#13 /home/srt/domains/api1.suratec.co.th/private_html/vendor/laravel/lumen-framework/src/Concerns/RoutesRequests.php(171): Laravel\\Lumen\\Application->sendThroughPipeline(Array, Object(Closure))
#14 /home/srt/domains/api1.suratec.co.th/private_html/vendor/laravel/lumen-framework/src/Concerns/RoutesRequests.php(108): Laravel\\Lumen\\Application->dispatch(NULL)
#15 /home/srt/domains/api1.suratec.co.th/private_html/index.php(28): Laravel\\Lumen\\Application->run()
#16 {main}
"} 
[2021-10-15 10:36:14] local.ERROR: ErrorException: Undefined index: id_customer in /home/srt/domains/api1.suratec.co.th/private_html/app/Http/Controllers/Auth/SurasoleController.php:387
Stack trace:
#0 /home/srt/domains/api1.suratec.co.th/private_html/app/Http/Controllers/Auth/SurasoleController.php(387): Laravel\Lumen\Application->Laravel\Lumen\Concerns\{closure}(8, 'Undefined index...', '/home/srt/domai...', 387, Array)
#1 [internal function]: App\Http\Controllers\Auth\SurasoleController->getDataFromJson(Object(Laravel\Lumen\Http\Request))
#2 /home/srt/domains/api1.suratec.co.th/private_html/vendor/illuminate/container/BoundMethod.php(32): call_user_func_array(Array, Array)
#3 /home/srt/domains/api1.suratec.co.th/private_html/vendor/illuminate/container/BoundMethod.php(90): Illuminate\Container\BoundMethod::Illuminate\Container\{closure}()
#4 /home/srt/domains/api1.suratec.co.th/private_html/vendor/illuminate/container/BoundMethod.php(34): Illuminate\Container\BoundMethod::callBoundMethod(Object(Laravel\Lumen\Application), Array, Object(Closure))
#5 /home/srt/domains/api1.suratec.co.th/private_html/vendor/illuminate/container/Container.php(576): Illuminate\Container\BoundMethod::call(Object(Laravel\Lumen\Application), Array, Array, NULL)
#6 /home/srt/domains/api1.suratec.co.th/private_html/vendor/laravel/lumen-framework/src/Concerns/RoutesRequests.php(376): Illuminate\Container\Container->call(Array, Array)
#7 /home/srt/domains/api1.suratec.co.th/private_html/vendor/laravel/lumen-framework/src/Concerns/RoutesRequests.php(342): Laravel\Lumen\Application->callControllerCallable(Array, Array)
#8 /home/srt/domains/api1.suratec.co.th/private_html/vendor/laravel/lumen-framework/src/Concerns/RoutesRequests.php(316): Laravel\Lumen\Application->callLumenController(Object(App\Http\Controllers\Auth\SurasoleController), 'getDataFromJson', Array)
#9 /home/srt/domains/api1.suratec.co.th/private_html/vendor/laravel/lumen-framework/src/Concerns/RoutesRequests.php(278): Laravel\Lumen\Application->callControllerAction(Array)
#10 /home/srt/domains/api1.suratec.co.th/private_html/vendor/laravel/lumen-framework/src/Concerns/RoutesRequests.php(263): Laravel\Lumen\Application->callActionOnArrayBasedRoute(Array)
#11 /home/srt/domains/api1.suratec.co.th/private_html/vendor/laravel/lumen-framework/src/Concerns/RoutesRequests.php(165): Laravel\Lumen\Application->handleFoundRoute(Array)
#12 /home/srt/domains/api1.suratec.co.th/private_html/vendor/laravel/lumen-framework/src/Concerns/RoutesRequests.php(416): Laravel\Lumen\Application->Laravel\Lumen\Concerns\{closure}(Object(Laravel\Lumen\Http\Request))
#13 /home/srt/domains/api1.suratec.co.th/private_html/vendor/laravel/lumen-framework/src/Concerns/RoutesRequests.php(171): Laravel\Lumen\Application->sendThroughPipeline(Array, Object(Closure))
#14 /home/srt/domains/api1.suratec.co.th/private_html/vendor/laravel/lumen-framework/src/Concerns/RoutesRequests.php(108): Laravel\Lumen\Application->dispatch(NULL)
#15 /home/srt/domains/api1.suratec.co.th/private_html/index.php(28): Laravel\Lumen\Application->run()
#16 {main} {"exception":"[object] (ErrorException(code: 0): Undefined index: id_customer at /home/srt/domains/api1.suratec.co.th/private_html/app/Http/Controllers/Auth/SurasoleController.php:387)
[stacktrace]
#0 /home/srt/domains/api1.suratec.co.th/private_html/app/Http/Controllers/Auth/SurasoleController.php(387): Laravel\\Lumen\\Application->Laravel\\Lumen\\Concerns\\{closure}(8, 'Undefined index...', '/home/srt/domai...', 387, Array)
#1 [internal function]: App\\Http\\Controllers\\Auth\\SurasoleController->getDataFromJson(Object(Laravel\\Lumen\\Http\\Request))
#2 /home/srt/domains/api1.suratec.co.th/private_html/vendor/illuminate/container/BoundMethod.php(32): call_user_func_array(Array, Array)
#3 /home/srt/domains/api1.suratec.co.th/private_html/vendor/illuminate/container/BoundMethod.php(90): Illuminate\\Container\\BoundMethod::Illuminate\\Container\\{closure}()
#4 /home/srt/domains/api1.suratec.co.th/private_html/vendor/illuminate/container/BoundMethod.php(34): Illuminate\\Container\\BoundMethod::callBoundMethod(Object(Laravel\\Lumen\\Application), Array, Object(Closure))
#5 /home/srt/domains/api1.suratec.co.th/private_html/vendor/illuminate/container/Container.php(576): Illuminate\\Container\\BoundMethod::call(Object(Laravel\\Lumen\\Application), Array, Array, NULL)
#6 /home/srt/domains/api1.suratec.co.th/private_html/vendor/laravel/lumen-framework/src/Concerns/RoutesRequests.php(376): Illuminate\\Container\\Container->call(Array, Array)
#7 /home/srt/domains/api1.suratec.co.th/private_html/vendor/laravel/lumen-framework/src/Concerns/RoutesRequests.php(342): Laravel\\Lumen\\Application->callControllerCallable(Array, Array)
#8 /home/srt/domains/api1.suratec.co.th/private_html/vendor/laravel/lumen-framework/src/Concerns/RoutesRequests.php(316): Laravel\\Lumen\\Application->callLumenController(Object(App\\Http\\Controllers\\Auth\\SurasoleController), 'getDataFromJson', Array)
#9 /home/srt/domains/api1.suratec.co.th/private_html/vendor/laravel/lumen-framework/src/Concerns/RoutesRequests.php(278): Laravel\\Lumen\\Application->callControllerAction(Array)
#10 /home/srt/domains/api1.suratec.co.th/private_html/vendor/laravel/lumen-framework/src/Concerns/RoutesRequests.php(263): Laravel\\Lumen\\Application->callActionOnArrayBasedRoute(Array)
#11 /home/srt/domains/api1.suratec.co.th/private_html/vendor/laravel/lumen-framework/src/Concerns/RoutesRequests.php(165): Laravel\\Lumen\\Application->handleFoundRoute(Array)
#12 /home/srt/domains/api1.suratec.co.th/private_html/vendor/laravel/lumen-framework/src/Concerns/RoutesRequests.php(416): Laravel\\Lumen\\Application->Laravel\\Lumen\\Concerns\\{closure}(Object(Laravel\\Lumen\\Http\\Request))
#13 /home/srt/domains/api1.suratec.co.th/private_html/vendor/laravel/lumen-framework/src/Concerns/RoutesRequests.php(171): Laravel\\Lumen\\Application->sendThroughPipeline(Array, Object(Closure))
#14 /home/srt/domains/api1.suratec.co.th/private_html/vendor/laravel/lumen-framework/src/Concerns/RoutesRequests.php(108): Laravel\\Lumen\\Application->dispatch(NULL)
#15 /home/srt/domains/api1.suratec.co.th/private_html/index.php(28): Laravel\\Lumen\\Application->run()
#16 {main}
"} 
