[2021-10-04 19:03:11] local.ERROR: ErrorException: Creating default object from empty value in /home/srt/domains/api1.suratec.co.th/private_html/app/Http/Controllers/Auth/UpdataProfileController.php:151
Stack trace:
#0 /home/srt/domains/api1.suratec.co.th/private_html/app/Http/Controllers/Auth/UpdataProfileController.php(151): Laravel\Lumen\Application->Laravel\Lumen\Concerns\{closure}(2, 'Creating defaul...', '/home/srt/domai...', 151, Array)
#1 [internal function]: App\Http\Controllers\Auth\UpdataProfileController->updataprofile(Object(Laravel\Lumen\Http\Request))
#2 /home/srt/domains/api1.suratec.co.th/private_html/vendor/illuminate/container/BoundMethod.php(32): call_user_func_array(Array, Array)
#3 /home/srt/domains/api1.suratec.co.th/private_html/vendor/illuminate/container/BoundMethod.php(90): Illuminate\Container\BoundMethod::Illuminate\Container\{closure}()
#4 /home/srt/domains/api1.suratec.co.th/private_html/vendor/illuminate/container/BoundMethod.php(34): Illuminate\Container\BoundMethod::callBoundMethod(Object(Laravel\Lumen\Application), Array, Object(Closure))
#5 /home/srt/domains/api1.suratec.co.th/private_html/vendor/illuminate/container/Container.php(576): Illuminate\Container\BoundMethod::call(Object(Laravel\Lumen\Application), Array, Array, NULL)
#6 /home/srt/domains/api1.suratec.co.th/private_html/vendor/laravel/lumen-framework/src/Concerns/RoutesRequests.php(376): Illuminate\Container\Container->call(Array, Array)
#7 /home/srt/domains/api1.suratec.co.th/private_html/vendor/laravel/lumen-framework/src/Concerns/RoutesRequests.php(342): Laravel\Lumen\Application->callControllerCallable(Array, Array)
#8 /home/srt/domains/api1.suratec.co.th/private_html/vendor/laravel/lumen-framework/src/Concerns/RoutesRequests.php(316): Laravel\Lumen\Application->callLumenController(Object(App\Http\Controllers\Auth\UpdataProfileController), 'updataprofile', Array)
#9 /home/srt/domains/api1.suratec.co.th/private_html/vendor/laravel/lumen-framework/src/Concerns/RoutesRequests.php(278): Laravel\Lumen\Application->callControllerAction(Array)
#10 /home/srt/domains/api1.suratec.co.th/private_html/vendor/laravel/lumen-framework/src/Concerns/RoutesRequests.php(263): Laravel\Lumen\Application->callActionOnArrayBasedRoute(Array)
#11 /home/srt/domains/api1.suratec.co.th/private_html/vendor/laravel/lumen-framework/src/Concerns/RoutesRequests.php(165): Laravel\Lumen\Application->handleFoundRoute(Array)
#12 /home/srt/domains/api1.suratec.co.th/private_html/vendor/laravel/lumen-framework/src/Concerns/RoutesRequests.php(416): Laravel\Lumen\Application->Laravel\Lumen\Concerns\{closure}(Object(Laravel\Lumen\Http\Request))
#13 /home/srt/domains/api1.suratec.co.th/private_html/vendor/laravel/lumen-framework/src/Concerns/RoutesRequests.php(171): Laravel\Lumen\Application->sendThroughPipeline(Array, Object(Closure))
#14 /home/srt/domains/api1.suratec.co.th/private_html/vendor/laravel/lumen-framework/src/Concerns/RoutesRequests.php(108): Laravel\Lumen\Application->dispatch(NULL)
#15 /home/srt/domains/api1.suratec.co.th/private_html/index.php(28): Laravel\Lumen\Application->run()
#16 {main} {"exception":"[object] (ErrorException(code: 0): Creating default object from empty value at /home/srt/domains/api1.suratec.co.th/private_html/app/Http/Controllers/Auth/UpdataProfileController.php:151)
[stacktrace]
#0 /home/srt/domains/api1.suratec.co.th/private_html/app/Http/Controllers/Auth/UpdataProfileController.php(151): Laravel\\Lumen\\Application->Laravel\\Lumen\\Concerns\\{closure}(2, 'Creating defaul...', '/home/srt/domai...', 151, Array)
#1 [internal function]: App\\Http\\Controllers\\Auth\\UpdataProfileController->updataprofile(Object(Laravel\\Lumen\\Http\\Request))
#2 /home/srt/domains/api1.suratec.co.th/private_html/vendor/illuminate/container/BoundMethod.php(32): call_user_func_array(Array, Array)
#3 /home/srt/domains/api1.suratec.co.th/private_html/vendor/illuminate/container/BoundMethod.php(90): Illuminate\\Container\\BoundMethod::Illuminate\\Container\\{closure}()
#4 /home/srt/domains/api1.suratec.co.th/private_html/vendor/illuminate/container/BoundMethod.php(34): Illuminate\\Container\\BoundMethod::callBoundMethod(Object(Laravel\\Lumen\\Application), Array, Object(Closure))
#5 /home/srt/domains/api1.suratec.co.th/private_html/vendor/illuminate/container/Container.php(576): Illuminate\\Container\\BoundMethod::call(Object(Laravel\\Lumen\\Application), Array, Array, NULL)
#6 /home/srt/domains/api1.suratec.co.th/private_html/vendor/laravel/lumen-framework/src/Concerns/RoutesRequests.php(376): Illuminate\\Container\\Container->call(Array, Array)
#7 /home/srt/domains/api1.suratec.co.th/private_html/vendor/laravel/lumen-framework/src/Concerns/RoutesRequests.php(342): Laravel\\Lumen\\Application->callControllerCallable(Array, Array)
#8 /home/srt/domains/api1.suratec.co.th/private_html/vendor/laravel/lumen-framework/src/Concerns/RoutesRequests.php(316): Laravel\\Lumen\\Application->callLumenController(Object(App\\Http\\Controllers\\Auth\\UpdataProfileController), 'updataprofile', Array)
#9 /home/srt/domains/api1.suratec.co.th/private_html/vendor/laravel/lumen-framework/src/Concerns/RoutesRequests.php(278): Laravel\\Lumen\\Application->callControllerAction(Array)
#10 /home/srt/domains/api1.suratec.co.th/private_html/vendor/laravel/lumen-framework/src/Concerns/RoutesRequests.php(263): Laravel\\Lumen\\Application->callActionOnArrayBasedRoute(Array)
#11 /home/srt/domains/api1.suratec.co.th/private_html/vendor/laravel/lumen-framework/src/Concerns/RoutesRequests.php(165): Laravel\\Lumen\\Application->handleFoundRoute(Array)
#12 /home/srt/domains/api1.suratec.co.th/private_html/vendor/laravel/lumen-framework/src/Concerns/RoutesRequests.php(416): Laravel\\Lumen\\Application->Laravel\\Lumen\\Concerns\\{closure}(Object(Laravel\\Lumen\\Http\\Request))
#13 /home/srt/domains/api1.suratec.co.th/private_html/vendor/laravel/lumen-framework/src/Concerns/RoutesRequests.php(171): Laravel\\Lumen\\Application->sendThroughPipeline(Array, Object(Closure))
#14 /home/srt/domains/api1.suratec.co.th/private_html/vendor/laravel/lumen-framework/src/Concerns/RoutesRequests.php(108): Laravel\\Lumen\\Application->dispatch(NULL)
#15 /home/srt/domains/api1.suratec.co.th/private_html/index.php(28): Laravel\\Lumen\\Application->run()
#16 {main}
"} 
[2021-10-04 19:03:15] local.ERROR: ErrorException: Creating default object from empty value in /home/srt/domains/api1.suratec.co.th/private_html/app/Http/Controllers/Auth/UpdataProfileController.php:151
Stack trace:
#0 /home/srt/domains/api1.suratec.co.th/private_html/app/Http/Controllers/Auth/UpdataProfileController.php(151): Laravel\Lumen\Application->Laravel\Lumen\Concerns\{closure}(2, 'Creating defaul...', '/home/srt/domai...', 151, Array)
#1 [internal function]: App\Http\Controllers\Auth\UpdataProfileController->updataprofile(Object(Laravel\Lumen\Http\Request))
#2 /home/srt/domains/api1.suratec.co.th/private_html/vendor/illuminate/container/BoundMethod.php(32): call_user_func_array(Array, Array)
#3 /home/srt/domains/api1.suratec.co.th/private_html/vendor/illuminate/container/BoundMethod.php(90): Illuminate\Container\BoundMethod::Illuminate\Container\{closure}()
#4 /home/srt/domains/api1.suratec.co.th/private_html/vendor/illuminate/container/BoundMethod.php(34): Illuminate\Container\BoundMethod::callBoundMethod(Object(Laravel\Lumen\Application), Array, Object(Closure))
#5 /home/srt/domains/api1.suratec.co.th/private_html/vendor/illuminate/container/Container.php(576): Illuminate\Container\BoundMethod::call(Object(Laravel\Lumen\Application), Array, Array, NULL)
#6 /home/srt/domains/api1.suratec.co.th/private_html/vendor/laravel/lumen-framework/src/Concerns/RoutesRequests.php(376): Illuminate\Container\Container->call(Array, Array)
#7 /home/srt/domains/api1.suratec.co.th/private_html/vendor/laravel/lumen-framework/src/Concerns/RoutesRequests.php(342): Laravel\Lumen\Application->callControllerCallable(Array, Array)
#8 /home/srt/domains/api1.suratec.co.th/private_html/vendor/laravel/lumen-framework/src/Concerns/RoutesRequests.php(316): Laravel\Lumen\Application->callLumenController(Object(App\Http\Controllers\Auth\UpdataProfileController), 'updataprofile', Array)
#9 /home/srt/domains/api1.suratec.co.th/private_html/vendor/laravel/lumen-framework/src/Concerns/RoutesRequests.php(278): Laravel\Lumen\Application->callControllerAction(Array)
#10 /home/srt/domains/api1.suratec.co.th/private_html/vendor/laravel/lumen-framework/src/Concerns/RoutesRequests.php(263): Laravel\Lumen\Application->callActionOnArrayBasedRoute(Array)
#11 /home/srt/domains/api1.suratec.co.th/private_html/vendor/laravel/lumen-framework/src/Concerns/RoutesRequests.php(165): Laravel\Lumen\Application->handleFoundRoute(Array)
#12 /home/srt/domains/api1.suratec.co.th/private_html/vendor/laravel/lumen-framework/src/Concerns/RoutesRequests.php(416): Laravel\Lumen\Application->Laravel\Lumen\Concerns\{closure}(Object(Laravel\Lumen\Http\Request))
#13 /home/srt/domains/api1.suratec.co.th/private_html/vendor/laravel/lumen-framework/src/Concerns/RoutesRequests.php(171): Laravel\Lumen\Application->sendThroughPipeline(Array, Object(Closure))
#14 /home/srt/domains/api1.suratec.co.th/private_html/vendor/laravel/lumen-framework/src/Concerns/RoutesRequests.php(108): Laravel\Lumen\Application->dispatch(NULL)
#15 /home/srt/domains/api1.suratec.co.th/private_html/index.php(28): Laravel\Lumen\Application->run()
#16 {main} {"exception":"[object] (ErrorException(code: 0): Creating default object from empty value at /home/srt/domains/api1.suratec.co.th/private_html/app/Http/Controllers/Auth/UpdataProfileController.php:151)
[stacktrace]
#0 /home/srt/domains/api1.suratec.co.th/private_html/app/Http/Controllers/Auth/UpdataProfileController.php(151): Laravel\\Lumen\\Application->Laravel\\Lumen\\Concerns\\{closure}(2, 'Creating defaul...', '/home/srt/domai...', 151, Array)
#1 [internal function]: App\\Http\\Controllers\\Auth\\UpdataProfileController->updataprofile(Object(Laravel\\Lumen\\Http\\Request))
#2 /home/srt/domains/api1.suratec.co.th/private_html/vendor/illuminate/container/BoundMethod.php(32): call_user_func_array(Array, Array)
#3 /home/srt/domains/api1.suratec.co.th/private_html/vendor/illuminate/container/BoundMethod.php(90): Illuminate\\Container\\BoundMethod::Illuminate\\Container\\{closure}()
#4 /home/srt/domains/api1.suratec.co.th/private_html/vendor/illuminate/container/BoundMethod.php(34): Illuminate\\Container\\BoundMethod::callBoundMethod(Object(Laravel\\Lumen\\Application), Array, Object(Closure))
#5 /home/srt/domains/api1.suratec.co.th/private_html/vendor/illuminate/container/Container.php(576): Illuminate\\Container\\BoundMethod::call(Object(Laravel\\Lumen\\Application), Array, Array, NULL)
#6 /home/srt/domains/api1.suratec.co.th/private_html/vendor/laravel/lumen-framework/src/Concerns/RoutesRequests.php(376): Illuminate\\Container\\Container->call(Array, Array)
#7 /home/srt/domains/api1.suratec.co.th/private_html/vendor/laravel/lumen-framework/src/Concerns/RoutesRequests.php(342): Laravel\\Lumen\\Application->callControllerCallable(Array, Array)
#8 /home/srt/domains/api1.suratec.co.th/private_html/vendor/laravel/lumen-framework/src/Concerns/RoutesRequests.php(316): Laravel\\Lumen\\Application->callLumenController(Object(App\\Http\\Controllers\\Auth\\UpdataProfileController), 'updataprofile', Array)
#9 /home/srt/domains/api1.suratec.co.th/private_html/vendor/laravel/lumen-framework/src/Concerns/RoutesRequests.php(278): Laravel\\Lumen\\Application->callControllerAction(Array)
#10 /home/srt/domains/api1.suratec.co.th/private_html/vendor/laravel/lumen-framework/src/Concerns/RoutesRequests.php(263): Laravel\\Lumen\\Application->callActionOnArrayBasedRoute(Array)
#11 /home/srt/domains/api1.suratec.co.th/private_html/vendor/laravel/lumen-framework/src/Concerns/RoutesRequests.php(165): Laravel\\Lumen\\Application->handleFoundRoute(Array)
#12 /home/srt/domains/api1.suratec.co.th/private_html/vendor/laravel/lumen-framework/src/Concerns/RoutesRequests.php(416): Laravel\\Lumen\\Application->Laravel\\Lumen\\Concerns\\{closure}(Object(Laravel\\Lumen\\Http\\Request))
#13 /home/srt/domains/api1.suratec.co.th/private_html/vendor/laravel/lumen-framework/src/Concerns/RoutesRequests.php(171): Laravel\\Lumen\\Application->sendThroughPipeline(Array, Object(Closure))
#14 /home/srt/domains/api1.suratec.co.th/private_html/vendor/laravel/lumen-framework/src/Concerns/RoutesRequests.php(108): Laravel\\Lumen\\Application->dispatch(NULL)
#15 /home/srt/domains/api1.suratec.co.th/private_html/index.php(28): Laravel\\Lumen\\Application->run()
#16 {main}
"} 
[2021-10-04 19:03:18] local.ERROR: ErrorException: Creating default object from empty value in /home/srt/domains/api1.suratec.co.th/private_html/app/Http/Controllers/Auth/UpdataProfileController.php:151
Stack trace:
#0 /home/srt/domains/api1.suratec.co.th/private_html/app/Http/Controllers/Auth/UpdataProfileController.php(151): Laravel\Lumen\Application->Laravel\Lumen\Concerns\{closure}(2, 'Creating defaul...', '/home/srt/domai...', 151, Array)
#1 [internal function]: App\Http\Controllers\Auth\UpdataProfileController->updataprofile(Object(Laravel\Lumen\Http\Request))
#2 /home/srt/domains/api1.suratec.co.th/private_html/vendor/illuminate/container/BoundMethod.php(32): call_user_func_array(Array, Array)
#3 /home/srt/domains/api1.suratec.co.th/private_html/vendor/illuminate/container/BoundMethod.php(90): Illuminate\Container\BoundMethod::Illuminate\Container\{closure}()
#4 /home/srt/domains/api1.suratec.co.th/private_html/vendor/illuminate/container/BoundMethod.php(34): Illuminate\Container\BoundMethod::callBoundMethod(Object(Laravel\Lumen\Application), Array, Object(Closure))
#5 /home/srt/domains/api1.suratec.co.th/private_html/vendor/illuminate/container/Container.php(576): Illuminate\Container\BoundMethod::call(Object(Laravel\Lumen\Application), Array, Array, NULL)
#6 /home/srt/domains/api1.suratec.co.th/private_html/vendor/laravel/lumen-framework/src/Concerns/RoutesRequests.php(376): Illuminate\Container\Container->call(Array, Array)
#7 /home/srt/domains/api1.suratec.co.th/private_html/vendor/laravel/lumen-framework/src/Concerns/RoutesRequests.php(342): Laravel\Lumen\Application->callControllerCallable(Array, Array)
#8 /home/srt/domains/api1.suratec.co.th/private_html/vendor/laravel/lumen-framework/src/Concerns/RoutesRequests.php(316): Laravel\Lumen\Application->callLumenController(Object(App\Http\Controllers\Auth\UpdataProfileController), 'updataprofile', Array)
#9 /home/srt/domains/api1.suratec.co.th/private_html/vendor/laravel/lumen-framework/src/Concerns/RoutesRequests.php(278): Laravel\Lumen\Application->callControllerAction(Array)
#10 /home/srt/domains/api1.suratec.co.th/private_html/vendor/laravel/lumen-framework/src/Concerns/RoutesRequests.php(263): Laravel\Lumen\Application->callActionOnArrayBasedRoute(Array)
#11 /home/srt/domains/api1.suratec.co.th/private_html/vendor/laravel/lumen-framework/src/Concerns/RoutesRequests.php(165): Laravel\Lumen\Application->handleFoundRoute(Array)
#12 /home/srt/domains/api1.suratec.co.th/private_html/vendor/laravel/lumen-framework/src/Concerns/RoutesRequests.php(416): Laravel\Lumen\Application->Laravel\Lumen\Concerns\{closure}(Object(Laravel\Lumen\Http\Request))
#13 /home/srt/domains/api1.suratec.co.th/private_html/vendor/laravel/lumen-framework/src/Concerns/RoutesRequests.php(171): Laravel\Lumen\Application->sendThroughPipeline(Array, Object(Closure))
#14 /home/srt/domains/api1.suratec.co.th/private_html/vendor/laravel/lumen-framework/src/Concerns/RoutesRequests.php(108): Laravel\Lumen\Application->dispatch(NULL)
#15 /home/srt/domains/api1.suratec.co.th/private_html/index.php(28): Laravel\Lumen\Application->run()
#16 {main} {"exception":"[object] (ErrorException(code: 0): Creating default object from empty value at /home/srt/domains/api1.suratec.co.th/private_html/app/Http/Controllers/Auth/UpdataProfileController.php:151)
[stacktrace]
#0 /home/srt/domains/api1.suratec.co.th/private_html/app/Http/Controllers/Auth/UpdataProfileController.php(151): Laravel\\Lumen\\Application->Laravel\\Lumen\\Concerns\\{closure}(2, 'Creating defaul...', '/home/srt/domai...', 151, Array)
#1 [internal function]: App\\Http\\Controllers\\Auth\\UpdataProfileController->updataprofile(Object(Laravel\\Lumen\\Http\\Request))
#2 /home/srt/domains/api1.suratec.co.th/private_html/vendor/illuminate/container/BoundMethod.php(32): call_user_func_array(Array, Array)
#3 /home/srt/domains/api1.suratec.co.th/private_html/vendor/illuminate/container/BoundMethod.php(90): Illuminate\\Container\\BoundMethod::Illuminate\\Container\\{closure}()
#4 /home/srt/domains/api1.suratec.co.th/private_html/vendor/illuminate/container/BoundMethod.php(34): Illuminate\\Container\\BoundMethod::callBoundMethod(Object(Laravel\\Lumen\\Application), Array, Object(Closure))
#5 /home/srt/domains/api1.suratec.co.th/private_html/vendor/illuminate/container/Container.php(576): Illuminate\\Container\\BoundMethod::call(Object(Laravel\\Lumen\\Application), Array, Array, NULL)
#6 /home/srt/domains/api1.suratec.co.th/private_html/vendor/laravel/lumen-framework/src/Concerns/RoutesRequests.php(376): Illuminate\\Container\\Container->call(Array, Array)
#7 /home/srt/domains/api1.suratec.co.th/private_html/vendor/laravel/lumen-framework/src/Concerns/RoutesRequests.php(342): Laravel\\Lumen\\Application->callControllerCallable(Array, Array)
#8 /home/srt/domains/api1.suratec.co.th/private_html/vendor/laravel/lumen-framework/src/Concerns/RoutesRequests.php(316): Laravel\\Lumen\\Application->callLumenController(Object(App\\Http\\Controllers\\Auth\\UpdataProfileController), 'updataprofile', Array)
#9 /home/srt/domains/api1.suratec.co.th/private_html/vendor/laravel/lumen-framework/src/Concerns/RoutesRequests.php(278): Laravel\\Lumen\\Application->callControllerAction(Array)
#10 /home/srt/domains/api1.suratec.co.th/private_html/vendor/laravel/lumen-framework/src/Concerns/RoutesRequests.php(263): Laravel\\Lumen\\Application->callActionOnArrayBasedRoute(Array)
#11 /home/srt/domains/api1.suratec.co.th/private_html/vendor/laravel/lumen-framework/src/Concerns/RoutesRequests.php(165): Laravel\\Lumen\\Application->handleFoundRoute(Array)
#12 /home/srt/domains/api1.suratec.co.th/private_html/vendor/laravel/lumen-framework/src/Concerns/RoutesRequests.php(416): Laravel\\Lumen\\Application->Laravel\\Lumen\\Concerns\\{closure}(Object(Laravel\\Lumen\\Http\\Request))
#13 /home/srt/domains/api1.suratec.co.th/private_html/vendor/laravel/lumen-framework/src/Concerns/RoutesRequests.php(171): Laravel\\Lumen\\Application->sendThroughPipeline(Array, Object(Closure))
#14 /home/srt/domains/api1.suratec.co.th/private_html/vendor/laravel/lumen-framework/src/Concerns/RoutesRequests.php(108): Laravel\\Lumen\\Application->dispatch(NULL)
#15 /home/srt/domains/api1.suratec.co.th/private_html/index.php(28): Laravel\\Lumen\\Application->run()
#16 {main}
"} 
[2021-10-04 19:03:21] local.ERROR: ErrorException: Creating default object from empty value in /home/srt/domains/api1.suratec.co.th/private_html/app/Http/Controllers/Auth/UpdataProfileController.php:151
Stack trace:
#0 /home/srt/domains/api1.suratec.co.th/private_html/app/Http/Controllers/Auth/UpdataProfileController.php(151): Laravel\Lumen\Application->Laravel\Lumen\Concerns\{closure}(2, 'Creating defaul...', '/home/srt/domai...', 151, Array)
#1 [internal function]: App\Http\Controllers\Auth\UpdataProfileController->updataprofile(Object(Laravel\Lumen\Http\Request))
#2 /home/srt/domains/api1.suratec.co.th/private_html/vendor/illuminate/container/BoundMethod.php(32): call_user_func_array(Array, Array)
#3 /home/srt/domains/api1.suratec.co.th/private_html/vendor/illuminate/container/BoundMethod.php(90): Illuminate\Container\BoundMethod::Illuminate\Container\{closure}()
#4 /home/srt/domains/api1.suratec.co.th/private_html/vendor/illuminate/container/BoundMethod.php(34): Illuminate\Container\BoundMethod::callBoundMethod(Object(Laravel\Lumen\Application), Array, Object(Closure))
#5 /home/srt/domains/api1.suratec.co.th/private_html/vendor/illuminate/container/Container.php(576): Illuminate\Container\BoundMethod::call(Object(Laravel\Lumen\Application), Array, Array, NULL)
#6 /home/srt/domains/api1.suratec.co.th/private_html/vendor/laravel/lumen-framework/src/Concerns/RoutesRequests.php(376): Illuminate\Container\Container->call(Array, Array)
#7 /home/srt/domains/api1.suratec.co.th/private_html/vendor/laravel/lumen-framework/src/Concerns/RoutesRequests.php(342): Laravel\Lumen\Application->callControllerCallable(Array, Array)
#8 /home/srt/domains/api1.suratec.co.th/private_html/vendor/laravel/lumen-framework/src/Concerns/RoutesRequests.php(316): Laravel\Lumen\Application->callLumenController(Object(App\Http\Controllers\Auth\UpdataProfileController), 'updataprofile', Array)
#9 /home/srt/domains/api1.suratec.co.th/private_html/vendor/laravel/lumen-framework/src/Concerns/RoutesRequests.php(278): Laravel\Lumen\Application->callControllerAction(Array)
#10 /home/srt/domains/api1.suratec.co.th/private_html/vendor/laravel/lumen-framework/src/Concerns/RoutesRequests.php(263): Laravel\Lumen\Application->callActionOnArrayBasedRoute(Array)
#11 /home/srt/domains/api1.suratec.co.th/private_html/vendor/laravel/lumen-framework/src/Concerns/RoutesRequests.php(165): Laravel\Lumen\Application->handleFoundRoute(Array)
#12 /home/srt/domains/api1.suratec.co.th/private_html/vendor/laravel/lumen-framework/src/Concerns/RoutesRequests.php(416): Laravel\Lumen\Application->Laravel\Lumen\Concerns\{closure}(Object(Laravel\Lumen\Http\Request))
#13 /home/srt/domains/api1.suratec.co.th/private_html/vendor/laravel/lumen-framework/src/Concerns/RoutesRequests.php(171): Laravel\Lumen\Application->sendThroughPipeline(Array, Object(Closure))
#14 /home/srt/domains/api1.suratec.co.th/private_html/vendor/laravel/lumen-framework/src/Concerns/RoutesRequests.php(108): Laravel\Lumen\Application->dispatch(NULL)
#15 /home/srt/domains/api1.suratec.co.th/private_html/index.php(28): Laravel\Lumen\Application->run()
#16 {main} {"exception":"[object] (ErrorException(code: 0): Creating default object from empty value at /home/srt/domains/api1.suratec.co.th/private_html/app/Http/Controllers/Auth/UpdataProfileController.php:151)
[stacktrace]
#0 /home/srt/domains/api1.suratec.co.th/private_html/app/Http/Controllers/Auth/UpdataProfileController.php(151): Laravel\\Lumen\\Application->Laravel\\Lumen\\Concerns\\{closure}(2, 'Creating defaul...', '/home/srt/domai...', 151, Array)
#1 [internal function]: App\\Http\\Controllers\\Auth\\UpdataProfileController->updataprofile(Object(Laravel\\Lumen\\Http\\Request))
#2 /home/srt/domains/api1.suratec.co.th/private_html/vendor/illuminate/container/BoundMethod.php(32): call_user_func_array(Array, Array)
#3 /home/srt/domains/api1.suratec.co.th/private_html/vendor/illuminate/container/BoundMethod.php(90): Illuminate\\Container\\BoundMethod::Illuminate\\Container\\{closure}()
#4 /home/srt/domains/api1.suratec.co.th/private_html/vendor/illuminate/container/BoundMethod.php(34): Illuminate\\Container\\BoundMethod::callBoundMethod(Object(Laravel\\Lumen\\Application), Array, Object(Closure))
#5 /home/srt/domains/api1.suratec.co.th/private_html/vendor/illuminate/container/Container.php(576): Illuminate\\Container\\BoundMethod::call(Object(Laravel\\Lumen\\Application), Array, Array, NULL)
#6 /home/srt/domains/api1.suratec.co.th/private_html/vendor/laravel/lumen-framework/src/Concerns/RoutesRequests.php(376): Illuminate\\Container\\Container->call(Array, Array)
#7 /home/srt/domains/api1.suratec.co.th/private_html/vendor/laravel/lumen-framework/src/Concerns/RoutesRequests.php(342): Laravel\\Lumen\\Application->callControllerCallable(Array, Array)
#8 /home/srt/domains/api1.suratec.co.th/private_html/vendor/laravel/lumen-framework/src/Concerns/RoutesRequests.php(316): Laravel\\Lumen\\Application->callLumenController(Object(App\\Http\\Controllers\\Auth\\UpdataProfileController), 'updataprofile', Array)
#9 /home/srt/domains/api1.suratec.co.th/private_html/vendor/laravel/lumen-framework/src/Concerns/RoutesRequests.php(278): Laravel\\Lumen\\Application->callControllerAction(Array)
#10 /home/srt/domains/api1.suratec.co.th/private_html/vendor/laravel/lumen-framework/src/Concerns/RoutesRequests.php(263): Laravel\\Lumen\\Application->callActionOnArrayBasedRoute(Array)
#11 /home/srt/domains/api1.suratec.co.th/private_html/vendor/laravel/lumen-framework/src/Concerns/RoutesRequests.php(165): Laravel\\Lumen\\Application->handleFoundRoute(Array)
#12 /home/srt/domains/api1.suratec.co.th/private_html/vendor/laravel/lumen-framework/src/Concerns/RoutesRequests.php(416): Laravel\\Lumen\\Application->Laravel\\Lumen\\Concerns\\{closure}(Object(Laravel\\Lumen\\Http\\Request))
#13 /home/srt/domains/api1.suratec.co.th/private_html/vendor/laravel/lumen-framework/src/Concerns/RoutesRequests.php(171): Laravel\\Lumen\\Application->sendThroughPipeline(Array, Object(Closure))
#14 /home/srt/domains/api1.suratec.co.th/private_html/vendor/laravel/lumen-framework/src/Concerns/RoutesRequests.php(108): Laravel\\Lumen\\Application->dispatch(NULL)
#15 /home/srt/domains/api1.suratec.co.th/private_html/index.php(28): Laravel\\Lumen\\Application->run()
#16 {main}
"} 
[2021-10-04 19:03:21] local.ERROR: ErrorException: Creating default object from empty value in /home/srt/domains/api1.suratec.co.th/private_html/app/Http/Controllers/Auth/UpdataProfileController.php:151
Stack trace:
#0 /home/srt/domains/api1.suratec.co.th/private_html/app/Http/Controllers/Auth/UpdataProfileController.php(151): Laravel\Lumen\Application->Laravel\Lumen\Concerns\{closure}(2, 'Creating defaul...', '/home/srt/domai...', 151, Array)
#1 [internal function]: App\Http\Controllers\Auth\UpdataProfileController->updataprofile(Object(Laravel\Lumen\Http\Request))
#2 /home/srt/domains/api1.suratec.co.th/private_html/vendor/illuminate/container/BoundMethod.php(32): call_user_func_array(Array, Array)
#3 /home/srt/domains/api1.suratec.co.th/private_html/vendor/illuminate/container/BoundMethod.php(90): Illuminate\Container\BoundMethod::Illuminate\Container\{closure}()
#4 /home/srt/domains/api1.suratec.co.th/private_html/vendor/illuminate/container/BoundMethod.php(34): Illuminate\Container\BoundMethod::callBoundMethod(Object(Laravel\Lumen\Application), Array, Object(Closure))
#5 /home/srt/domains/api1.suratec.co.th/private_html/vendor/illuminate/container/Container.php(576): Illuminate\Container\BoundMethod::call(Object(Laravel\Lumen\Application), Array, Array, NULL)
#6 /home/srt/domains/api1.suratec.co.th/private_html/vendor/laravel/lumen-framework/src/Concerns/RoutesRequests.php(376): Illuminate\Container\Container->call(Array, Array)
#7 /home/srt/domains/api1.suratec.co.th/private_html/vendor/laravel/lumen-framework/src/Concerns/RoutesRequests.php(342): Laravel\Lumen\Application->callControllerCallable(Array, Array)
#8 /home/srt/domains/api1.suratec.co.th/private_html/vendor/laravel/lumen-framework/src/Concerns/RoutesRequests.php(316): Laravel\Lumen\Application->callLumenController(Object(App\Http\Controllers\Auth\UpdataProfileController), 'updataprofile', Array)
#9 /home/srt/domains/api1.suratec.co.th/private_html/vendor/laravel/lumen-framework/src/Concerns/RoutesRequests.php(278): Laravel\Lumen\Application->callControllerAction(Array)
#10 /home/srt/domains/api1.suratec.co.th/private_html/vendor/laravel/lumen-framework/src/Concerns/RoutesRequests.php(263): Laravel\Lumen\Application->callActionOnArrayBasedRoute(Array)
#11 /home/srt/domains/api1.suratec.co.th/private_html/vendor/laravel/lumen-framework/src/Concerns/RoutesRequests.php(165): Laravel\Lumen\Application->handleFoundRoute(Array)
#12 /home/srt/domains/api1.suratec.co.th/private_html/vendor/laravel/lumen-framework/src/Concerns/RoutesRequests.php(416): Laravel\Lumen\Application->Laravel\Lumen\Concerns\{closure}(Object(Laravel\Lumen\Http\Request))
#13 /home/srt/domains/api1.suratec.co.th/private_html/vendor/laravel/lumen-framework/src/Concerns/RoutesRequests.php(171): Laravel\Lumen\Application->sendThroughPipeline(Array, Object(Closure))
#14 /home/srt/domains/api1.suratec.co.th/private_html/vendor/laravel/lumen-framework/src/Concerns/RoutesRequests.php(108): Laravel\Lumen\Application->dispatch(NULL)
#15 /home/srt/domains/api1.suratec.co.th/private_html/index.php(28): Laravel\Lumen\Application->run()
#16 {main} {"exception":"[object] (ErrorException(code: 0): Creating default object from empty value at /home/srt/domains/api1.suratec.co.th/private_html/app/Http/Controllers/Auth/UpdataProfileController.php:151)
[stacktrace]
#0 /home/srt/domains/api1.suratec.co.th/private_html/app/Http/Controllers/Auth/UpdataProfileController.php(151): Laravel\\Lumen\\Application->Laravel\\Lumen\\Concerns\\{closure}(2, 'Creating defaul...', '/home/srt/domai...', 151, Array)
#1 [internal function]: App\\Http\\Controllers\\Auth\\UpdataProfileController->updataprofile(Object(Laravel\\Lumen\\Http\\Request))
#2 /home/srt/domains/api1.suratec.co.th/private_html/vendor/illuminate/container/BoundMethod.php(32): call_user_func_array(Array, Array)
#3 /home/srt/domains/api1.suratec.co.th/private_html/vendor/illuminate/container/BoundMethod.php(90): Illuminate\\Container\\BoundMethod::Illuminate\\Container\\{closure}()
#4 /home/srt/domains/api1.suratec.co.th/private_html/vendor/illuminate/container/BoundMethod.php(34): Illuminate\\Container\\BoundMethod::callBoundMethod(Object(Laravel\\Lumen\\Application), Array, Object(Closure))
#5 /home/srt/domains/api1.suratec.co.th/private_html/vendor/illuminate/container/Container.php(576): Illuminate\\Container\\BoundMethod::call(Object(Laravel\\Lumen\\Application), Array, Array, NULL)
#6 /home/srt/domains/api1.suratec.co.th/private_html/vendor/laravel/lumen-framework/src/Concerns/RoutesRequests.php(376): Illuminate\\Container\\Container->call(Array, Array)
#7 /home/srt/domains/api1.suratec.co.th/private_html/vendor/laravel/lumen-framework/src/Concerns/RoutesRequests.php(342): Laravel\\Lumen\\Application->callControllerCallable(Array, Array)
#8 /home/srt/domains/api1.suratec.co.th/private_html/vendor/laravel/lumen-framework/src/Concerns/RoutesRequests.php(316): Laravel\\Lumen\\Application->callLumenController(Object(App\\Http\\Controllers\\Auth\\UpdataProfileController), 'updataprofile', Array)
#9 /home/srt/domains/api1.suratec.co.th/private_html/vendor/laravel/lumen-framework/src/Concerns/RoutesRequests.php(278): Laravel\\Lumen\\Application->callControllerAction(Array)
#10 /home/srt/domains/api1.suratec.co.th/private_html/vendor/laravel/lumen-framework/src/Concerns/RoutesRequests.php(263): Laravel\\Lumen\\Application->callActionOnArrayBasedRoute(Array)
#11 /home/srt/domains/api1.suratec.co.th/private_html/vendor/laravel/lumen-framework/src/Concerns/RoutesRequests.php(165): Laravel\\Lumen\\Application->handleFoundRoute(Array)
#12 /home/srt/domains/api1.suratec.co.th/private_html/vendor/laravel/lumen-framework/src/Concerns/RoutesRequests.php(416): Laravel\\Lumen\\Application->Laravel\\Lumen\\Concerns\\{closure}(Object(Laravel\\Lumen\\Http\\Request))
#13 /home/srt/domains/api1.suratec.co.th/private_html/vendor/laravel/lumen-framework/src/Concerns/RoutesRequests.php(171): Laravel\\Lumen\\Application->sendThroughPipeline(Array, Object(Closure))
#14 /home/srt/domains/api1.suratec.co.th/private_html/vendor/laravel/lumen-framework/src/Concerns/RoutesRequests.php(108): Laravel\\Lumen\\Application->dispatch(NULL)
#15 /home/srt/domains/api1.suratec.co.th/private_html/index.php(28): Laravel\\Lumen\\Application->run()
#16 {main}
"} 
[2021-10-04 19:03:22] local.ERROR: ErrorException: Creating default object from empty value in /home/srt/domains/api1.suratec.co.th/private_html/app/Http/Controllers/Auth/UpdataProfileController.php:151
Stack trace:
#0 /home/srt/domains/api1.suratec.co.th/private_html/app/Http/Controllers/Auth/UpdataProfileController.php(151): Laravel\Lumen\Application->Laravel\Lumen\Concerns\{closure}(2, 'Creating defaul...', '/home/srt/domai...', 151, Array)
#1 [internal function]: App\Http\Controllers\Auth\UpdataProfileController->updataprofile(Object(Laravel\Lumen\Http\Request))
#2 /home/srt/domains/api1.suratec.co.th/private_html/vendor/illuminate/container/BoundMethod.php(32): call_user_func_array(Array, Array)
#3 /home/srt/domains/api1.suratec.co.th/private_html/vendor/illuminate/container/BoundMethod.php(90): Illuminate\Container\BoundMethod::Illuminate\Container\{closure}()
#4 /home/srt/domains/api1.suratec.co.th/private_html/vendor/illuminate/container/BoundMethod.php(34): Illuminate\Container\BoundMethod::callBoundMethod(Object(Laravel\Lumen\Application), Array, Object(Closure))
#5 /home/srt/domains/api1.suratec.co.th/private_html/vendor/illuminate/container/Container.php(576): Illuminate\Container\BoundMethod::call(Object(Laravel\Lumen\Application), Array, Array, NULL)
#6 /home/srt/domains/api1.suratec.co.th/private_html/vendor/laravel/lumen-framework/src/Concerns/RoutesRequests.php(376): Illuminate\Container\Container->call(Array, Array)
#7 /home/srt/domains/api1.suratec.co.th/private_html/vendor/laravel/lumen-framework/src/Concerns/RoutesRequests.php(342): Laravel\Lumen\Application->callControllerCallable(Array, Array)
#8 /home/srt/domains/api1.suratec.co.th/private_html/vendor/laravel/lumen-framework/src/Concerns/RoutesRequests.php(316): Laravel\Lumen\Application->callLumenController(Object(App\Http\Controllers\Auth\UpdataProfileController), 'updataprofile', Array)
#9 /home/srt/domains/api1.suratec.co.th/private_html/vendor/laravel/lumen-framework/src/Concerns/RoutesRequests.php(278): Laravel\Lumen\Application->callControllerAction(Array)
#10 /home/srt/domains/api1.suratec.co.th/private_html/vendor/laravel/lumen-framework/src/Concerns/RoutesRequests.php(263): Laravel\Lumen\Application->callActionOnArrayBasedRoute(Array)
#11 /home/srt/domains/api1.suratec.co.th/private_html/vendor/laravel/lumen-framework/src/Concerns/RoutesRequests.php(165): Laravel\Lumen\Application->handleFoundRoute(Array)
#12 /home/srt/domains/api1.suratec.co.th/private_html/vendor/laravel/lumen-framework/src/Concerns/RoutesRequests.php(416): Laravel\Lumen\Application->Laravel\Lumen\Concerns\{closure}(Object(Laravel\Lumen\Http\Request))
#13 /home/srt/domains/api1.suratec.co.th/private_html/vendor/laravel/lumen-framework/src/Concerns/RoutesRequests.php(171): Laravel\Lumen\Application->sendThroughPipeline(Array, Object(Closure))
#14 /home/srt/domains/api1.suratec.co.th/private_html/vendor/laravel/lumen-framework/src/Concerns/RoutesRequests.php(108): Laravel\Lumen\Application->dispatch(NULL)
#15 /home/srt/domains/api1.suratec.co.th/private_html/index.php(28): Laravel\Lumen\Application->run()
#16 {main} {"exception":"[object] (ErrorException(code: 0): Creating default object from empty value at /home/srt/domains/api1.suratec.co.th/private_html/app/Http/Controllers/Auth/UpdataProfileController.php:151)
[stacktrace]
#0 /home/srt/domains/api1.suratec.co.th/private_html/app/Http/Controllers/Auth/UpdataProfileController.php(151): Laravel\\Lumen\\Application->Laravel\\Lumen\\Concerns\\{closure}(2, 'Creating defaul...', '/home/srt/domai...', 151, Array)
#1 [internal function]: App\\Http\\Controllers\\Auth\\UpdataProfileController->updataprofile(Object(Laravel\\Lumen\\Http\\Request))
#2 /home/srt/domains/api1.suratec.co.th/private_html/vendor/illuminate/container/BoundMethod.php(32): call_user_func_array(Array, Array)
#3 /home/srt/domains/api1.suratec.co.th/private_html/vendor/illuminate/container/BoundMethod.php(90): Illuminate\\Container\\BoundMethod::Illuminate\\Container\\{closure}()
#4 /home/srt/domains/api1.suratec.co.th/private_html/vendor/illuminate/container/BoundMethod.php(34): Illuminate\\Container\\BoundMethod::callBoundMethod(Object(Laravel\\Lumen\\Application), Array, Object(Closure))
#5 /home/srt/domains/api1.suratec.co.th/private_html/vendor/illuminate/container/Container.php(576): Illuminate\\Container\\BoundMethod::call(Object(Laravel\\Lumen\\Application), Array, Array, NULL)
#6 /home/srt/domains/api1.suratec.co.th/private_html/vendor/laravel/lumen-framework/src/Concerns/RoutesRequests.php(376): Illuminate\\Container\\Container->call(Array, Array)
#7 /home/srt/domains/api1.suratec.co.th/private_html/vendor/laravel/lumen-framework/src/Concerns/RoutesRequests.php(342): Laravel\\Lumen\\Application->callControllerCallable(Array, Array)
#8 /home/srt/domains/api1.suratec.co.th/private_html/vendor/laravel/lumen-framework/src/Concerns/RoutesRequests.php(316): Laravel\\Lumen\\Application->callLumenController(Object(App\\Http\\Controllers\\Auth\\UpdataProfileController), 'updataprofile', Array)
#9 /home/srt/domains/api1.suratec.co.th/private_html/vendor/laravel/lumen-framework/src/Concerns/RoutesRequests.php(278): Laravel\\Lumen\\Application->callControllerAction(Array)
#10 /home/srt/domains/api1.suratec.co.th/private_html/vendor/laravel/lumen-framework/src/Concerns/RoutesRequests.php(263): Laravel\\Lumen\\Application->callActionOnArrayBasedRoute(Array)
#11 /home/srt/domains/api1.suratec.co.th/private_html/vendor/laravel/lumen-framework/src/Concerns/RoutesRequests.php(165): Laravel\\Lumen\\Application->handleFoundRoute(Array)
#12 /home/srt/domains/api1.suratec.co.th/private_html/vendor/laravel/lumen-framework/src/Concerns/RoutesRequests.php(416): Laravel\\Lumen\\Application->Laravel\\Lumen\\Concerns\\{closure}(Object(Laravel\\Lumen\\Http\\Request))
#13 /home/srt/domains/api1.suratec.co.th/private_html/vendor/laravel/lumen-framework/src/Concerns/RoutesRequests.php(171): Laravel\\Lumen\\Application->sendThroughPipeline(Array, Object(Closure))
#14 /home/srt/domains/api1.suratec.co.th/private_html/vendor/laravel/lumen-framework/src/Concerns/RoutesRequests.php(108): Laravel\\Lumen\\Application->dispatch(NULL)
#15 /home/srt/domains/api1.suratec.co.th/private_html/index.php(28): Laravel\\Lumen\\Application->run()
#16 {main}
"} 
[2021-10-04 19:03:28] local.ERROR: ErrorException: Creating default object from empty value in /home/srt/domains/api1.suratec.co.th/private_html/app/Http/Controllers/Auth/UpdataProfileController.php:151
Stack trace:
#0 /home/srt/domains/api1.suratec.co.th/private_html/app/Http/Controllers/Auth/UpdataProfileController.php(151): Laravel\Lumen\Application->Laravel\Lumen\Concerns\{closure}(2, 'Creating defaul...', '/home/srt/domai...', 151, Array)
#1 [internal function]: App\Http\Controllers\Auth\UpdataProfileController->updataprofile(Object(Laravel\Lumen\Http\Request))
#2 /home/srt/domains/api1.suratec.co.th/private_html/vendor/illuminate/container/BoundMethod.php(32): call_user_func_array(Array, Array)
#3 /home/srt/domains/api1.suratec.co.th/private_html/vendor/illuminate/container/BoundMethod.php(90): Illuminate\Container\BoundMethod::Illuminate\Container\{closure}()
#4 /home/srt/domains/api1.suratec.co.th/private_html/vendor/illuminate/container/BoundMethod.php(34): Illuminate\Container\BoundMethod::callBoundMethod(Object(Laravel\Lumen\Application), Array, Object(Closure))
#5 /home/srt/domains/api1.suratec.co.th/private_html/vendor/illuminate/container/Container.php(576): Illuminate\Container\BoundMethod::call(Object(Laravel\Lumen\Application), Array, Array, NULL)
#6 /home/srt/domains/api1.suratec.co.th/private_html/vendor/laravel/lumen-framework/src/Concerns/RoutesRequests.php(376): Illuminate\Container\Container->call(Array, Array)
#7 /home/srt/domains/api1.suratec.co.th/private_html/vendor/laravel/lumen-framework/src/Concerns/RoutesRequests.php(342): Laravel\Lumen\Application->callControllerCallable(Array, Array)
#8 /home/srt/domains/api1.suratec.co.th/private_html/vendor/laravel/lumen-framework/src/Concerns/RoutesRequests.php(316): Laravel\Lumen\Application->callLumenController(Object(App\Http\Controllers\Auth\UpdataProfileController), 'updataprofile', Array)
#9 /home/srt/domains/api1.suratec.co.th/private_html/vendor/laravel/lumen-framework/src/Concerns/RoutesRequests.php(278): Laravel\Lumen\Application->callControllerAction(Array)
#10 /home/srt/domains/api1.suratec.co.th/private_html/vendor/laravel/lumen-framework/src/Concerns/RoutesRequests.php(263): Laravel\Lumen\Application->callActionOnArrayBasedRoute(Array)
#11 /home/srt/domains/api1.suratec.co.th/private_html/vendor/laravel/lumen-framework/src/Concerns/RoutesRequests.php(165): Laravel\Lumen\Application->handleFoundRoute(Array)
#12 /home/srt/domains/api1.suratec.co.th/private_html/vendor/laravel/lumen-framework/src/Concerns/RoutesRequests.php(416): Laravel\Lumen\Application->Laravel\Lumen\Concerns\{closure}(Object(Laravel\Lumen\Http\Request))
#13 /home/srt/domains/api1.suratec.co.th/private_html/vendor/laravel/lumen-framework/src/Concerns/RoutesRequests.php(171): Laravel\Lumen\Application->sendThroughPipeline(Array, Object(Closure))
#14 /home/srt/domains/api1.suratec.co.th/private_html/vendor/laravel/lumen-framework/src/Concerns/RoutesRequests.php(108): Laravel\Lumen\Application->dispatch(NULL)
#15 /home/srt/domains/api1.suratec.co.th/private_html/index.php(28): Laravel\Lumen\Application->run()
#16 {main} {"exception":"[object] (ErrorException(code: 0): Creating default object from empty value at /home/srt/domains/api1.suratec.co.th/private_html/app/Http/Controllers/Auth/UpdataProfileController.php:151)
[stacktrace]
#0 /home/srt/domains/api1.suratec.co.th/private_html/app/Http/Controllers/Auth/UpdataProfileController.php(151): Laravel\\Lumen\\Application->Laravel\\Lumen\\Concerns\\{closure}(2, 'Creating defaul...', '/home/srt/domai...', 151, Array)
#1 [internal function]: App\\Http\\Controllers\\Auth\\UpdataProfileController->updataprofile(Object(Laravel\\Lumen\\Http\\Request))
#2 /home/srt/domains/api1.suratec.co.th/private_html/vendor/illuminate/container/BoundMethod.php(32): call_user_func_array(Array, Array)
#3 /home/srt/domains/api1.suratec.co.th/private_html/vendor/illuminate/container/BoundMethod.php(90): Illuminate\\Container\\BoundMethod::Illuminate\\Container\\{closure}()
#4 /home/srt/domains/api1.suratec.co.th/private_html/vendor/illuminate/container/BoundMethod.php(34): Illuminate\\Container\\BoundMethod::callBoundMethod(Object(Laravel\\Lumen\\Application), Array, Object(Closure))
#5 /home/srt/domains/api1.suratec.co.th/private_html/vendor/illuminate/container/Container.php(576): Illuminate\\Container\\BoundMethod::call(Object(Laravel\\Lumen\\Application), Array, Array, NULL)
#6 /home/srt/domains/api1.suratec.co.th/private_html/vendor/laravel/lumen-framework/src/Concerns/RoutesRequests.php(376): Illuminate\\Container\\Container->call(Array, Array)
#7 /home/srt/domains/api1.suratec.co.th/private_html/vendor/laravel/lumen-framework/src/Concerns/RoutesRequests.php(342): Laravel\\Lumen\\Application->callControllerCallable(Array, Array)
#8 /home/srt/domains/api1.suratec.co.th/private_html/vendor/laravel/lumen-framework/src/Concerns/RoutesRequests.php(316): Laravel\\Lumen\\Application->callLumenController(Object(App\\Http\\Controllers\\Auth\\UpdataProfileController), 'updataprofile', Array)
#9 /home/srt/domains/api1.suratec.co.th/private_html/vendor/laravel/lumen-framework/src/Concerns/RoutesRequests.php(278): Laravel\\Lumen\\Application->callControllerAction(Array)
#10 /home/srt/domains/api1.suratec.co.th/private_html/vendor/laravel/lumen-framework/src/Concerns/RoutesRequests.php(263): Laravel\\Lumen\\Application->callActionOnArrayBasedRoute(Array)
#11 /home/srt/domains/api1.suratec.co.th/private_html/vendor/laravel/lumen-framework/src/Concerns/RoutesRequests.php(165): Laravel\\Lumen\\Application->handleFoundRoute(Array)
#12 /home/srt/domains/api1.suratec.co.th/private_html/vendor/laravel/lumen-framework/src/Concerns/RoutesRequests.php(416): Laravel\\Lumen\\Application->Laravel\\Lumen\\Concerns\\{closure}(Object(Laravel\\Lumen\\Http\\Request))
#13 /home/srt/domains/api1.suratec.co.th/private_html/vendor/laravel/lumen-framework/src/Concerns/RoutesRequests.php(171): Laravel\\Lumen\\Application->sendThroughPipeline(Array, Object(Closure))
#14 /home/srt/domains/api1.suratec.co.th/private_html/vendor/laravel/lumen-framework/src/Concerns/RoutesRequests.php(108): Laravel\\Lumen\\Application->dispatch(NULL)
#15 /home/srt/domains/api1.suratec.co.th/private_html/index.php(28): Laravel\\Lumen\\Application->run()
#16 {main}
"} 
[2021-10-04 19:03:30] local.ERROR: ErrorException: Creating default object from empty value in /home/srt/domains/api1.suratec.co.th/private_html/app/Http/Controllers/Auth/UpdataProfileController.php:151
Stack trace:
#0 /home/srt/domains/api1.suratec.co.th/private_html/app/Http/Controllers/Auth/UpdataProfileController.php(151): Laravel\Lumen\Application->Laravel\Lumen\Concerns\{closure}(2, 'Creating defaul...', '/home/srt/domai...', 151, Array)
#1 [internal function]: App\Http\Controllers\Auth\UpdataProfileController->updataprofile(Object(Laravel\Lumen\Http\Request))
#2 /home/srt/domains/api1.suratec.co.th/private_html/vendor/illuminate/container/BoundMethod.php(32): call_user_func_array(Array, Array)
#3 /home/srt/domains/api1.suratec.co.th/private_html/vendor/illuminate/container/BoundMethod.php(90): Illuminate\Container\BoundMethod::Illuminate\Container\{closure}()
#4 /home/srt/domains/api1.suratec.co.th/private_html/vendor/illuminate/container/BoundMethod.php(34): Illuminate\Container\BoundMethod::callBoundMethod(Object(Laravel\Lumen\Application), Array, Object(Closure))
#5 /home/srt/domains/api1.suratec.co.th/private_html/vendor/illuminate/container/Container.php(576): Illuminate\Container\BoundMethod::call(Object(Laravel\Lumen\Application), Array, Array, NULL)
#6 /home/srt/domains/api1.suratec.co.th/private_html/vendor/laravel/lumen-framework/src/Concerns/RoutesRequests.php(376): Illuminate\Container\Container->call(Array, Array)
#7 /home/srt/domains/api1.suratec.co.th/private_html/vendor/laravel/lumen-framework/src/Concerns/RoutesRequests.php(342): Laravel\Lumen\Application->callControllerCallable(Array, Array)
#8 /home/srt/domains/api1.suratec.co.th/private_html/vendor/laravel/lumen-framework/src/Concerns/RoutesRequests.php(316): Laravel\Lumen\Application->callLumenController(Object(App\Http\Controllers\Auth\UpdataProfileController), 'updataprofile', Array)
#9 /home/srt/domains/api1.suratec.co.th/private_html/vendor/laravel/lumen-framework/src/Concerns/RoutesRequests.php(278): Laravel\Lumen\Application->callControllerAction(Array)
#10 /home/srt/domains/api1.suratec.co.th/private_html/vendor/laravel/lumen-framework/src/Concerns/RoutesRequests.php(263): Laravel\Lumen\Application->callActionOnArrayBasedRoute(Array)
#11 /home/srt/domains/api1.suratec.co.th/private_html/vendor/laravel/lumen-framework/src/Concerns/RoutesRequests.php(165): Laravel\Lumen\Application->handleFoundRoute(Array)
#12 /home/srt/domains/api1.suratec.co.th/private_html/vendor/laravel/lumen-framework/src/Concerns/RoutesRequests.php(416): Laravel\Lumen\Application->Laravel\Lumen\Concerns\{closure}(Object(Laravel\Lumen\Http\Request))
#13 /home/srt/domains/api1.suratec.co.th/private_html/vendor/laravel/lumen-framework/src/Concerns/RoutesRequests.php(171): Laravel\Lumen\Application->sendThroughPipeline(Array, Object(Closure))
#14 /home/srt/domains/api1.suratec.co.th/private_html/vendor/laravel/lumen-framework/src/Concerns/RoutesRequests.php(108): Laravel\Lumen\Application->dispatch(NULL)
#15 /home/srt/domains/api1.suratec.co.th/private_html/index.php(28): Laravel\Lumen\Application->run()
#16 {main} {"exception":"[object] (ErrorException(code: 0): Creating default object from empty value at /home/srt/domains/api1.suratec.co.th/private_html/app/Http/Controllers/Auth/UpdataProfileController.php:151)
[stacktrace]
#0 /home/srt/domains/api1.suratec.co.th/private_html/app/Http/Controllers/Auth/UpdataProfileController.php(151): Laravel\\Lumen\\Application->Laravel\\Lumen\\Concerns\\{closure}(2, 'Creating defaul...', '/home/srt/domai...', 151, Array)
#1 [internal function]: App\\Http\\Controllers\\Auth\\UpdataProfileController->updataprofile(Object(Laravel\\Lumen\\Http\\Request))
#2 /home/srt/domains/api1.suratec.co.th/private_html/vendor/illuminate/container/BoundMethod.php(32): call_user_func_array(Array, Array)
#3 /home/srt/domains/api1.suratec.co.th/private_html/vendor/illuminate/container/BoundMethod.php(90): Illuminate\\Container\\BoundMethod::Illuminate\\Container\\{closure}()
#4 /home/srt/domains/api1.suratec.co.th/private_html/vendor/illuminate/container/BoundMethod.php(34): Illuminate\\Container\\BoundMethod::callBoundMethod(Object(Laravel\\Lumen\\Application), Array, Object(Closure))
#5 /home/srt/domains/api1.suratec.co.th/private_html/vendor/illuminate/container/Container.php(576): Illuminate\\Container\\BoundMethod::call(Object(Laravel\\Lumen\\Application), Array, Array, NULL)
#6 /home/srt/domains/api1.suratec.co.th/private_html/vendor/laravel/lumen-framework/src/Concerns/RoutesRequests.php(376): Illuminate\\Container\\Container->call(Array, Array)
#7 /home/srt/domains/api1.suratec.co.th/private_html/vendor/laravel/lumen-framework/src/Concerns/RoutesRequests.php(342): Laravel\\Lumen\\Application->callControllerCallable(Array, Array)
#8 /home/srt/domains/api1.suratec.co.th/private_html/vendor/laravel/lumen-framework/src/Concerns/RoutesRequests.php(316): Laravel\\Lumen\\Application->callLumenController(Object(App\\Http\\Controllers\\Auth\\UpdataProfileController), 'updataprofile', Array)
#9 /home/srt/domains/api1.suratec.co.th/private_html/vendor/laravel/lumen-framework/src/Concerns/RoutesRequests.php(278): Laravel\\Lumen\\Application->callControllerAction(Array)
#10 /home/srt/domains/api1.suratec.co.th/private_html/vendor/laravel/lumen-framework/src/Concerns/RoutesRequests.php(263): Laravel\\Lumen\\Application->callActionOnArrayBasedRoute(Array)
#11 /home/srt/domains/api1.suratec.co.th/private_html/vendor/laravel/lumen-framework/src/Concerns/RoutesRequests.php(165): Laravel\\Lumen\\Application->handleFoundRoute(Array)
#12 /home/srt/domains/api1.suratec.co.th/private_html/vendor/laravel/lumen-framework/src/Concerns/RoutesRequests.php(416): Laravel\\Lumen\\Application->Laravel\\Lumen\\Concerns\\{closure}(Object(Laravel\\Lumen\\Http\\Request))
#13 /home/srt/domains/api1.suratec.co.th/private_html/vendor/laravel/lumen-framework/src/Concerns/RoutesRequests.php(171): Laravel\\Lumen\\Application->sendThroughPipeline(Array, Object(Closure))
#14 /home/srt/domains/api1.suratec.co.th/private_html/vendor/laravel/lumen-framework/src/Concerns/RoutesRequests.php(108): Laravel\\Lumen\\Application->dispatch(NULL)
#15 /home/srt/domains/api1.suratec.co.th/private_html/index.php(28): Laravel\\Lumen\\Application->run()
#16 {main}
"} 
[2021-10-04 19:03:39] local.ERROR: ErrorException: Creating default object from empty value in /home/srt/domains/api1.suratec.co.th/private_html/app/Http/Controllers/Auth/UpdataProfileController.php:151
Stack trace:
#0 /home/srt/domains/api1.suratec.co.th/private_html/app/Http/Controllers/Auth/UpdataProfileController.php(151): Laravel\Lumen\Application->Laravel\Lumen\Concerns\{closure}(2, 'Creating defaul...', '/home/srt/domai...', 151, Array)
#1 [internal function]: App\Http\Controllers\Auth\UpdataProfileController->updataprofile(Object(Laravel\Lumen\Http\Request))
#2 /home/srt/domains/api1.suratec.co.th/private_html/vendor/illuminate/container/BoundMethod.php(32): call_user_func_array(Array, Array)
#3 /home/srt/domains/api1.suratec.co.th/private_html/vendor/illuminate/container/BoundMethod.php(90): Illuminate\Container\BoundMethod::Illuminate\Container\{closure}()
#4 /home/srt/domains/api1.suratec.co.th/private_html/vendor/illuminate/container/BoundMethod.php(34): Illuminate\Container\BoundMethod::callBoundMethod(Object(Laravel\Lumen\Application), Array, Object(Closure))
#5 /home/srt/domains/api1.suratec.co.th/private_html/vendor/illuminate/container/Container.php(576): Illuminate\Container\BoundMethod::call(Object(Laravel\Lumen\Application), Array, Array, NULL)
#6 /home/srt/domains/api1.suratec.co.th/private_html/vendor/laravel/lumen-framework/src/Concerns/RoutesRequests.php(376): Illuminate\Container\Container->call(Array, Array)
#7 /home/srt/domains/api1.suratec.co.th/private_html/vendor/laravel/lumen-framework/src/Concerns/RoutesRequests.php(342): Laravel\Lumen\Application->callControllerCallable(Array, Array)
#8 /home/srt/domains/api1.suratec.co.th/private_html/vendor/laravel/lumen-framework/src/Concerns/RoutesRequests.php(316): Laravel\Lumen\Application->callLumenController(Object(App\Http\Controllers\Auth\UpdataProfileController), 'updataprofile', Array)
#9 /home/srt/domains/api1.suratec.co.th/private_html/vendor/laravel/lumen-framework/src/Concerns/RoutesRequests.php(278): Laravel\Lumen\Application->callControllerAction(Array)
#10 /home/srt/domains/api1.suratec.co.th/private_html/vendor/laravel/lumen-framework/src/Concerns/RoutesRequests.php(263): Laravel\Lumen\Application->callActionOnArrayBasedRoute(Array)
#11 /home/srt/domains/api1.suratec.co.th/private_html/vendor/laravel/lumen-framework/src/Concerns/RoutesRequests.php(165): Laravel\Lumen\Application->handleFoundRoute(Array)
#12 /home/srt/domains/api1.suratec.co.th/private_html/vendor/laravel/lumen-framework/src/Concerns/RoutesRequests.php(416): Laravel\Lumen\Application->Laravel\Lumen\Concerns\{closure}(Object(Laravel\Lumen\Http\Request))
#13 /home/srt/domains/api1.suratec.co.th/private_html/vendor/laravel/lumen-framework/src/Concerns/RoutesRequests.php(171): Laravel\Lumen\Application->sendThroughPipeline(Array, Object(Closure))
#14 /home/srt/domains/api1.suratec.co.th/private_html/vendor/laravel/lumen-framework/src/Concerns/RoutesRequests.php(108): Laravel\Lumen\Application->dispatch(NULL)
#15 /home/srt/domains/api1.suratec.co.th/private_html/index.php(28): Laravel\Lumen\Application->run()
#16 {main} {"exception":"[object] (ErrorException(code: 0): Creating default object from empty value at /home/srt/domains/api1.suratec.co.th/private_html/app/Http/Controllers/Auth/UpdataProfileController.php:151)
[stacktrace]
#0 /home/srt/domains/api1.suratec.co.th/private_html/app/Http/Controllers/Auth/UpdataProfileController.php(151): Laravel\\Lumen\\Application->Laravel\\Lumen\\Concerns\\{closure}(2, 'Creating defaul...', '/home/srt/domai...', 151, Array)
#1 [internal function]: App\\Http\\Controllers\\Auth\\UpdataProfileController->updataprofile(Object(Laravel\\Lumen\\Http\\Request))
#2 /home/srt/domains/api1.suratec.co.th/private_html/vendor/illuminate/container/BoundMethod.php(32): call_user_func_array(Array, Array)
#3 /home/srt/domains/api1.suratec.co.th/private_html/vendor/illuminate/container/BoundMethod.php(90): Illuminate\\Container\\BoundMethod::Illuminate\\Container\\{closure}()
#4 /home/srt/domains/api1.suratec.co.th/private_html/vendor/illuminate/container/BoundMethod.php(34): Illuminate\\Container\\BoundMethod::callBoundMethod(Object(Laravel\\Lumen\\Application), Array, Object(Closure))
#5 /home/srt/domains/api1.suratec.co.th/private_html/vendor/illuminate/container/Container.php(576): Illuminate\\Container\\BoundMethod::call(Object(Laravel\\Lumen\\Application), Array, Array, NULL)
#6 /home/srt/domains/api1.suratec.co.th/private_html/vendor/laravel/lumen-framework/src/Concerns/RoutesRequests.php(376): Illuminate\\Container\\Container->call(Array, Array)
#7 /home/srt/domains/api1.suratec.co.th/private_html/vendor/laravel/lumen-framework/src/Concerns/RoutesRequests.php(342): Laravel\\Lumen\\Application->callControllerCallable(Array, Array)
#8 /home/srt/domains/api1.suratec.co.th/private_html/vendor/laravel/lumen-framework/src/Concerns/RoutesRequests.php(316): Laravel\\Lumen\\Application->callLumenController(Object(App\\Http\\Controllers\\Auth\\UpdataProfileController), 'updataprofile', Array)
#9 /home/srt/domains/api1.suratec.co.th/private_html/vendor/laravel/lumen-framework/src/Concerns/RoutesRequests.php(278): Laravel\\Lumen\\Application->callControllerAction(Array)
#10 /home/srt/domains/api1.suratec.co.th/private_html/vendor/laravel/lumen-framework/src/Concerns/RoutesRequests.php(263): Laravel\\Lumen\\Application->callActionOnArrayBasedRoute(Array)
#11 /home/srt/domains/api1.suratec.co.th/private_html/vendor/laravel/lumen-framework/src/Concerns/RoutesRequests.php(165): Laravel\\Lumen\\Application->handleFoundRoute(Array)
#12 /home/srt/domains/api1.suratec.co.th/private_html/vendor/laravel/lumen-framework/src/Concerns/RoutesRequests.php(416): Laravel\\Lumen\\Application->Laravel\\Lumen\\Concerns\\{closure}(Object(Laravel\\Lumen\\Http\\Request))
#13 /home/srt/domains/api1.suratec.co.th/private_html/vendor/laravel/lumen-framework/src/Concerns/RoutesRequests.php(171): Laravel\\Lumen\\Application->sendThroughPipeline(Array, Object(Closure))
#14 /home/srt/domains/api1.suratec.co.th/private_html/vendor/laravel/lumen-framework/src/Concerns/RoutesRequests.php(108): Laravel\\Lumen\\Application->dispatch(NULL)
#15 /home/srt/domains/api1.suratec.co.th/private_html/index.php(28): Laravel\\Lumen\\Application->run()
#16 {main}
"} 
[2021-10-04 19:03:40] local.ERROR: ErrorException: Creating default object from empty value in /home/srt/domains/api1.suratec.co.th/private_html/app/Http/Controllers/Auth/UpdataProfileController.php:151
Stack trace:
#0 /home/srt/domains/api1.suratec.co.th/private_html/app/Http/Controllers/Auth/UpdataProfileController.php(151): Laravel\Lumen\Application->Laravel\Lumen\Concerns\{closure}(2, 'Creating defaul...', '/home/srt/domai...', 151, Array)
#1 [internal function]: App\Http\Controllers\Auth\UpdataProfileController->updataprofile(Object(Laravel\Lumen\Http\Request))
#2 /home/srt/domains/api1.suratec.co.th/private_html/vendor/illuminate/container/BoundMethod.php(32): call_user_func_array(Array, Array)
#3 /home/srt/domains/api1.suratec.co.th/private_html/vendor/illuminate/container/BoundMethod.php(90): Illuminate\Container\BoundMethod::Illuminate\Container\{closure}()
#4 /home/srt/domains/api1.suratec.co.th/private_html/vendor/illuminate/container/BoundMethod.php(34): Illuminate\Container\BoundMethod::callBoundMethod(Object(Laravel\Lumen\Application), Array, Object(Closure))
#5 /home/srt/domains/api1.suratec.co.th/private_html/vendor/illuminate/container/Container.php(576): Illuminate\Container\BoundMethod::call(Object(Laravel\Lumen\Application), Array, Array, NULL)
#6 /home/srt/domains/api1.suratec.co.th/private_html/vendor/laravel/lumen-framework/src/Concerns/RoutesRequests.php(376): Illuminate\Container\Container->call(Array, Array)
#7 /home/srt/domains/api1.suratec.co.th/private_html/vendor/laravel/lumen-framework/src/Concerns/RoutesRequests.php(342): Laravel\Lumen\Application->callControllerCallable(Array, Array)
#8 /home/srt/domains/api1.suratec.co.th/private_html/vendor/laravel/lumen-framework/src/Concerns/RoutesRequests.php(316): Laravel\Lumen\Application->callLumenController(Object(App\Http\Controllers\Auth\UpdataProfileController), 'updataprofile', Array)
#9 /home/srt/domains/api1.suratec.co.th/private_html/vendor/laravel/lumen-framework/src/Concerns/RoutesRequests.php(278): Laravel\Lumen\Application->callControllerAction(Array)
#10 /home/srt/domains/api1.suratec.co.th/private_html/vendor/laravel/lumen-framework/src/Concerns/RoutesRequests.php(263): Laravel\Lumen\Application->callActionOnArrayBasedRoute(Array)
#11 /home/srt/domains/api1.suratec.co.th/private_html/vendor/laravel/lumen-framework/src/Concerns/RoutesRequests.php(165): Laravel\Lumen\Application->handleFoundRoute(Array)
#12 /home/srt/domains/api1.suratec.co.th/private_html/vendor/laravel/lumen-framework/src/Concerns/RoutesRequests.php(416): Laravel\Lumen\Application->Laravel\Lumen\Concerns\{closure}(Object(Laravel\Lumen\Http\Request))
#13 /home/srt/domains/api1.suratec.co.th/private_html/vendor/laravel/lumen-framework/src/Concerns/RoutesRequests.php(171): Laravel\Lumen\Application->sendThroughPipeline(Array, Object(Closure))
#14 /home/srt/domains/api1.suratec.co.th/private_html/vendor/laravel/lumen-framework/src/Concerns/RoutesRequests.php(108): Laravel\Lumen\Application->dispatch(NULL)
#15 /home/srt/domains/api1.suratec.co.th/private_html/index.php(28): Laravel\Lumen\Application->run()
#16 {main} {"exception":"[object] (ErrorException(code: 0): Creating default object from empty value at /home/srt/domains/api1.suratec.co.th/private_html/app/Http/Controllers/Auth/UpdataProfileController.php:151)
[stacktrace]
#0 /home/srt/domains/api1.suratec.co.th/private_html/app/Http/Controllers/Auth/UpdataProfileController.php(151): Laravel\\Lumen\\Application->Laravel\\Lumen\\Concerns\\{closure}(2, 'Creating defaul...', '/home/srt/domai...', 151, Array)
#1 [internal function]: App\\Http\\Controllers\\Auth\\UpdataProfileController->updataprofile(Object(Laravel\\Lumen\\Http\\Request))
#2 /home/srt/domains/api1.suratec.co.th/private_html/vendor/illuminate/container/BoundMethod.php(32): call_user_func_array(Array, Array)
#3 /home/srt/domains/api1.suratec.co.th/private_html/vendor/illuminate/container/BoundMethod.php(90): Illuminate\\Container\\BoundMethod::Illuminate\\Container\\{closure}()
#4 /home/srt/domains/api1.suratec.co.th/private_html/vendor/illuminate/container/BoundMethod.php(34): Illuminate\\Container\\BoundMethod::callBoundMethod(Object(Laravel\\Lumen\\Application), Array, Object(Closure))
#5 /home/srt/domains/api1.suratec.co.th/private_html/vendor/illuminate/container/Container.php(576): Illuminate\\Container\\BoundMethod::call(Object(Laravel\\Lumen\\Application), Array, Array, NULL)
#6 /home/srt/domains/api1.suratec.co.th/private_html/vendor/laravel/lumen-framework/src/Concerns/RoutesRequests.php(376): Illuminate\\Container\\Container->call(Array, Array)
#7 /home/srt/domains/api1.suratec.co.th/private_html/vendor/laravel/lumen-framework/src/Concerns/RoutesRequests.php(342): Laravel\\Lumen\\Application->callControllerCallable(Array, Array)
#8 /home/srt/domains/api1.suratec.co.th/private_html/vendor/laravel/lumen-framework/src/Concerns/RoutesRequests.php(316): Laravel\\Lumen\\Application->callLumenController(Object(App\\Http\\Controllers\\Auth\\UpdataProfileController), 'updataprofile', Array)
#9 /home/srt/domains/api1.suratec.co.th/private_html/vendor/laravel/lumen-framework/src/Concerns/RoutesRequests.php(278): Laravel\\Lumen\\Application->callControllerAction(Array)
#10 /home/srt/domains/api1.suratec.co.th/private_html/vendor/laravel/lumen-framework/src/Concerns/RoutesRequests.php(263): Laravel\\Lumen\\Application->callActionOnArrayBasedRoute(Array)
#11 /home/srt/domains/api1.suratec.co.th/private_html/vendor/laravel/lumen-framework/src/Concerns/RoutesRequests.php(165): Laravel\\Lumen\\Application->handleFoundRoute(Array)
#12 /home/srt/domains/api1.suratec.co.th/private_html/vendor/laravel/lumen-framework/src/Concerns/RoutesRequests.php(416): Laravel\\Lumen\\Application->Laravel\\Lumen\\Concerns\\{closure}(Object(Laravel\\Lumen\\Http\\Request))
#13 /home/srt/domains/api1.suratec.co.th/private_html/vendor/laravel/lumen-framework/src/Concerns/RoutesRequests.php(171): Laravel\\Lumen\\Application->sendThroughPipeline(Array, Object(Closure))
#14 /home/srt/domains/api1.suratec.co.th/private_html/vendor/laravel/lumen-framework/src/Concerns/RoutesRequests.php(108): Laravel\\Lumen\\Application->dispatch(NULL)
#15 /home/srt/domains/api1.suratec.co.th/private_html/index.php(28): Laravel\\Lumen\\Application->run()
#16 {main}
"} 
[2021-10-04 19:04:11] local.ERROR: ErrorException: Creating default object from empty value in /home/srt/domains/api1.suratec.co.th/private_html/app/Http/Controllers/Auth/UpdataProfileController.php:151
Stack trace:
#0 /home/srt/domains/api1.suratec.co.th/private_html/app/Http/Controllers/Auth/UpdataProfileController.php(151): Laravel\Lumen\Application->Laravel\Lumen\Concerns\{closure}(2, 'Creating defaul...', '/home/srt/domai...', 151, Array)
#1 [internal function]: App\Http\Controllers\Auth\UpdataProfileController->updataprofile(Object(Laravel\Lumen\Http\Request))
#2 /home/srt/domains/api1.suratec.co.th/private_html/vendor/illuminate/container/BoundMethod.php(32): call_user_func_array(Array, Array)
#3 /home/srt/domains/api1.suratec.co.th/private_html/vendor/illuminate/container/BoundMethod.php(90): Illuminate\Container\BoundMethod::Illuminate\Container\{closure}()
#4 /home/srt/domains/api1.suratec.co.th/private_html/vendor/illuminate/container/BoundMethod.php(34): Illuminate\Container\BoundMethod::callBoundMethod(Object(Laravel\Lumen\Application), Array, Object(Closure))
#5 /home/srt/domains/api1.suratec.co.th/private_html/vendor/illuminate/container/Container.php(576): Illuminate\Container\BoundMethod::call(Object(Laravel\Lumen\Application), Array, Array, NULL)
#6 /home/srt/domains/api1.suratec.co.th/private_html/vendor/laravel/lumen-framework/src/Concerns/RoutesRequests.php(376): Illuminate\Container\Container->call(Array, Array)
#7 /home/srt/domains/api1.suratec.co.th/private_html/vendor/laravel/lumen-framework/src/Concerns/RoutesRequests.php(342): Laravel\Lumen\Application->callControllerCallable(Array, Array)
#8 /home/srt/domains/api1.suratec.co.th/private_html/vendor/laravel/lumen-framework/src/Concerns/RoutesRequests.php(316): Laravel\Lumen\Application->callLumenController(Object(App\Http\Controllers\Auth\UpdataProfileController), 'updataprofile', Array)
#9 /home/srt/domains/api1.suratec.co.th/private_html/vendor/laravel/lumen-framework/src/Concerns/RoutesRequests.php(278): Laravel\Lumen\Application->callControllerAction(Array)
#10 /home/srt/domains/api1.suratec.co.th/private_html/vendor/laravel/lumen-framework/src/Concerns/RoutesRequests.php(263): Laravel\Lumen\Application->callActionOnArrayBasedRoute(Array)
#11 /home/srt/domains/api1.suratec.co.th/private_html/vendor/laravel/lumen-framework/src/Concerns/RoutesRequests.php(165): Laravel\Lumen\Application->handleFoundRoute(Array)
#12 /home/srt/domains/api1.suratec.co.th/private_html/vendor/laravel/lumen-framework/src/Concerns/RoutesRequests.php(416): Laravel\Lumen\Application->Laravel\Lumen\Concerns\{closure}(Object(Laravel\Lumen\Http\Request))
#13 /home/srt/domains/api1.suratec.co.th/private_html/vendor/laravel/lumen-framework/src/Concerns/RoutesRequests.php(171): Laravel\Lumen\Application->sendThroughPipeline(Array, Object(Closure))
#14 /home/srt/domains/api1.suratec.co.th/private_html/vendor/laravel/lumen-framework/src/Concerns/RoutesRequests.php(108): Laravel\Lumen\Application->dispatch(NULL)
#15 /home/srt/domains/api1.suratec.co.th/private_html/index.php(28): Laravel\Lumen\Application->run()
#16 {main} {"exception":"[object] (ErrorException(code: 0): Creating default object from empty value at /home/srt/domains/api1.suratec.co.th/private_html/app/Http/Controllers/Auth/UpdataProfileController.php:151)
[stacktrace]
#0 /home/srt/domains/api1.suratec.co.th/private_html/app/Http/Controllers/Auth/UpdataProfileController.php(151): Laravel\\Lumen\\Application->Laravel\\Lumen\\Concerns\\{closure}(2, 'Creating defaul...', '/home/srt/domai...', 151, Array)
#1 [internal function]: App\\Http\\Controllers\\Auth\\UpdataProfileController->updataprofile(Object(Laravel\\Lumen\\Http\\Request))
#2 /home/srt/domains/api1.suratec.co.th/private_html/vendor/illuminate/container/BoundMethod.php(32): call_user_func_array(Array, Array)
#3 /home/srt/domains/api1.suratec.co.th/private_html/vendor/illuminate/container/BoundMethod.php(90): Illuminate\\Container\\BoundMethod::Illuminate\\Container\\{closure}()
#4 /home/srt/domains/api1.suratec.co.th/private_html/vendor/illuminate/container/BoundMethod.php(34): Illuminate\\Container\\BoundMethod::callBoundMethod(Object(Laravel\\Lumen\\Application), Array, Object(Closure))
#5 /home/srt/domains/api1.suratec.co.th/private_html/vendor/illuminate/container/Container.php(576): Illuminate\\Container\\BoundMethod::call(Object(Laravel\\Lumen\\Application), Array, Array, NULL)
#6 /home/srt/domains/api1.suratec.co.th/private_html/vendor/laravel/lumen-framework/src/Concerns/RoutesRequests.php(376): Illuminate\\Container\\Container->call(Array, Array)
#7 /home/srt/domains/api1.suratec.co.th/private_html/vendor/laravel/lumen-framework/src/Concerns/RoutesRequests.php(342): Laravel\\Lumen\\Application->callControllerCallable(Array, Array)
#8 /home/srt/domains/api1.suratec.co.th/private_html/vendor/laravel/lumen-framework/src/Concerns/RoutesRequests.php(316): Laravel\\Lumen\\Application->callLumenController(Object(App\\Http\\Controllers\\Auth\\UpdataProfileController), 'updataprofile', Array)
#9 /home/srt/domains/api1.suratec.co.th/private_html/vendor/laravel/lumen-framework/src/Concerns/RoutesRequests.php(278): Laravel\\Lumen\\Application->callControllerAction(Array)
#10 /home/srt/domains/api1.suratec.co.th/private_html/vendor/laravel/lumen-framework/src/Concerns/RoutesRequests.php(263): Laravel\\Lumen\\Application->callActionOnArrayBasedRoute(Array)
#11 /home/srt/domains/api1.suratec.co.th/private_html/vendor/laravel/lumen-framework/src/Concerns/RoutesRequests.php(165): Laravel\\Lumen\\Application->handleFoundRoute(Array)
#12 /home/srt/domains/api1.suratec.co.th/private_html/vendor/laravel/lumen-framework/src/Concerns/RoutesRequests.php(416): Laravel\\Lumen\\Application->Laravel\\Lumen\\Concerns\\{closure}(Object(Laravel\\Lumen\\Http\\Request))
#13 /home/srt/domains/api1.suratec.co.th/private_html/vendor/laravel/lumen-framework/src/Concerns/RoutesRequests.php(171): Laravel\\Lumen\\Application->sendThroughPipeline(Array, Object(Closure))
#14 /home/srt/domains/api1.suratec.co.th/private_html/vendor/laravel/lumen-framework/src/Concerns/RoutesRequests.php(108): Laravel\\Lumen\\Application->dispatch(NULL)
#15 /home/srt/domains/api1.suratec.co.th/private_html/index.php(28): Laravel\\Lumen\\Application->run()
#16 {main}
"} 
[2021-10-04 19:04:13] local.ERROR: ErrorException: Creating default object from empty value in /home/srt/domains/api1.suratec.co.th/private_html/app/Http/Controllers/Auth/UpdataProfileController.php:151
Stack trace:
#0 /home/srt/domains/api1.suratec.co.th/private_html/app/Http/Controllers/Auth/UpdataProfileController.php(151): Laravel\Lumen\Application->Laravel\Lumen\Concerns\{closure}(2, 'Creating defaul...', '/home/srt/domai...', 151, Array)
#1 [internal function]: App\Http\Controllers\Auth\UpdataProfileController->updataprofile(Object(Laravel\Lumen\Http\Request))
#2 /home/srt/domains/api1.suratec.co.th/private_html/vendor/illuminate/container/BoundMethod.php(32): call_user_func_array(Array, Array)
#3 /home/srt/domains/api1.suratec.co.th/private_html/vendor/illuminate/container/BoundMethod.php(90): Illuminate\Container\BoundMethod::Illuminate\Container\{closure}()
#4 /home/srt/domains/api1.suratec.co.th/private_html/vendor/illuminate/container/BoundMethod.php(34): Illuminate\Container\BoundMethod::callBoundMethod(Object(Laravel\Lumen\Application), Array, Object(Closure))
#5 /home/srt/domains/api1.suratec.co.th/private_html/vendor/illuminate/container/Container.php(576): Illuminate\Container\BoundMethod::call(Object(Laravel\Lumen\Application), Array, Array, NULL)
#6 /home/srt/domains/api1.suratec.co.th/private_html/vendor/laravel/lumen-framework/src/Concerns/RoutesRequests.php(376): Illuminate\Container\Container->call(Array, Array)
#7 /home/srt/domains/api1.suratec.co.th/private_html/vendor/laravel/lumen-framework/src/Concerns/RoutesRequests.php(342): Laravel\Lumen\Application->callControllerCallable(Array, Array)
#8 /home/srt/domains/api1.suratec.co.th/private_html/vendor/laravel/lumen-framework/src/Concerns/RoutesRequests.php(316): Laravel\Lumen\Application->callLumenController(Object(App\Http\Controllers\Auth\UpdataProfileController), 'updataprofile', Array)
#9 /home/srt/domains/api1.suratec.co.th/private_html/vendor/laravel/lumen-framework/src/Concerns/RoutesRequests.php(278): Laravel\Lumen\Application->callControllerAction(Array)
#10 /home/srt/domains/api1.suratec.co.th/private_html/vendor/laravel/lumen-framework/src/Concerns/RoutesRequests.php(263): Laravel\Lumen\Application->callActionOnArrayBasedRoute(Array)
#11 /home/srt/domains/api1.suratec.co.th/private_html/vendor/laravel/lumen-framework/src/Concerns/RoutesRequests.php(165): Laravel\Lumen\Application->handleFoundRoute(Array)
#12 /home/srt/domains/api1.suratec.co.th/private_html/vendor/laravel/lumen-framework/src/Concerns/RoutesRequests.php(416): Laravel\Lumen\Application->Laravel\Lumen\Concerns\{closure}(Object(Laravel\Lumen\Http\Request))
#13 /home/srt/domains/api1.suratec.co.th/private_html/vendor/laravel/lumen-framework/src/Concerns/RoutesRequests.php(171): Laravel\Lumen\Application->sendThroughPipeline(Array, Object(Closure))
#14 /home/srt/domains/api1.suratec.co.th/private_html/vendor/laravel/lumen-framework/src/Concerns/RoutesRequests.php(108): Laravel\Lumen\Application->dispatch(NULL)
#15 /home/srt/domains/api1.suratec.co.th/private_html/index.php(28): Laravel\Lumen\Application->run()
#16 {main} {"exception":"[object] (ErrorException(code: 0): Creating default object from empty value at /home/srt/domains/api1.suratec.co.th/private_html/app/Http/Controllers/Auth/UpdataProfileController.php:151)
[stacktrace]
#0 /home/srt/domains/api1.suratec.co.th/private_html/app/Http/Controllers/Auth/UpdataProfileController.php(151): Laravel\\Lumen\\Application->Laravel\\Lumen\\Concerns\\{closure}(2, 'Creating defaul...', '/home/srt/domai...', 151, Array)
#1 [internal function]: App\\Http\\Controllers\\Auth\\UpdataProfileController->updataprofile(Object(Laravel\\Lumen\\Http\\Request))
#2 /home/srt/domains/api1.suratec.co.th/private_html/vendor/illuminate/container/BoundMethod.php(32): call_user_func_array(Array, Array)
#3 /home/srt/domains/api1.suratec.co.th/private_html/vendor/illuminate/container/BoundMethod.php(90): Illuminate\\Container\\BoundMethod::Illuminate\\Container\\{closure}()
#4 /home/srt/domains/api1.suratec.co.th/private_html/vendor/illuminate/container/BoundMethod.php(34): Illuminate\\Container\\BoundMethod::callBoundMethod(Object(Laravel\\Lumen\\Application), Array, Object(Closure))
#5 /home/srt/domains/api1.suratec.co.th/private_html/vendor/illuminate/container/Container.php(576): Illuminate\\Container\\BoundMethod::call(Object(Laravel\\Lumen\\Application), Array, Array, NULL)
#6 /home/srt/domains/api1.suratec.co.th/private_html/vendor/laravel/lumen-framework/src/Concerns/RoutesRequests.php(376): Illuminate\\Container\\Container->call(Array, Array)
#7 /home/srt/domains/api1.suratec.co.th/private_html/vendor/laravel/lumen-framework/src/Concerns/RoutesRequests.php(342): Laravel\\Lumen\\Application->callControllerCallable(Array, Array)
#8 /home/srt/domains/api1.suratec.co.th/private_html/vendor/laravel/lumen-framework/src/Concerns/RoutesRequests.php(316): Laravel\\Lumen\\Application->callLumenController(Object(App\\Http\\Controllers\\Auth\\UpdataProfileController), 'updataprofile', Array)
#9 /home/srt/domains/api1.suratec.co.th/private_html/vendor/laravel/lumen-framework/src/Concerns/RoutesRequests.php(278): Laravel\\Lumen\\Application->callControllerAction(Array)
#10 /home/srt/domains/api1.suratec.co.th/private_html/vendor/laravel/lumen-framework/src/Concerns/RoutesRequests.php(263): Laravel\\Lumen\\Application->callActionOnArrayBasedRoute(Array)
#11 /home/srt/domains/api1.suratec.co.th/private_html/vendor/laravel/lumen-framework/src/Concerns/RoutesRequests.php(165): Laravel\\Lumen\\Application->handleFoundRoute(Array)
#12 /home/srt/domains/api1.suratec.co.th/private_html/vendor/laravel/lumen-framework/src/Concerns/RoutesRequests.php(416): Laravel\\Lumen\\Application->Laravel\\Lumen\\Concerns\\{closure}(Object(Laravel\\Lumen\\Http\\Request))
#13 /home/srt/domains/api1.suratec.co.th/private_html/vendor/laravel/lumen-framework/src/Concerns/RoutesRequests.php(171): Laravel\\Lumen\\Application->sendThroughPipeline(Array, Object(Closure))
#14 /home/srt/domains/api1.suratec.co.th/private_html/vendor/laravel/lumen-framework/src/Concerns/RoutesRequests.php(108): Laravel\\Lumen\\Application->dispatch(NULL)
#15 /home/srt/domains/api1.suratec.co.th/private_html/index.php(28): Laravel\\Lumen\\Application->run()
#16 {main}
"} 
[2021-10-04 20:01:30] local.ERROR: ErrorException: Undefined offset: 0 in /home/srt/domains/api1.suratec.co.th/private_html/vendor/illuminate/support/Collection.php:2040
Stack trace:
#0 /home/srt/domains/api1.suratec.co.th/private_html/vendor/illuminate/support/Collection.php(2040): Laravel\Lumen\Application->Laravel\Lumen\Concerns\{closure}(8, 'Undefined offse...', '/home/srt/domai...', 2040, Array)
#1 /home/srt/domains/api1.suratec.co.th/private_html/app/Http/Controllers/Auth/SurasoleController.php(57): Illuminate\Support\Collection->offsetGet(0)
#2 [internal function]: App\Http\Controllers\Auth\SurasoleController->getRecordData(Object(Laravel\Lumen\Http\Request))
#3 /home/srt/domains/api1.suratec.co.th/private_html/vendor/illuminate/container/BoundMethod.php(32): call_user_func_array(Array, Array)
#4 /home/srt/domains/api1.suratec.co.th/private_html/vendor/illuminate/container/BoundMethod.php(90): Illuminate\Container\BoundMethod::Illuminate\Container\{closure}()
#5 /home/srt/domains/api1.suratec.co.th/private_html/vendor/illuminate/container/BoundMethod.php(34): Illuminate\Container\BoundMethod::callBoundMethod(Object(Laravel\Lumen\Application), Array, Object(Closure))
#6 /home/srt/domains/api1.suratec.co.th/private_html/vendor/illuminate/container/Container.php(576): Illuminate\Container\BoundMethod::call(Object(Laravel\Lumen\Application), Array, Array, NULL)
#7 /home/srt/domains/api1.suratec.co.th/private_html/vendor/laravel/lumen-framework/src/Concerns/RoutesRequests.php(376): Illuminate\Container\Container->call(Array, Array)
#8 /home/srt/domains/api1.suratec.co.th/private_html/vendor/laravel/lumen-framework/src/Concerns/RoutesRequests.php(342): Laravel\Lumen\Application->callControllerCallable(Array, Array)
#9 /home/srt/domains/api1.suratec.co.th/private_html/vendor/laravel/lumen-framework/src/Concerns/RoutesRequests.php(316): Laravel\Lumen\Application->callLumenController(Object(App\Http\Controllers\Auth\SurasoleController), 'getRecordData', Array)
#10 /home/srt/domains/api1.suratec.co.th/private_html/vendor/laravel/lumen-framework/src/Concerns/RoutesRequests.php(278): Laravel\Lumen\Application->callControllerAction(Array)
#11 /home/srt/domains/api1.suratec.co.th/private_html/vendor/laravel/lumen-framework/src/Concerns/RoutesRequests.php(263): Laravel\Lumen\Application->callActionOnArrayBasedRoute(Array)
#12 /home/srt/domains/api1.suratec.co.th/private_html/vendor/laravel/lumen-framework/src/Concerns/RoutesRequests.php(165): Laravel\Lumen\Application->handleFoundRoute(Array)
#13 /home/srt/domains/api1.suratec.co.th/private_html/vendor/laravel/lumen-framework/src/Concerns/RoutesRequests.php(416): Laravel\Lumen\Application->Laravel\Lumen\Concerns\{closure}(Object(Laravel\Lumen\Http\Request))
#14 /home/srt/domains/api1.suratec.co.th/private_html/vendor/laravel/lumen-framework/src/Concerns/RoutesRequests.php(171): Laravel\Lumen\Application->sendThroughPipeline(Array, Object(Closure))
#15 /home/srt/domains/api1.suratec.co.th/private_html/vendor/laravel/lumen-framework/src/Concerns/RoutesRequests.php(108): Laravel\Lumen\Application->dispatch(NULL)
#16 /home/srt/domains/api1.suratec.co.th/private_html/index.php(28): Laravel\Lumen\Application->run()
#17 {main} {"exception":"[object] (ErrorException(code: 0): Undefined offset: 0 at /home/srt/domains/api1.suratec.co.th/private_html/vendor/illuminate/support/Collection.php:2040)
[stacktrace]
#0 /home/srt/domains/api1.suratec.co.th/private_html/vendor/illuminate/support/Collection.php(2040): Laravel\\Lumen\\Application->Laravel\\Lumen\\Concerns\\{closure}(8, 'Undefined offse...', '/home/srt/domai...', 2040, Array)
#1 /home/srt/domains/api1.suratec.co.th/private_html/app/Http/Controllers/Auth/SurasoleController.php(57): Illuminate\\Support\\Collection->offsetGet(0)
#2 [internal function]: App\\Http\\Controllers\\Auth\\SurasoleController->getRecordData(Object(Laravel\\Lumen\\Http\\Request))
#3 /home/srt/domains/api1.suratec.co.th/private_html/vendor/illuminate/container/BoundMethod.php(32): call_user_func_array(Array, Array)
#4 /home/srt/domains/api1.suratec.co.th/private_html/vendor/illuminate/container/BoundMethod.php(90): Illuminate\\Container\\BoundMethod::Illuminate\\Container\\{closure}()
#5 /home/srt/domains/api1.suratec.co.th/private_html/vendor/illuminate/container/BoundMethod.php(34): Illuminate\\Container\\BoundMethod::callBoundMethod(Object(Laravel\\Lumen\\Application), Array, Object(Closure))
#6 /home/srt/domains/api1.suratec.co.th/private_html/vendor/illuminate/container/Container.php(576): Illuminate\\Container\\BoundMethod::call(Object(Laravel\\Lumen\\Application), Array, Array, NULL)
#7 /home/srt/domains/api1.suratec.co.th/private_html/vendor/laravel/lumen-framework/src/Concerns/RoutesRequests.php(376): Illuminate\\Container\\Container->call(Array, Array)
#8 /home/srt/domains/api1.suratec.co.th/private_html/vendor/laravel/lumen-framework/src/Concerns/RoutesRequests.php(342): Laravel\\Lumen\\Application->callControllerCallable(Array, Array)
#9 /home/srt/domains/api1.suratec.co.th/private_html/vendor/laravel/lumen-framework/src/Concerns/RoutesRequests.php(316): Laravel\\Lumen\\Application->callLumenController(Object(App\\Http\\Controllers\\Auth\\SurasoleController), 'getRecordData', Array)
#10 /home/srt/domains/api1.suratec.co.th/private_html/vendor/laravel/lumen-framework/src/Concerns/RoutesRequests.php(278): Laravel\\Lumen\\Application->callControllerAction(Array)
#11 /home/srt/domains/api1.suratec.co.th/private_html/vendor/laravel/lumen-framework/src/Concerns/RoutesRequests.php(263): Laravel\\Lumen\\Application->callActionOnArrayBasedRoute(Array)
#12 /home/srt/domains/api1.suratec.co.th/private_html/vendor/laravel/lumen-framework/src/Concerns/RoutesRequests.php(165): Laravel\\Lumen\\Application->handleFoundRoute(Array)
#13 /home/srt/domains/api1.suratec.co.th/private_html/vendor/laravel/lumen-framework/src/Concerns/RoutesRequests.php(416): Laravel\\Lumen\\Application->Laravel\\Lumen\\Concerns\\{closure}(Object(Laravel\\Lumen\\Http\\Request))
#14 /home/srt/domains/api1.suratec.co.th/private_html/vendor/laravel/lumen-framework/src/Concerns/RoutesRequests.php(171): Laravel\\Lumen\\Application->sendThroughPipeline(Array, Object(Closure))
#15 /home/srt/domains/api1.suratec.co.th/private_html/vendor/laravel/lumen-framework/src/Concerns/RoutesRequests.php(108): Laravel\\Lumen\\Application->dispatch(NULL)
#16 /home/srt/domains/api1.suratec.co.th/private_html/index.php(28): Laravel\\Lumen\\Application->run()
#17 {main}
"} 
